<?xml version="1.0" encoding="UTF-8"?>
<testsuite name="MainTest" tests="1" skipped="0" failures="0" errors="0" timestamp="2024-01-22T23:36:17" hostname="Ahmads-MacBook-Air.local" time="0.685">
  <properties/>
  <testcase name="start" classname="MainTest" time="0.685"/>
  <system-out><![CDATA[?[1;31m
Start test 1?[0m
%PDF%PDF%PDF%PDF%PDF%PDF%PDF%PDF%PDF%PDF%PDF%PDF%PDF%PDF%PDF%PDF%PDF%PDF%PDF%PDF%PDF%PDF%PDF%PDF%PDF%PDF%PDF%PDF%PDF%PDF%PDF%PDF%PDF%PDF%PDF%PDF%PDF%PDF%PDF%PDF%PDF%PDF%PDF%PDF%PDF%PDF%PDF%PDF%PDF%PDF%PDF%PDF%PDF%PDF%PDF%PDF%PDF%PDF%PDF%PDF%PDF%PDF%PDF%PDF%PDF%PDF%PDF%PDF%PDF%PDF%PDF%PDF%PDF%PDF%PDF%PDF%PDF%PDF%PDF%PDF%PDF%PDF%PDF%PDF%PDF%PDF%PDF%PDF%PDF%PDF%PDF%PDF%PDF%PDF%PDF%PDF%PDF%PDF%PDF%PDF%PDF%PDF%PDF%PDF%PDF%PDF%PDF%PDF%PDF%PDF%PDF%PDF%PDF%PDF%PDF%PDF%PDF%PDF%PDF%PDF%PDF%PDF%PDF%PDF%PDF%PDF%PDF%PDF%PDF%PDF%PDF%PDF%PDF%PDF%PDF%PDF%PDF%PDF%PDF%PDF%PDF%PDF%PDF%PDF%PDF%PDF%PDF%PDF%PDF%PDF%PDF%PDF%PDF%PDF%PDF%PDF%PDF%PDF%PDF%PDF%PDF%PDF%PDF%PDF%PDF%PDF%PDF%PDF%PDF%PDF%PDF%PDF%PDF%PDF%PDF%PDF%PDF%PDF%PDF%PDF%PDF%PDF%PDF%PDF%PDF%PDF%PDF%PDF%PDF%PDF%PDF%PDF%PDF%PDF%PDF%PDF%PDF%PDF%PDF%PDF%PDF%PDF%PDF%PDF%PDF%PDF%PDF%PDF%PDF%PDF%PDF%PDF%PDF%PDF%PDF%PDF%PDF%PDF%PDF%PDF%PDF%PDF%PDF%PDF%PDF%PDF%PDF%PDF%PDF%PDF%PDF%PDF%PDF%PDF%PDF%PDF%PDF%PDF%PDF%PDF%PDF%PDF%PDF%PDF%PDF%PDF%PDF%PDF%PDF%PDF%PDF%PDF%PDF%PDF%PDF%PDF%PDF%PDF%PDF%PDF%PDF%PDF%PDF%PDF%PDF%PDF%PDF%PDF%PDF%PDF%PDF%PDF%PDF%PDF%PDF%PDF%PDF%PDF%PDF%PDF%PDF%PDF%PDF%PDF%PDF%PDF%PDF%PDF%PDF%PDF%PDF%PDF%PDF%PDF%PDF%PDF%PDF%PDF%PDF%PDF%PDF%PDF%PDF%PDF%PDF%PDF%PDF%PDF%PDF%PDF%PDF%PDF%PDF%PDF%PDF%PDF%PDF%PDF%PDF%PDF%PDF%PDF%PDF%PDF%PDF%PDF%PDF%PDF%PDF%PDF%PDF%PDF%PDF%PDF%PDF%PDF%PDF%PDF%PDF%PDF%PDF%PDF%PDF%PDF%PDF%PDF%PDF%PDF%PDF%PDF%PDF%PDF%PDF%PDF%PDF%PDF%PDF%PDF%PDF%PDF%PDF%PDF%PDF%PDF%PDF%PDF%PDF%PDF%PDF%PDF%PDF%PDF%PDF%PDF%PDF%PDF%PDF%PDF%PDF%PDF%PDF%PDF%PDF%PDF%PDF%PDF%PDF%PDF%PDF%PDF%PDF%PDF%PDF%PDF%PDF%PDF%PDF%PDF%PDF%PDF%PDF%PDF%PDF%PDF%PDF%PDF%PDF%PDF%PDF%PDF%PDF%PDF%PDF%PDF%PDF%PDF%PDF%PDF%PDF%PDF%PDF%PDF%PDF%PDF%PDF%PDF%PDF%PDF%PDF%PDF%PDF%PDF%PDF%PDF%PDF%PDF%PDF%PDF%PDF%PDF%PDF%PDF%PDF%PDF%PDF%PDF%PDF%PDF%PDF%PDF%PDF%PDF%PDF%PDF%PDF%PDF%PDF%PDF%PDF%PDF%PDF%PDF%PDF%PDF%PDF%PDF%PDF%PDF%PDF%PDF%PDF%PDF%PDF%PDF%PDF%PDF%PDF%PDF%PDF%PDF%PDF%PDF%PDF%PDF%PDF%PDF%PDF%PDF%PDF%PDF%PDF%PDF%PDF%PDF%PDF%PDF%PDF%PDF%PDF%PDF%PDF%PDF%PDF%PDF%PDF%PDF%PDF%PDF%PDF%PDF%PDF%PDF%PDF%PDF%PDF%PDF%PDF%PDF%PDF%PDF%PDF%PDF%PDF%PDF%PDF%PDF%PDF%PDF%PDF%PDF%PDF%PDF%PDF%PDF%PDF%PDF%PDF%PDF%PDF%PDF%PDF%PDF%PDF%PDF%PDF%PDF%PDF%PDF%PDF%PDF%PDF%PDF%PDF%PDF%PDF%PDF%PDF%PDF%PDF%PDF%PDF%PDF%PDF%PDF%PDF%PDF%PDF%PDF%PDF%PDF%PDF%PDF%PDF%PDF%PDF%PDF%PDF%PDF%PDF%PDF%PDF%PDF%PDF%PDF%PDF%PDF%PDF%PDF%PDF%PDF%PDF%PDF%PDF%PDF%PDF%PDF%PDF%PDF%PDF%PDF%PDF%PDF%PDF%PDF%PDF%PDF%PDF%PDF%PDF%PDF%PDF%PDF%PDF%PDF%PDF%PDF%PDF%PDF%PDF%PDF%PDF%PDF%PDF%PDF%PDF%PDF%PDF%PDF%PDF%PDF%PDF%PDF%PDF%PDF%PDF%PDF%PDF%PDF%PDF%PDF%PDF%PDF%PDF%PDF%PDF%PDF%PDF%PDF%PDF%PDF%PDF%PDF%PDF%PDF%PDF%PDF%PDF%PDF%PDF%PDF%PDF%PDF%PDF%PDF%PDF%PDF%PDF%PDF%PDF%PDF%PDF%PDF%PDF%PDF%PDF%PDF%PDF%PDF%PDF%PDF%PDF%PDF%PDF%PDF%PDF%PDF%PDF%PDF%PDF%PDF%PDF%PDF%PDF%PDF%PDF%PDF%PDF%PDF%PDF%PDF%PDF%PDF%PDF%PDF%PDF%PDF%PDF%PDF%PDF%PDF%PDF%PDF%PDF%PDF%PDF%PDF%PDF%PDF%PDF%PDF%PDF%PDF%PDF%PDF%PDF%PDF%PDF%PDF%PDF%PDF%PDF%PDF%PDF%PDF%PDF%PDF%PDF%PDF%PDF%PDF%PDF%PDF%PDF%PDF%PDF%PDF%PDF%PDF%PDF%PDF%PDF%PDF%PDF%PDF%PDF%PDF%PDF%PDF%PDF%PDF%PDF%PDF%PDF%PDF%PDF%PDF%PDF%PDF%PDF%PDF%PDF%PDF%PDF%PDF%PDF%PDF%PDF%PDF%PDF%PDF%PDF%PDF%PDF%PDF%PDF%PDF%PDF%PDF%PDF%PDF%PDF%PDF%PDF%PDF%PDF%PDF%PDF%PDF%PDF%PDF%PDF%PDF%PDF%PDF%PDF%PDF%PDF%PDF%PDF%PDF%PDF%PDF%PDF%PDF%PDF%PDF%PDF%PDF%PDF%PDF%PDF%PDF%PDF%PDF%PDF%PDF%PDF%PDF%PDF%PDF%PDF%PDF%PDF%PDF%PDF%PDF%PDF%PDF%PDF%PDF%PDF%PDF%PDF%PDF%PDF%PDF%PDF%PDF%PDF%PDF%PDF%PDF%PDF%PDF%PDF%PDF%PDF%PDF%PDF%PDF%PDF%PDF%PDF%PDF%PDF%PDF%PDF%PDF%PDF%PDF%PDF%PDF%PDF%PDF%PDF%PDF%PDF%PDF%PDF%PDF%PDF%PDF%PDF%PDF%PDF%PDF%PDF%PDF%PDF%PDF%PDF%PDF%PDF%PDF%PDF%PDF%PDF%PDF%PDF%PDF%PDF%PDF%PDF%PDF%PDF%PDF%PDF%PDF%PDF%PDF%PDF%PDF%PDF%PDF%PDF%PDF%PDF%PDF%PDF%PDF%PDF%PDF%PDF%PDF%PDF%PDF%PDF%PDF%PDF%PDF%PDF%PDF%PDF%PDF%PDF%PDF%PDF%PDF%PDF%PDF%PDF%PDF%PDF%PDF%PDF%PDF%PDF%PDF%PDF%PDF%PDF%PDF%PDF%PDF%PDF%PDF%PDF%PDF%PDF%PDF%PDF%PDF%PDF%PDF%PDF%PDF%PDF%PDF%PDF%PDF%PDF%PDF%PDF%PDF%PDF%PDF%PDF%PDF%PDF%PDF%PDF%PDF%PDF%PDF%PDF%PDF%PDF%PDF%PDF%PDF%PDF%PDF%PDF%PDF%PDF%PDF%PDF%PDF%PDF%PDF%PDF%PDF%PDF%PDF%PDF%PDF%PDF%PDF%PDF%PDF%PDF%PDF%PDF%PDF%PDF%PDF%PDF%PDF%PDF%PDF%PDF%PDF%PDF%PDF%PDF%PDF%PDF%PDF%PDF%PDF%PDF%PDF%PDF%PDF%PDF%PDF%PDF%PDF%PDF%PDF%PDF%PDF%PDF%PDF%PDF%PDF%PDF%PDF%PDF%PDF%PDF%PDF%PDF%PDF%PDF%PDF%PDF%PDF%PDF%PDF%PDF%PDF%PDF%PDF%PDF%PDF%PDF%PDF%PDF%PDF%PDF%PDF%PDF%PDF%PDF%PDF%PDF%PDF%PDF%PDF%PDF%PDF%PDF%PDF%PDF%PDF%PDF%PDF%PDF%PDF%PDF%PDF%PDF%PDF%PDF%PDF%PDF%PDF%PDF%PDF%PDF%PDF%PDF%PDF%PDF%PDF%PDF%PDF%PDF%PDF%PDF%PDF%PDF%PDF%PDF%PDF%PDF%PDF%PDF%PDF%PDF%PDF%PDF%PDF%PDF%PDF%PDF%PDF%PDF%PDF%PDF%PDF%PDF%PDF%PDF%PDF%PDF%PDF%PDF%PDF%PDF%PDF%PDF%PDF%PDF%PDF%PDF%PDF%PDF%PDF%PDF%PDF%PDF%PDF%PDF%PDF%PDF%PDF%PDF%PDF%PDF%PDF%PDF%PDF%PDF%PDF%PDF%PDF%PDF%PDF%PDF%PDF%PDF%PDF%PDF%PDF%PDF%PDF%PDF%PDF%PDF%PDF%PDF%PDF%PDF%PDF%PDF%PDF%PDF%PDF%PDF%PDF%PDF%PDF%PDF%PDF%PDF%PDF%PDF%PDF%PDF%PDF%PDF%PDF%PDF%PDF%PDF%PDF%PDF%PDF%PDF%PDF%PDF%PDF%PDF%PDF%PDF%PDF%PDF%PDF%PDF%PDF%PDF%PDF%PDF%PDF%PDF%PDF%PDF%PDF%PDF%PDF%PDF%PDF%PDF%PDF%PDF%PDF%PDF%PDF%PDF%PDF%PDF%PDF%PDF%PDF%PDF%PDF%PDF%PDF%PDF%PDF%PDF%PDF%PDF%PDF%PDF%PDF%PDF%PDF%PDF%PDF%PDF%PDF%PDF%PDF%PDF%PDF%PDF%PDF%PDF%PDF%PDF%PDF%PDF%PDF%PDF%PDF%PDF%PDF%PDF%PDF%PDF%PDF%PDF%PDF%PDF%PDF%PDF%PDF%PDF%PDF%PDF%PDF%PDF%PDF%PDF%PDF%PDF%PDF%PDF%PDF%PDF%PDF%PDF%PDF%PDF%PDF%PDF%PDF%PDF%PDF%PDF%PDF%PDF%PDF%PDF%PDF%PDF%PDF%PDF%PDF%PDF%PDF%PDF%PDF%PDF%PDF%PDF%PDF%PDF%PDF%PDF%PDF%PDF%PDF%PDF%PDF%PDF%PDF%PDF%PDF%PDF%PDF%PDF%PDF%PDF%PDF%PDF%PDF%PDF%PDF%PDF%PDF%PDF%PDF%PDF%PDF%PDF%PDF%PDF%PDF%PDF%PDF%PDF%PDF%PDF%PDF%PDF%PDF%PDF%PDF%PDF%PDF%PDF%PDF%PDF%PDF%PDF%PDF%PDF%PDF%PDF%PDF%PDF%PDF%PDF%PDF%PDF%PDF%PDF%PDF%PDF%PDF%PDF%PDF%PDF%PDF%PDF%PDF%PDF%PDF%PDF%PDF%PDF%PDF%PDF%PDF%PDF%PDF%PDF%PDF%PDF%PDF%PDF%PDF%PDF%PDF%PDF%PDF%PDF%PDF%PDF%PDF%PDF%PDF%PDF%PDF%PDF%PDF%PDF%PDF%PDF%PDF%PDF%PDF%PDF%PDF%PDF%PDF%PDF%PDF%PDF%PDF%PDF%PDF%PDF%PDF%PDF%PDF%PDF%PDF%PDF%PDF%PDF%PDF%PDF%PDF%PDF%PDF%PDF%PDF%PDF%PDF%PDF%PDF%PDF%PDF%PDF%PDF%PDF%PDF%PDF%PDF%PDF%PDF%PDF%PDF%PDF%PDF%PDF%PDF%PDF%PDF%PDF%PDF%PDF%PDF%PDF%PDF%PDF%PDF%PDF%PDF%PDF%PDF%PDF%PDF%PDF%PDF%PDF%PDF%PDF%PDF%PDF%PDF%PDF%PDF%PDF%PDF%PDF%PDF%PDF%PDF%PDF%PDF%PDF%PDF%PDF%PDF%PDF%PDF%PDF%PDF%PDF%PDF%PDF%PDF%PDF%PDF%PDF%PDF%PDF%PDF%PDF%PDF%PDF%PDF%PDF%PDF%PDF%PDF%PDF%PDF%PDF%PDF%PDF%PDF%PDF%PDF%PDF%PDF%PDF%PDF%PDF%PDF%PDF%PDF%PDF%PDF%PDF%PDF%PDF%PDF%PDF%PDF%PDF%PDF%PDF%PDF%PDF%PDF%PDF%PDF%PDF%PDF%PDF%PDF%PDF%PDF%PDF%PDF%PDF%PDF%PDF%PDF%PDF%PDF%PDF%PDF%PDF%PDF%PDF%PDF%PDF%PDF%PDF%PDF%PDF%PDF%PDF%PDF%PDF%PDF%PDF%PDF%PDF%PDF%PDF%PDF%PDF%PDF%PDF%PDF%PDF%PDF%PDF%PDF%PDF%PDF%PDF%PDF%PDF%PDF%PDF%PDF%PDF%PDF%PDF%PDF%PDF%PDF%PDF%PDF%PDF%PDF%PDF%PDF%PDF%PDF%PDF%PDF%PDF%PDF%PDF%PDF%PDF%PDF%PDF%PDF%PDF%PDF%PDF%PDF%PDF%PDF%PDF%PDF%PDF%PDF%PDF%PDF%PDF%PDF%PDF%PDF%PDF%PDF%PDF%PDF%PDF%PDF%PDF%PDF%PDF%PDF%PDF%PDF%PDF%PDF%PDF%PDF%PDF%PDF%PDF%PDF%PDF%PDF%PDF%PDF%PDF%PDF%PDF%PDF%PDF%PDF%PDF%PDF%PDF%PDF%PDF%PDF%PDF%PDF%PDF%PDF%PDF%PDF%PDF%PDF%PDF%PDF%PDF%PDF%PDF%PDF%PDF%PDF%PDF%PDF%PDF%PDF%PDF%PDF%PDF%PDF%PDF%PDF%PDF%PDF%PDF%PDF%PDF%PDF%PDF%PDF%PDF%PDF%PDF%PDF%PDF%PDF%PDF%PDF%PDF%PDF%PDF%PDF%PDF%PDF%PDF%PDF%PDF%PDF%PDF%PDF%PDF%PDF%PDF%PDF%PDF%PDF%PDF%PDF%PDF%PDF%PDF%PDF%PDF%PDF%PDF%PDF%PDF%PDF%PDF%PDF%PDF%PDF%PDF%PDF%PDF%PDF%PDF%PDF%PDF%PDF%PDF%PDF%PDF%PDF%PDF%PDF%PDF%PDF%PDF%PDF%PDF%PDF%PDF%PDF%PDF%PDF%PDF%PDF%PDF%PDF%PDF%PDF%PDF%PDF%PDF%PDF%PDF%PDF%PDF%PDF%PDF%PDF%PDF%PDF%PDF%PDF%PDF%PDF%PDF%PDF%PDF%PDF%PDF%PDF%PDF%PDF%PDF%PDF%PDF%PDF%PDF%PDF%PDF%PDF%PDF%PDF%PDF%PDF%PDF%PDF%PDF%PDF%PDF%PDF%PDF%PDF%PDF%PDF%PDF%PDF%PDF%PDF%PDF%PDF%PDF%PDF%PDF%PDF%PDF%PDF%PDF%PDF%PDF%PDF%PDF%PDF%PDF%PDF%PDF%PDF%PDF%PDF%PDF%PDF%PDF%PDF%PDF%PDF%PDF%PDF%PDF%PDF%PDF%PDF%PDF%PDF%PDF%PDF%PDF%PDF%PDF%PDF%PDF%PDF%PDF%PDF%PDF%PDF%PDF%PDF%PDF%PDF%PDF%PDF%PDF%PDF%PDF%PDF%PDF%PDF%PDF%PDF%PDF%PDF%PDF%PDF%PDF%PDF%PDF%PDF%PDF%PDF%PDF%PDF%PDF%PDF%PDF%PDF%PDF%PDF%PDF%PDF%PDF%PDF%PDF%PDF%PDF%PDF%PDF%PDF%PDF%PDF%PDF%PDF%PDF%PDF%PDF%PDF%PDF%PDF%PDF%PDF%PDF%PDF%PDF%PDF%PDF%PDF%PDF%PDF%PDF%PDF%PDF%PDF%PDF%PDF%PDF%PDF%PDF%PDF%PDF%PDF%PDF%PDF%PDF%PDF%PDF%PDF%PDF%PDF%PDF%PDF%PDF%PDF%PDF%PDF%PDF%PDF%PDF%PDF%PDF%PDF%PDF%PDF%PDF%PDF%PDF%PDF%PDF%PDF%PDF%PDF%PDF%PDF%PDF%PDF%PDF%PDF%PDF%PDF%PDF%PDF%PDF%PDF%PDF%PDF%PDF%PDF%PDF%PDF%PDF%PDF%PDF%PDF%PDF%PDF%PDF%PDF%PDF%PDF%PDF%PDF%PDF%PDF%PDF%PDF%PDF%PDF%PDF%PDF%PDF%PDF%PDF%PDF%PDF%PDF%PDF%PDF%PDF%PDF%PDF%PDF%PDF%PDF%PDF%PDF%PDF%PDF%PDF%PDF%PDF%PDF%PDF%PDF%PDF%PDF%PDF%PDF%PDF%PDF%PDF%PDF%PDF%PDF%PDF%PDF%PDF%PDF%PDF%PDF%PDF%PDF%PDF%PDF%PDF%PDF%PDF%PDF%PDF%PDF%PDF%PDF%PDF%PDF%PDF%PDF%PDF%PDF%PDF%PDF%PDF%PDF%PDF%PDF%PDF%PDF%PDF%PDF%PDF%PDF%PDF%PDF%PDF%PDF%PDF%PDF%PDF%PDF%PDF%PDF%PDF%PDF%PDF%PDF%PDF%PDF%PDF%PDF%PDF%PDF%PDF%PDF%PDF%PDF%PDF%PDF%PDF%PDF%PDF%PDF%PDF%PDF%PDF%PDF%PDF%PDF%PDF%PDF%PDF%PDF%PDF%PDF%PDF%PDF%PDF%PDF%PDF%PDF%PDF%PDF%PDF%PDF%PDF%PDF%PDF%PDF%PDF%PDF%PDF%PDF%PDF%PDF%PDF%PDF%PDF%PDF%PDF%PDF%PDF%PDF%PDF%PDF%PDF%PDF%PDF%PDF%PDF%PDF%PDF%PDF%PDF%PDF%PDF%PDF%PDF%PDF%PDF%PDF%PDF%PDF%PDF%PDF%PDF%PDF%PDF%PDF%PDF%PDF%PDF%PDF%PDF%PDF%PDF%PDF%PDF%PDF%PDF%PDF%PDF%PDF%PDF%PDF%PDF%PDF%PDF%PDF%PDF%PDF%PDF%PDF%PDF%PDF%PDF%PDF%PDF%PDF%PDF%PDF%PDF%PDF%PDF%PDF%PDF%PDF%PDF%PDF%PDF%PDF%PDF%PDF%PDF%PDF%PDF%PDF%PDF%PDF%PDF%PDF%PDF%PDF%PDF%PDF%PDF%PDF%PDF%PDF%PDF%PDF%PDF%PDF%PDF%PDF%PDF%PDF%PDF%PDF%PDF%PDF%PDF%PDF%PDF%PDF%PDF%PDF%PDF%PDF%PDF%PDF%PDF%PDF%PDF%PDF%PDF%PDF%PDF%PDF%PDF%PDF%PDF%PDF%PDF%PDF%PDF%PDF%PDF%PDF%PDF%PDF%PDF%PDF%PDF%PDF%PDF%PDF%PDF%PDF%PDF%PDF%PDF%PDF%PDF%PDF%PDF%PDF%PDF%PDF%PDF%PDF%PDF%PDF%PDF%PDF%PDF%PDF%PDF%PDF%PDF%PDF%PDF%PDF%PDF%PDF%PDF%PDF%PDF%PDF%PDF%PDF%PDF%PDF%PDF%PDF%PDF%PDF%PDF%PDF%PDF%PDF%PDF%PDF%PDF%PDF%PDF%PDF%PDF%PDF%PDF%PDF%PDF%PDF%PDF%PDF%PDF%PDF%PDF%PDF%PDF%PDF%PDF%PDF%PDF%PDF%PDF%PDF%PDF%PDF%PDF%PDF%PDF%PDF%PDF%PDF%PDF%PDF%PDF%PDF%PDF%PDF%PDF%PDF%PDF%PDF%PDF%PDF%PDF%PDF%PDF%PDF%PDF%PDF%PDF%PDF%PDF%PDF%PDF%PDF%PDF%PDF%PDF%PDF%PDF%PDF%PDF%PDF%PDF%PDF%PDF%PDF%PDF%PDF%PDF%PDF%PDF%PDF%PDF%PDF%PDF%PDF%PDF%PDF%PDF%PDF%PDF%PDF%PDF%PDF%PDF%PDF%PDF%PDF%PDF%PDF%PDF%PDF%PDF%PDF%PDF%PDF%PDF%PDF%PDF%PDF%PDF%PDF%PDF%PDF%PDF%PDF%PDF%PDF%PDF%PDF%PDF%PDF%PDF%PDF%PDF%PDF%PDF%PDF%PDF%PDF%PDF%PDF%PDF%PDF%PDF%PDF%PDF%PDF%PDF%PDF%PDF%PDF%PDF%PDF%PDF%PDF%PDF%PDF%PDF%PDF%PDF%PDF%PDF%PDF%PDF%PDF%PDF%PDF%PDF%PDF%PDF%PDF%PDF%PDF%PDF%PDF%PDF%PDF%PDF%PDF%PDF%PDF%PDF%PDF%PDF%PDF%PDF%PDF%PDF%PDF%PDF%PDF%PDF%PDF%PDF%PDF%PDF%PDF%PDF%PDF%PDF%PDF%PDF%PDF%PDF%PDF%PDF%PDF%PDF%PDF%PDF%PDF%PDF%PDF%PDF%PDF%PDF%PDF%PDF%PDF%PDF%PDF%PDF%PDF%PDF%PDF%PDF%PDF%PDF%PDF%PDF%PDF%PDF%PDF%PDF%PDF%PDF%PDF%PDF%PDF%PDF%PDF%PDF%PDF%PDF%PDF%PDF%PDF%PDF%PDF%PDF%PDF%PDF%PDF%PDF%PDF%PDF%PDF%PDF%PDF%PDF%PDF%PDF%PDF%PDF%PDF%PDF%PDF%PDF%PDF%PDF%PDF%PDF%PDF%PDF%PDF%PDF%PDF%PDF%PDF%PDF%PDF%PDF%PDF%PDF%PDF%PDF%PDF%PDF%PDF%PDF%PDF%PDF%PDF%PDF%PDF%PDF%PDF%PDF%PDF%PDF%PDF%PDF%PDF%PDF%PDF%PDF%PDF%PDF%PDF%PDF%PDF%PDF%PDF%PDF%PDF%PDF%PDF%PDF%PDF%PDF%PDF%PDF%PDF%PDF%PDF%PDF%PDF%PDF%PDF%PDF%PDF%PDF%PDF%PDF%PDF%PDF%PDF%PDF%PDF%PDF%PDF%PDF%PDF%PDF%PDF%PDF%PDF%PDF%PDF%PDF%PDF%PDF%PDF%PDF%PDF%PDF%PDF%PDF%PDF%PDF%PDF%PDF%PDF%PDF%PDF%PDF%PDF%PDF%PDF%PDF%PDF%PDF%PDF%PDF%PDF%PDF%PDF%PDF%PDF%PDF%PDF%PDF%PDF%PDF%PDF%PDF%PDF%PDF%PDF%PDF%PDF%PDF%PDF%PDF%PDF%PDF%PDF%PDF%PDF%PDF%PDF%PDF%PDF%PDF%PDF%PDF%PDF%PDF%PDF%PDF%PDF%PDF%PDF%PDF%PDF%PDF%PDF%PDF%PDF%PDF%PDF%PDF%PDF%PDF%PDF%PDF%PDF%PDF%PDF%PDF%PDF%PDF%PDF%PDF%PDF%PDF%PDF%PDF%PDF%PDF%PDF%PDF%PDF%PDF%PDF%PDF%PDF%PDF%PDF%PDF%PDF%PDF%PDF%PDF%PDF%PDF%PDF%PDF%PDF%PDF%PDF%PDF%PDF%PDF%PDF%PDF%PDF%PDF%PDF%PDF%PDF%PDF%PDF%PDF%PDF%PDF%PDF%PDF%PDF%PDF%PDF%PDF%PDF%PDF%PDF%PDF%PDF%PDF%PDF%PDF%PDF%PDF%PDF%PDF%PDF%PDF%PDF%PDF%PDF%PDF%PDF%PDF%PDF%PDF%PDF%PDF%PDF%PDF%PDF%PDF%PDF%PDF%PDF%PDF%PDF%PDF%PDF%PDF%PDF%PDF%PDF%PDF%PDF%PDF%PDF%PDF%PDF%PDF%PDF%PDF%PDF%PDF%PDF%PDF%PDF%PDF%PDF%PDF%PDF%PDF%PDF%PDF%PDF%PDF%PDF%PDF%PDF%PDF%PDF%PDF%PDF%PDF%PDF%PDF%PDF%PDF%PDF%PDF%PDF%PDF%PDF%PDF%PDF%PDF%PDF%PDF%PDF%PDF%PDF%PDF%PDF%PDF%PDF%PDF%PDF%PDF%PDF%PDF%PDF%PDF%PDF%PDF%PDF%PDF%PDF%PDF%PDF%PDF%PDF%PDF%PDF%PDF%PDF%PDF%PDF%PDF%PDF%PDF%PDF%PDF%PDF%PDF%PDF%PDF%PDF%PDF%PDF%PDF%PDF%PDF%PDF%PDF%PDF%PDF%PDF%PDF%PDF%PDF%PDF%PDF%PDF%PDF%PDF%PDF%PDF%PDF%PDF%PDF%PDF%PDF%PDF%PDF%PDF%PDF%PDF%PDF%PDF%PDF%PDF%PDF%PDF%PDF%PDF%PDF%PDF%PDF%PDF%PDF%PDF%PDF%PDF%PDF%PDF%PDF%PDF%PDF%PDF%PDF%PDF%PDF%PDF%PDF%PDF%PDF%PDF%PDF%PDF%PDF%PDF%PDF%PDF%PDF%PDF%PDF%PDF%PDF%PDF%PDF%PDF%PDF%PDF%PDF%PDF%PDF%PDF%PDF%PDF%PDF%PDF%PDF%PDF%PDF%PDF%PDF%PDF%PDF%PDF%PDF%PDF%PDF%PDF%PDF%PDF%PDF%PDF%PDF%PDF%PDF%PDF%PDF%PDF%PDF%PDF%PDF%PDF%PDF%PDF%PDF%PDF%PDF%PDF%PDF%PDF%PDF%PDF%PDF%PDF%PDF%PDF%PDF%PDF%PDF%PDF%PDF%PDF%PDF%PDF%PDF%PDF%PDF%PDF%PDF%PDF%PDF%PDF%PDF%PDF%PDF%PDF%PDF%PDF%PDF%PDF%PDF%PDF%PDF%PDF%PDF%PDF%PDF%PDF%PDF%PDF%PDF%PDF%PDF%PDF%PDF%PDF%PDF%PDF%PDF%PDF%PDF%PDF%PDF%PDF%PDF%PDF%PDF%PDF%PDF%PDF%PDF%PDF%PDF%PDF%PDF%PDF%PDF%PDF%PDF%PDF%PDF%PDF%PDF%PDF%PDF%PDF%PDF%PDF%PDF%PDF%PDF%PDF%PDF%PDF%PDF%PDF%PDF%PDF%PDF%PDF%PDF%PDF%PDF%PDF%PDF%PDF%PDF%PDF%PDF%PDF%PDF%PDF%PDF%PDF%PDF%PDF%PDF%PDF%PDF%PDF%PDF%PDF%PDF%PDF%PDF%PDF%PDF%PDF%PDF%PDF%PDF%PDF%PDF%PDF%PDF%PDF%PDF%PDF%PDF%PDF%PDF%PDF%PDF%PDF%PDF%PDF%PDF%PDF%PDF%PDF%PDF%PDF%PDF%PDF%PDF%PDF%PDF%PDF%PDF%PDF%PDF%PDF%PDF%PDF%PDF%PDF%PDF%PDF%PDF%PDF%PDF%PDF%PDF%PDF%PDF%PDF%PDF%PDF%PDF%PDF%PDF%PDF%PDF%PDF%PDF%PDF%PDF%PDF%PDF%PDF%PDF%PDF%PDF%PDF%PDF%PDF%PDF%PDF%PDF%PDF%PDF%PDF%PDF%PDF%PDF%PDF%PDF%PDF%PDF%PDF%PDF%PDF%PDF%PDF%PDF%PDF%PDF%PDF%PDF%PDF%PDF%PDF%PDF%PDF%PDF%PDF%PDF%PDF%PDF%PDF%PDF%PDF%PDF%PDF%PDF%PDF%PDF%PDF%PDF%PDF%PDF%PDF%PDF%PDF%PDF%PDF%PDF%PDF%PDF%PDF%PDF%PDF%PDF%PDF%PDF%PDF%PDF%PDF%PDF%PDF%PDF%PDF%PDF%PDF%PDF%PDF%PDF%PDF%PDF%PDF%PDF%PDF%PDF%PDF%PDF%PDF%PDF%PDF%PDF%PDF%PDF%PDF%PDF%PDF%PDF%PDF%PDF%PDF%PDF%PDF%PDF%PDF%PDF%PDF%PDF%PDF%PDF%PDF%PDF%PDF%PDF%PDF%PDF%PDF%PDF%PDF%PDF%PDF%PDF%PDF%PDF%PDF%PDF%PDF%PDF%PDF%PDF%PDF%PDF%PDF%PDF%PDF%PDF%PDF%PDF%PDF%PDF%PDF%PDF%PDF%PDF%PDF%PDF%PDF%PDF%PDF%PDF%PDF%PDF%PDF%PDF%PDF%PDF%PDF%PDF%PDF%PDF%PDF%PDF%PDF%PDF%PDF%PDF%PDF%PDF%PDF%PDF%PDF%PDF%PDF%PDF%PDF%PDF%PDF%PDF%PDF%PDF%PDF%PDF%PDF%PDF%PDF%PDF%PDF%PDF%PDF%PDF%PDF%PDF%PDF%PDF%PDF%PDF%PDF%PDF%PDF%PDF%PDF%PDF%PDF%PDF%PDF%PDF%PDF%PDF%PDF%PDF%PDF%PDF%PDF%PDF%PDF%PDF%PDF%PDF%PDF%PDF%PDF%PDF%PDF%PDF%PDF%PDF%PDF%PDF%PDF%PDF%PDF%PDF%PDF%PDF%PDF%PDF%PDF%PDF%PDF%PDF%PDF%PDF%PDF%PDF%PDF%PDF%PDF%PDF%PDF%PDF%PDF%PDF%PDF%PDF%PDF%PDF%PDF%PDF%PDF%PDF%PDF%PDF%PDF%PDF%PDF%PDF%PDF%PDF%PDF%PDF%PDF%PDF%PDF%PDF%PDF%PDF%PDF%PDF%PDF%PDF%PDF%PDF%PDF%PDF%PDF%PDF%PDF%PDF%PDF%PDF%PDF%PDF%PDF%PDF%PDF%PDF%PDF%PDF%PDF%PDF%PDF%PDF%PDF%PDF%PDF%PDF%PDF%PDF%PDF%PDF%PDF%PDF%PDF%PDF%PDF%PDF%PDF%PDF%PDF%PDF%PDF%PDF%PDF%PDF%PDF%PDF%PDF%PDF%PDF%PDF%PDF%PDF%PDF%PDF%PDF%PDF%PDF%PDF%PDF%PDF%PDF%PDF%PDF%PDF%PDF%PDF%PDF%PDF%PDF%PDF%PDF%PDF%PDF%PDF%PDF%PDF%PDF%PDF%PDF%PDF%PDF%PDF%PDF%PDF%PDF%PDF%PDF%PDF%PDF%PDF%PDF%PDF%PDF%PDF%PDF%PDF%PDF%PDF%PDF%PDF%PDF%PDF%PDF%PDF%PDF%PDF%PDF%PDF%PDF%PDF%PDF%PDF%PDF%PDF%PDF%PDF%PDF%PDF%PDF%PDF%PDF%PDF%PDF%PDF%PDF%PDF%PDF%PDF%PDF%PDF%PDF%PDF%PDF%PDF%PDF%PDF%PDF%PDF%PDF%PDF%PDF%PDF%PDF%PDF%PDF%PDF%PDF%PDF%PDF%PDF%PDF%PDF%PDF%PDF%PDF%PDF%PDF%PDF%PDF%PDF%PDF%PDF%PDF%PDF%PDF%PDF%PDF%PDF%PDF%PDF%PDF%PDF%PDF%PDF%PDF%PDF%PDF%PDF%PDF%PDF%PDF%PDF%PDF%PDF%PDF%PDF%PDF%PDF%PDF%PDF%PDF%PDF%PDF%PDF%PDF%PDF%PDF%PDF%PDF%PDF%PDF%PDF%PDF%PDF%PDF%PDF%PDF%PDF%PDF%PDF%PDF%PDF%PDF%PDF%PDF%PDF%PDF%PDF%PDF%PDF%PDF%PDF%PDF%PDF%PDF%PDF%PDF%PDF%PDF%PDF%PDF%PDF%PDF%PDF%PDF%PDF%PDF%PDF%PDF%PDF%PDF%PDF%PDF%PDF%PDF%PDF%PDF%PDF%PDF%PDF%PDF%PDF%PDF%PDF%PDF%PDF%PDF%PDF%PDF%PDF%PDF%PDF%PDF%PDF%PDF%PDF%PDF%PDF%PDF%PDF%PDF%PDF%PDF%PDF%PDF%PDF%PDF%PDF%PDF%PDF%PDF%PDF%PDF%PDF%PDF%PDF%PDF%PDF%PDF%PDF%PDF%PDF%PDF%PDF%PDF%PDF%PDF%PDF%PDF%PDF%PDF%PDF%PDF%PDF%PDF%PDF%PDF%PDF%PDF%PDF%PDF%PDF%PDF%PDF%PDF%PDF%PDF%PDF%PDF%PDF%PDF%PDF%PDF%PDF%PDF%PDF%PDF%PDF%PDF%PDF%PDF%PDF%PDF%PDF%PDF%PDF%PDF%PDF%PDF%PDF%PDF%PDF%PDF%PDF%PDF%PDF%PDF%PDF%PDF%PDF%PDF%PDF%PDF%PDF%PDF%PDF%PDF%PDF%PDF%PDF%PDF%PDF%PDF%PDF%PDF%PDF%PDF%PDF%PDF%PDF%PDF%PDF%PDF%PDF%PDF%PDF%PDF%PDF%PDF%PDF%PDF%PDF%PDF%PDF%PDF%PDF%PDF%PDF%PDF%PDF%PDF%PDF%PDF%PDF%PDF%PDF%PDF%PDF%PDF%PDF%PDF%PDF%PDF%PDF%PDF%PDF%PDF%PDF%PDF%PDF%PDF%PDF%PDF%PDF%PDF%PDF%PDF%PDF%PDF%PDF%PDF%PDF%PDF%PDF%PDF%PDF%PDF%PDF%PDF%PDF%PDF%PDF%PDF%PDF%PDF%PDF%PDF%PDF%PDF%PDF%PDF%PDF%PDF%PDF%PDF%PDF%PDF%PDF%PDF%PDF%PDF%PDF%PDF%PDF%PDF%PDF%PDF%PDF%PDF%PDF%PDF%PDF%PDF%PDF%PDF%PDF%PDF%PDF%PDF%PDF%PDF%PDF%PDF%PDF%PDF%PDF%PDF%PDF%PDF%PDF%PDF%PDF%PDF%PDF%PDF%PDF%PDF%PDF%PDF%PDF%PDF%PDF%PDF%PDF%PDF%PDF%PDF%PDF%PDF%PDF%PDF%PDF%PDF%PDF%PDF%PDF%PDF%PDF%PDF%PDF%PDF%PDF%PDF%PDF%PDF%PDF%PDF%PDF%PDF%PDF%PDF%PDF%PDF%PDF%PDF%PDF%PDF%PDF%PDF%PDF%PDF%PDF%PDF%PDF%PDF%PDF%PDF%PDF%PDF%PDF%PDF%PDF%PDF%PDF%PDF%PDF%PDF%PDF%PDF%PDF%PDF%PDF%PDF%PDF%PDF%PDF%PDF%PDF%PDF%PDF%PDF%PDF%PDF%PDF%PDF%PDF%PDF%PDF%PDF%PDF%PDF%PDF%PDF%PDF%PDF%PDF%PDF%PDF%PDF%PDF%PDF%PDF%PDF%PDF%PDF%PDF%PDF%PDF%PDF%PDF%PDF%PDF%PDF%PDF%PDF%PDF%PDF%PDF%PDF%PDF%PDF%PDF%PDF%PDF%PDF%PDF%PDF%PDF%PDF%PDF%PDF%PDF%PDF%PDF%PDF%PDF%PDF%PDF%PDF%PDF%PDF%PDF%PDF%PDF%PDF%PDF%PDF%PDF%PDF%PDF%PDF%PDF%PDF%PDF%PDF%PDF%PDF%PDF%PDF%PDF%PDF%PDF%PDF%PDF%PDF%PDF%PDF%PDF%PDF%PDF%PDF%PDF%PDF%PDF%PDF%PDF%PDF%PDF%PDF%PDF%PDF%PDF%PDF%PDF%PDF%PDF%PDF%PDF%PDF%PDF%PDF%PDF%PDF%PDF%PDF%PDF%PDF%PDF%PDF%PDF%PDF%PDF%PDF%PDF%PDF%PDF%PDF%PDF%PDF%PDF%PDF%PDF%PDF%PDF%PDF%PDF%PDF%PDF%PDF%PDF%PDF%PDF%PDF%PDF%PDF%PDF%PDF%PDF%PDF%PDF%PDF%PDF%PDF%PDF%PDF%PDF%PDF%PDF%PDF%PDF%PDF%PDF%PDF%PDF%PDF%PDF%PDF%PDF%PDF%PDF%PDF%PDF%PDF%PDF%PDF%PDF%PDF%PDF%PDF%PDF%PDF%PDF%PDF%PDF%PDF%PDF%PDF%PDF%PDF%PDF%PDF%PDF%PDF%PDF%PDF%PDF%PDF%PDF%PDF%PDF%PDF%PDF%PDF%PDF%PDF%PDF%PDF%PDF%PDF%PDF%PDF%PDF%PDF%PDF%PDF%PDF%PDF%PDF%PDF%PDF%PDF%PDF%PDF%PDF%PDF%PDF%PDF%PDF%PDF%PDF%PDF%PDF%PDF%PDF%PDF%PDF%PDF%PDF%PDF%PDF%PDF%PDF%PDF%PDF%PDF%PDF%PDF%PDF%PDF%PDF%PDF%PDF%PDF%PDF%PDF%PDF%PDF%PDF%PDF%PDF%PDF%PDF%PDF%PDF%PDF%PDF%PDF%PDF%PDF%PDF%PDF%PDF%PDF%PDF%PDF%PDF%PDF%PDF%PDF%PDF%PDF%PDF%PDF%PDF%PDF%PDF%PDF%PDF%PDF%PDF%PDF%PDF%PDF%PDF%PDF%PDF%PDF%PDF%PDF%PDF%PDF%PDF%PDF%PDF%PDF%PDF%PDF%PDF%PDF%PDF%PDF%PDF%PDF%PDF%PDF%PDF%PDF%PDF%PDF%PDF%PDF%PDF%PDF%PDF%PDF%PDF%PDF%PDF%PDF%PDF%PDF%PDF%PDF%PDF%PDF%PDF%PDF%PDF%PDF%PDF%PDF%PDF%PDF%PDF%PDF%PDF%PDF%PDF%PDF%PDF%PDF%PDF%PDF%PDF%PDF%PDF%PDF%PDF%PDF%PDF%PDF%PDF%PDF%PDF%PDF%PDF%PDF%PDF%PDF%PDF%PDF%PDF%PDF%PDF%PDF%PDF%PDF%PDF%PDF%PDF%PDF%PDF%PDF%PDF%PDF%PDF%PDF%PDF%PDF%PDF%PDF%PDF%PDF%PDF%PDF%PDF%PDF%PDF%PDF%PDF%PDF%PDF%PDF%PDF%PDF%PDF%PDF%PDF%PDF%PDF%PDF%PDF%PDF%PDF%PDF%PDF%PDF%PDF%PDF%PDF%PDF%PDF%PDF%PDF%PDF%PDF%PDF%PDF%PDF%PDF%PDF%PDF%PDF%PDF%PDF%PDF%PDF%PDF%PDF%PDF%PDF%PDF%PDF%PDF%PDF%PDF%PDF%PDF%PDF%PDF%PDF%PDF%PDF%PDF%PDF%PDF%PDF%PDF%PDF%PDF%PDF%PDF%PDF%PDF%PDF%PDF%PDF%PDF%PDF%PDF%PDF%PDF%PDF%PDF%PDF%PDF%PDF%PDF%PDF%PDF%PDF%PDF%PDF%PDF%PDF%PDF%PDF%PDF%PDF%PDF%PDF%PDF%PDF%PDF%PDF%PDF%PDF%PDF%PDF%PDF%PDF%PDF%PDF%PDF%PDF%PDF%PDF%PDF%PDF%PDF%PDF%PDF%PDF%PDF%PDF%PDF%PDF%PDF%PDF%PDF%PDF%PDF%PDF%PDF%PDF%PDF%PDF%PDF%PDF%PDF%PDF%PDF%PDF%PDF%PDF%PDF%PDF%PDF%PDF%PDF%PDF%PDF%PDF%PDF%PDF%PDF%PDF%PDF%PDF%PDF%PDF%PDF%PDF%PDF%PDF%PDF%PDF%PDF%PDF%PDF%PDF%PDF%PDF%PDF%PDF%PDF%PDF%PDF%PDF%PDF%PDF%PDF%PDF%PDF%PDF%PDF%PDF%PDF%PDF%PDF%PDF%PDF%PDF%PDF%PDF%PDF%PDF%PDF%PDF%PDF%PDF%PDF%PDF%PDF%PDF%PDF%PDF%PDF%PDF%PDF%PDF%PDF%PDF%PDF%PDF%PDF%PDF%PDF%PDF%PDF%PDF%PDF%PDF%PDF%PDF%PDF%PDF%PDF%PDF%PDF%PDF%PDF%PDF%PDF%PDF%PDF%PDF%PDF%PDF%PDF%PDF%PDF%PDF%PDF%PDF%PDF%PDF%PDF%PDF%PDF%PDF%PDF%PDF%PDF%PDF%PDF%PDF%PDF%PDF%PDF%PDF%PDF%PDF%PDF%PDF%PDF%PDF%PDF%PDF%PDF%PDF%PDF%PDF%PDF%PDF%PDF%PDF%PDF%PDF%PDF%PDF%PDF%PDF%PDF%PDF%PDF%PDF%PDF%PDF%PDF%PDF%PDF%PDF%PDF%PDF%PDF%PDF%PDF%PDF%PDF%PDF%PDF%PDF%PDF%PDF%PDF%PDF%PDF%PDF%PDF%PDF%PDF%PDF%PDF%PDF%PDF%PDF%PDF%PDF%PDF%PDF%PDF%PDF%PDF%PDF%PDF%PDF%PDF%PDF%PDF%PDF%PDF%PDF%PDF%PDF%PDF%PDF%PDF%PDF%PDF%PDF%PDF%PDF%PDF%PDF%PDF%PDF%PDF%PDF%PDF%PDF%PDF%PDF%PDF%PDF%PDF%PDF%PDF%PDF%PDF%PDF%PDF%PDF%PDF%PDF%PDF%PDF%PDF%PDF%PDF%PDF%PDF%PDF%PDF%PDF%PDF%PDF%PDF%PDF%PDF%PDF%PDF%PDF%PDF%PDF%PDF%PDF%PDF%PDF%PDF%PDF%PDF%PDF%PDF%PDF%PDF%PDF%PDF%PDF%PDF%PDF%PDF%PDF%PDF%PDF%PDF%PDF%PDF%PDF%PDF%PDF%PDF%PDF%PDF%PDF%PDF%PDF%PDF%PDF%PDF%PDF%PDF%PDF%PDF%PDF%PDF%PDF%PDF%PDF%PDF%PDF%PDF%PDF%PDF%PDF%PDF%PDF%PDF%PDF%PDF%PDF%PDF%PDF%PDF%PDF%PDF%PDF%PDF%PDF%PDF%PDF%PDF%PDF%PDF%PDF%PDF%PDF%PDF%PDF%PDF%PDF%PDF%PDF%PDF%PDF%PDF%PDF%PDF%PDF%PDF%PDF%PDF%PDF%PDF%PDF%PDF%PDF%PDF%PDF%PDF%PDF%PDF%PDF%PDF%PDF%PDF%PDF%PDF%PDF%PDF%PDF%PDF%PDF%PDF%PDF%PDF%PDF%PDF%PDF%PDF%PDF%PDF%PDF%PDF%PDF%PDF%PDF%PDF%PDF%PDF%PDF%PDF%PDF%PDF%PDF%PDF%PDF%PDF%PDF%PDF%PDF%PDF%PDF%PDF%PDF%PDF%PDF%PDF%PDF%PDF%PDF%PDF%PDF%PDF%PDF%PDF%PDF%PDF%PDF%PDF%PDF%PDF%PDF%PDF%PDF%PDF%PDF%PDF%PDF%PDF%PDF%PDF%PDF%PDF%PDF%PDF%PDF%PDF%PDF%PDF%PDF%PDF%PDF%PDF%PDF%PDF%PDF%PDF%PDF%PDF%PDF%PDF%PDF%PDF%PDF%PDF%PDF%PDF%PDF%PDF%PDF%PDF%PDF%PDF%PDF%PDF%PDF%PDF%PDF%PDF%PDF%PDF%PDF%PDF%PDF%PDF%PDF%PDF%PDF%PDF%PDF%PDF%PDF%PDF%PDF%PDF%PDF%PDF%PDF%PDF%PDF%PDF%PDF%PDF%PDF%PDF%PDF%PDF%PDF%PDF%PDF%PDF%PDF%PDF%PDF%PDF%PDF%PDF%PDF%PDF%PDF%PDF%PDF%PDF%PDF%PDF%PDF%PDF%PDF%PDF%PDF%PDF%PDF%PDF%PDF%PDF%PDF%PDF%PDF%PDF%PDF%PDF%PDF%PDF%PDF%PDF%PDF%PDF%PDF%PDF%PDF%PDF%PDF%PDF%PDF%PDF%PDF%PDF%PDF%PDF%PDF%PDF%PDF%PDF%PDF%PDF%PDF%PDF%PDF%PDF%PDF%PDF%PDF%PDF%PDF%PDF%PDF%PDF%PDF%PDF%PDF%PDF%PDF%PDF%PDF%PDF%PDF%PDF%PDF%PDF%PDF%PDF%PDF%PDF%PDF%PDF%PDF%PDF%PDF%PDF%PDF%PDF%PDF%PDF%PDF%PDF%PDF%PDF%PDF%PDF%PDF%PDF%PDF%PDF%PDF%PDF%PDF%PDF%PDF%PDF%PDF%PDF%PDF%PDF%PDF%PDF%PDF%PDF%PDF%PDF%PDF%PDF%PDF%PDF%PDF%PDF%PDF%PDF%PDF%PDF%PDF%PDF%PDF%PDF%PDF%PDF%PDF%PDF%PDF%PDF%PDF%PDF%PDF%PDF%PDF%PDF%PDF%PDF%PDF%PDF%PDF%PDF%PDF%PDF%PDF%PDF%PDF%PDF%PDF%PDF%PDF%PDF%PDF%PDF%PDF%PDF%PDF%PDF%PDF%PDF%PDF%PDF%PDF%PDF%PDF%PDF%PDF%PDF%PDF%PDF%PDF%PDF%PDF%PDF%PDF%PDF%PDF%PDF%PDF%PDF%PDF%PDF%PDF%PDF%PDF%PDF%PDF%PDF%PDF%PDF%PDF%PDF%PDF%PDF%PDF%PDF%PDF%PDF%PDF%PDF%PDF%PDF%PDF%PDF%PDF%PDF%PDF%PDF%PDF%PDF%PDF%PDF%PDF%PDF%PDF%PDF%PDF%PDF%PDF%PDF%PDF%PDF%PDF%PDF%PDF%PDF%PDF%PDF%PDF%PDF%PDF%PDF%PDF%PDF%PDF%PDF%PDF%PDF%PDF%PDF%PDF%PDF%PDF%PDF%PDF%PDF%PDF%PDF%PDF%PDF%PDF%PDF%PDF%PDF%PDF%PDF%PDF%PDF%PDF%PDF%PDF%PDF%PDF%PDF%PDF%PDF%PDF%PDF%PDF%PDF%PDF%PDF%PDF%PDF%PDF%PDF%PDF%PDF%PDF%PDF%PDF%PDF%PDF%PDF%PDF%PDF%PDF%PDF%PDF%PDF%PDF%PDF%PDF%PDF%PDF%PDF%PDF%PDF%PDF%PDF%PDF%PDF%PDF%PDF%PDF%PDF%PDF%PDF%PDF%PDF%PDF%PDF%PDF%PDF%PDF%PDF%PDF%PDF%PDF%PDF%PDF%PDF%PDF%PDF%PDF%PDF%PDF%PDF%PDF%PDF%PDF%PDF%PDF%PDF%PDF%PDF%PDF%PDF%PDF%PDF%PDF%PDF%PDF%PDF%PDF%PDF%PDF%PDF%PDF%PDF%PDF%PDF%PDF%PDF%PDF%PDF%PDF%PDF%PDF%PDF%PDF%PDF%PDF%PDF%PDF%PDF%PDF%PDF%PDF%PDF%PDF%PDF%PDF%PDF%PDF%PDF%PDF%PDF%PDF%PDF%PDF%PDF%PDF%PDF%PDF%PDF%PDF%PDF%PDF%PDF%PDF%PDF%PDF%PDF%PDF%PDF%PDF%PDF%PDF%PDF%PDF%PDF%PDF%PDF%PDF%PDF%PDF%PDF%PDF%PDF%PDF%PDF%PDF%PDF%PDF%PDF%PDF%PDF%PDF%PDF%PDF%PDF%PDF%PDF%PDF%PDF%PDF%PDF%PDF%PDF%PDF%PDF%PDF%PDF%PDF%PDF%PDF%PDF%PDF%PDF%PDF%PDF%PDF%PDF%PDF%PDF%PDF%PDF%PDF%PDF%PDF%PDF%PDF%PDF%PDF%PDF%PDF%PDF%PDF%PDF%PDF%PDF%PDF%PDF%PDF%PDF%PDF%PDF%PDF%PDF%PDF%PDF%PDF%PDF%PDF%PDF%PDF%PDF%PDF%PDF%PDF%PDF%PDF%PDF%PDF%PDF%PDF%PDF%PDF%PDF%PDF%PDF%PDF%PDF%PDF%PDF%PDF%PDF%PDF%PDF%PDF%PDF%PDF%PDF%PDF%PDF%PDF%PDF%PDF%PDF%PDF%PDF%PDF%PDF%PDF%PDF%PDF%PDF%PDF%PDF%PDF%PDF%PDF%PDF%PDF%PDF%PDF%PDF%PDF%PDF%PDF%PDF%PDF%PDF%PDF%PDF%PDF%PDF%PDF%PDF%PDF%PDF%PDF%PDF%PDF%PDF%PDF%PDF%PDF%PDF%PDF%PDF%PDF%PDF%PDF%PDF%PDF%PDF%PDF%PDF%PDF%PDF%PDF%PDF%PDF%PDF%PDF%PDF%PDF%PDF%PDF%PDF%PDF%PDF%PDF%PDF%PDF%PDF%PDF%PDF%PDF%PDF%PDF%PDF%PDF%PDF%PDF%PDF%PDF%PDF%PDF%PDF%PDF%PDF%PDF%PDF%PDF%PDF%PDF%PDF%PDF%PDF%PDF%PDF%PDF%PDF%PDF%PDF%PDF%PDF%PDF%PDF%PDF%PDF%PDF%PDF%PDF%PDF%PDF%PDF%PDF%PDF%PDF%PDF%PDF%PDF%PDF%PDF%PDF%PDF%PDF%PDF%PDF%PDF%PDF%PDF%PDF%PDF%PDF%PDF%PDF%PDF%PDF%PDF%PDF%PDF%PDF%PDF%PDF%PDF%PDF%PDF%PDF%PDF%PDF%PDF%PDF%PDF%PDF%PDF%PDF%PDF%PDF%PDF%PDF%PDF%PDF%PDF%PDF%PDF%PDF%PDF%PDF%PDF%PDF%PDF%PDF%PDF%PDF%PDF%PDF%PDF%PDF%PDF%PDF%PDF%PDF%PDF%PDF%PDF%PDF%PDF%PDF%PDF%PDF%PDF%PDF%PDF%PDF%PDF%PDF%PDF%PDF%PDF%PDF%PDF%PDF%PDF%PDF%PDF%PDF%PDF%PDF%PDF%PDF%PDF%PDF%PDF%PDF%PDF%PDF%PDF%PDF%PDF%PDF%PDF%PDF%PDF%PDF%PDF%PDF%PDF%PDF%PDF%PDF%PDF%PDF%PDF%PDF%PDF%PDF%PDF%PDF%PDF%PDF%PDF%PDF%PDF%PDF%PDF%PDF%PDF%PDF%PDF%PDF%PDF%PDF%PDF%PDF%PDF%PDF%PDF%PDF%PDF%PDF%PDF%PDF%PDF%PDF%PDF%PDF%PDF%PDF%PDF%PDF%PDF%PDF%PDF%PDF%PDF%PDF%PDF%PDF%PDF%PDF%PDF%PDF%PDF%PDF%PDF%PDF%PDF%PDF%PDF%PDF%PDF%PDF%PDF%PDF%PDF%PDF%PDF%PDF%PDF%PDF%PDF%PDF%PDF%PDF%PDF%PDF%PDF%PDF%PDF%PDF%PDF%PDF%PDF%PDF%PDF%PDF%PDF%PDF%PDF%PDF%PDF%PDF%PDF%PDF%PDF%PDF%PDF%PDF%PDF%PDF%PDF%PDF%PDF%PDF%PDF%PDF%PDF%PDF%PDF%PDF%PDF%PDF%PDF%PDF%PDF%PDF%PDF%PDF%PDF%PDF%PDF%PDF%PDF%PDF%PDF%PDF%PDF%PDF%PDF%PDF%PDF%PDF%PDF%PDF%PDF%PDF%PDF%PDF%PDF%PDF%PDF%PDF%PDF%PDF%PDF%PDF%PDF%PDF%PDF%PDF%PDF%PDF%PDF%PDF%PDF%PDF%PDF-
PDF document
?[1;31m
Start test 2?[0m
%PDF%PDF%PDF%PDF%PDF%PDF%PDF%PDF%PDF%PDF%PDF%PDF%PDF%PDF%PDF%PDF%PDF%PDF%PDF%PDF%PDF%PDF%PDF%PDF%PDF%PDF%PDF%PDF%PDF%PDF%PDF%PDF%PDF%PDF%PDF%PDF%PDF%PDF%PDF%PDF%PDF%PDF%PDF%PDF%PDF%PDF%PDF%PDF%PDF%PDF%PDF%PDF%PDF%PDF%PDF%PDF%PDF%PDF%PDF%PDF%PDF%PDF%PDF%PDF%PDF%PDF%PDF%PDF%PDF%PDF%PDF%PDF%PDF%PDF%PDF%PDF%PDF%PDF%PDF%PDF%PDF%PDF%PDF%PDF%PDF%PDF%PDF%PDF%PDF%PDF%PDF%PDF%PDF%PDF%PDF%PDF%PDF%PDF%PDF%PDF%PDF%PDF%PDF%PDF%PDF%PDF%PDF%PDF%PDF%PDF%PDF%PDF%PDF%PDF%PDF%PDF%PDF%PDF%PDF%PDF%PDF%PDF%PDF%PDF%PDF%PDF%PDF%PDF%PDF%PDF%PDF%PDF%PDF%PDF%PDF%PDF%PDF%PDF%PDF%PDF%PDF%PDF%PDF%PDF%PDF%PDF%PDF%PDF%PDF%PDF%PDF%PDF%PDF%PDF%PDF%PDF%PDF%PDF%PDF%PDF%PDF%PDF%PDF%PDF%PDF%PDF%PDF%PDF%PDF%PDF%PDF%PDF%PDF%PDF%PDF%PDF%PDF%PDF%PDF%PDF%PDF%PDF%PDF%PDF%PDF%PDF%PDF%PDF%PDF%PDF%PDF%PDF%PDF%PDF%PDF%PDF%PDF%PDF%PDF%PDF%PDF%PDF%PDF%PDF%PDF%PDF%PDF%PDF%PDF%PDF%PDF%PDF%PDF%PDF%PDF%PDF%PDF%PDF%PDF%PDF%PDF%PDF%PDF%PDF%PDF%PDF%PDF%PDF%PDF%PDF%PDF%PDF%PDF%PDF%PDF%PDF%PDF%PDF%PDF%PDF%PDF%PDF%PDF%PDF%PDF%PDF%PDF%PDF%PDF%PDF%PDF%PDF%PDF%PDF%PDF%PDF%PDF%PDF%PDF%PDF%PDF%PDF%PDF%PDF%PDF%PDF%PDF%PDF%PDF%PDF%PDF%PDF%PDF%PDF%PDF%PDF%PDF%PDF%PDF%PDF%PDF%PDF%PDF%PDF%PDF%PDF%PDF%PDF%PDF%PDF%PDF%PDF%PDF%PDF%PDF%PDF%PDF%PDF%PDF%PDF%PDF%PDF%PDF%PDF%PDF%PDF%PDF%PDF%PDF%PDF%PDF%PDF%PDF%PDF%PDF%PDF%PDF%PDF%PDF%PDF%PDF%PDF%PDF%PDF%PDF%PDF%PDF%PDF%PDF%PDF%PDF%PDF%PDF%PDF%PDF%PDF%PDF%PDF%PDF%PDF%PDF%PDF%PDF%PDF%PDF%PDF%PDF%PDF%PDF%PDF%PDF%PDF%PDF%PDF%PDF%PDF%PDF%PDF%PDF%PDF%PDF%PDF%PDF%PDF%PDF%PDF%PDF%PDF%PDF%PDF%PDF%PDF%PDF%PDF%PDF%PDF%PDF%PDF%PDF%PDF%PDF%PDF%PDF%PDF%PDF%PDF%PDF%PDF%PDF%PDF%PDF%PDF%PDF%PDF%PDF%PDF%PDF%PDF%PDF%PDF%PDF%PDF%PDF%PDF%PDF%PDF%PDF%PDF%PDF%PDF%PDF%PDF%PDF%PDF%PDF%PDF%PDF%PDF%PDF%PDF%PDF%PDF%PDF%PDF%PDF%PDF%PDF%PDF%PDF%PDF%PDF%PDF%PDF%PDF%PDF%PDF%PDF%PDF%PDF%PDF%PDF%PDF%PDF%PDF%PDF%PDF%PDF%PDF%PDF%PDF%PDF%PDF%PDF%PDF%PDF%PDF%PDF%PDF%PDF%PDF%PDF%PDF%PDF%PDF%PDF%PDF%PDF%PDF%PDF%PDF%PDF%PDF%PDF%PDF%PDF%PDF%PDF%PDF%PDF%PDF%PDF%PDF%PDF%PDF%PDF%PDF%PDF%PDF%PDF%PDF%PDF%PDF%PDF%PDF%PDF%PDF%PDF%PDF%PDF%PDF%PDF%PDF%PDF%PDF%PDF%PDF%PDF%PDF%PDF%PDF%PDF%PDF%PDF%PDF%PDF%PDF%PDF%PDF%PDF%PDF%PDF%PDF%PDF%PDF%PDF%PDF%PDF%PDF%PDF%PDF%PDF%PDF%PDF%PDF%PDF%PDF%PDF%PDF%PDF%PDF%PDF%PDF%PDF%PDF%PDF%PDF%PDF%PDF%PDF%PDF%PDF%PDF%PDF%PDF%PDF%PDF%PDF%PDF%PDF%PDF%PDF%PDF%PDF%PDF%PDF%PDF%PDF%PDF%PDF%PDF%PDF%PDF%PDF%PDF%PDF%PDF%PDF%PDF%PDF%PDF%PDF%PDF%PDF%PDF%PDF%PDF%PDF%PDF%PDF%PDF%PDF%PDF%PDF%PDF%PDF%PDF%PDF%PDF%PDF%PDF%PDF%PDF%PDF%PDF%PDF%PDF%PDF%PDF%PDF%PDF%PDF%PDF%PDF%PDF%PDF%PDF%PDF%PDF%PDF%PDF%PDF%PDF%PDF%PDF%PDF%PDF%PDF%PDF%PDF%PDF%PDF%PDF%PDF%PDF%PDF%PDF%PDF%PDF%PDF%PDF%PDF%PDF%PDF%PDF%PDF%PDF%PDF%PDF%PDF%PDF%PDF%PDF%PDF%PDF%PDF%PDF%PDF%PDF%PDF%PDF%PDF%PDF%PDF%PDF%PDF%PDF%PDF%PDF%PDF%PDF%PDF%PDF%PDF%PDF%PDF%PDF%PDF%PDF%PDF%PDF%PDF%PDF%PDF%PDF%PDF%PDF%PDF%PDF%PDF%PDF%PDF%PDF%PDF%PDF%PDF%PDF%PDF%PDF%PDF%PDF%PDF%PDF%PDF%PDF%PDF%PDF%PDF%PDF%PDF%PDF%PDF%PDF%PDF%PDF%PDF%PDF%PDF%PDF%PDF%PDF%PDF%PDF%PDF%PDF%PDF%PDF%PDF%PDF%PDF%PDF%PDF%PDF%PDF%PDF%PDF%PDF%PDF%PDF%PDF%PDF%PDF%PDF%PDF%PDF%PDF%PDF%PDF%PDF%PDF%PDF%PDF%PDF%PDF%PDF%PDF%PDF%PDF%PDF%PDF%PDF%PDF%PDF%PDF%PDF%PDF%PDF%PDF%PDF%PDF%PDF%PDF%PDF%PDF%PDF%PDF%PDF%PDF%PDF%PDF%PDF%PDF%PDF%PDF%PDF%PDF%PDF%PDF%PDF%PDF%PDF%PDF%PDF%PDF%PDF%PDF%PDF%PDF%PDF%PDF%PDF%PDF%PDF%PDF%PDF%PDF%PDF%PDF%PDF%PDF%PDF%PDF%PDF%PDF%PDF%PDF%PDF%PDF%PDF%PDF%PDF%PDF%PDF%PDF%PDF%PDF%PDF%PDF%PDF%PDF%PDF%PDF%PDF%PDF%PDF%PDF%PDF%PDF%PDF%PDF%PDF%PDF%PDF%PDF%PDF%PDF%PDF%PDF%PDF%PDF%PDF%PDF%PDF%PDF%PDF%PDF%PDF%PDF%PDF%PDF%PDF%PDF%PDF%PDF%PDF%PDF%PDF%PDF%PDF%PDF%PDF%PDF%PDF%PDF%PDF%PDF%PDF%PDF%PDF%PDF%PDF%PDF%PDF%PDF%PDF%PDF%PDF%PDF%PDF%PDF%PDF%PDF%PDF%PDF%PDF%PDF%PDF%PDF%PDF%PDF%PDF%PDF%PDF%PDF%PDF%PDF%PDF%PDF%PDF%PDF%PDF%PDF%PDF%PDF%PDF%PDF%PDF%PDF%PDF%PDF%PDF%PDF%PDF%PDF%PDF%PDF%PDF%PDF%PDF%PDF%PDF%PDF%PDF%PDF%PDF%PDF%PDF%PDF%PDF%PDF%PDF%PDF%PDF%PDF%PDF%PDF%PDF%PDF%PDF%PDF%PDF%PDF%PDF%PDF%PDF%PDF%PDF%PDF%PDF%PDF%PDF%PDF%PDF%PDF%PDF%PDF%PDF%PDF%PDF%PDF%PDF%PDF%PDF%PDF%PDF%PDF%PDF%PDF%PDF%PDF%PDF%PDF%PDF%PDF%PDF%PDF%PDF%PDF%PDF%PDF%PDF%PDF%PDF%PDF%PDF%PDF%PDF%PDF%PDF%PDF%PDF%PDF%PDF%PDF%PDF%PDF%PDF%PDF%PDF%PDF%PDF%PDF%PDF%PDF%PDF%PDF%PDF%PDF%PDF%PDF%PDF%PDF%PDF%PDF%PDF%PDF%PDF%PDF%PDF%PDF%PDF%PDF%PDF%PDF%PDF%PDF%PDF%PDF%PDF%PDF%PDF%PDF%PDF%PDF%PDF%PDF%PDF%PDF%PDF%PDF%PDF%PDF%PDF%PDF%PDF%PDF%PDF%PDF%PDF%PDF%PDF%PDF%PDF%PDF%PDF%PDF%PDF%PDF%PDF%PDF%PDF%PDF%PDF%PDF%PDF%PDF%PDF%PDF%PDF%PDF%PDF%PDF%PDF%PDF%PDF%PDF%PDF%PDF%PDF%PDF%PDF%PDF%PDF%PDF%PDF%PDF%PDF%PDF%PDF%PDF%PDF%PDF%PDF%PDF%PDF%PDF%PDF%PDF%PDF%PDF%PDF%PDF%PDF%PDF%PDF%PDF%PDF%PDF%PDF%PDF%PDF%PDF%PDF%PDF%PDF%PDF%PDF%PDF%PDF%PDF%PDF%PDF%PDF%PDF%PDF%PDF%PDF%PDF%PDF%PDF%PDF%PDF%PDF%PDF%PDF%PDF%PDF%PDF%PDF%PDF%PDF%PDF%PDF%PDF%PDF%PDF%PDF%PDF%PDF%PDF%PDF%PDF%PDF%PDF%PDF%PDF%PDF%PDF%PDF%PDF%PDF%PDF%PDF%PDF%PDF%PDF%PDF%PDF%PDF%PDF%PDF%PDF%PDF%PDF%PDF%PDF%PDF%PDF%PDF%PDF%PDF%PDF%PDF%PDF%PDF%PDF%PDF%PDF%PDF%PDF%PDF%PDF%PDF%PDF%PDF%PDF%PDF%PDF%PDF%PDF%PDF%PDF%PDF%PDF%PDF%PDF%PDF%PDF%PDF%PDF%PDF%PDF%PDF%PDF%PDF%PDF%PDF%PDF%PDF%PDF%PDF%PDF%PDF%PDF%PDF%PDF%PDF%PDF%PDF%PDF%PDF%PDF%PDF%PDF%PDF%PDF%PDF%PDF%PDF%PDF%PDF%PDF%PDF%PDF%PDF%PDF%PDF%PDF%PDF%PDF%PDF%PDF%PDF%PDF%PDF%PDF%PDF%PDF%PDF%PDF%PDF%PDF%PDF%PDF%PDF%PDF%PDF%PDF%PDF%PDF%PDF%PDF%PDF%PDF%PDF%PDF%PDF%PDF%PDF%PDF%PDF%PDF%PDF%PDF%PDF%PDF%PDF%PDF%PDF%PDF%PDF%PDF%PDF%PDF%PDF%PDF%PDF%PDF%PDF%PDF%PDF%PDF%PDF%PDF%PDF%PDF%PDF%PDF%PDF%PDF%PDF%PDF%PDF%PDF%PDF%PDF%PDF%PDF%PDF%PDF%PDF%PDF%PDF%PDF%PDF%PDF%PDF%PDF%PDF%PDF%PDF%PDF%PDF%PDF%PDF%PDF%PDF%PDF%PDF%PDF%PDF%PDF%PDF%PDF%PDF%PDF%PDF%PDF%PDF%PDF%PDF%PDF%PDF%PDF%PDF%PDF%PDF%PDF%PDF%PDF%PDF%PDF%PDF%PDF%PDF%PDF%PDF%PDF%PDF%PDF%PDF%PDF%PDF%PDF%PDF%PDF%PDF%PDF%PDF%PDF%PDF%PDF%PDF%PDF%PDF%PDF%PDF%PDF%PDF%PDF%PDF%PDF%PDF%PDF%PDF%PDF%PDF%PDF%PDF%PDF%PDF%PDF%PDF%PDF%PDF%PDF%PDF%PDF%PDF%PDF%PDF%PDF%PDF%PDF%PDF%PDF%PDF%PDF%PDF%PDF%PDF%PDF%PDF%PDF%PDF%PDF%PDF%PDF%PDF%PDF%PDF%PDF%PDF%PDF%PDF%PDF%PDF%PDF%PDF%PDF%PDF%PDF%PDF%PDF%PDF%PDF%PDF%PDF%PDF%PDF%PDF%PDF%PDF%PDF%PDF%PDF%PDF%PDF%PDF%PDF%PDF%PDF%PDF%PDF%PDF%PDF%PDF%PDF%PDF%PDF%PDF%PDF%PDF%PDF%PDF%PDF%PDF%PDF%PDF%PDF%PDF%PDF%PDF%PDF%PDF%PDF%PDF%PDF%PDF%PDF%PDF%PDF%PDF%PDF%PDF%PDF%PDF%PDF%PDF%PDF%PDF%PDF%PDF%PDF%PDF%PDF%PDF%PDF%PDF%PDF%PDF%PDF%PDF%PDF%PDF%PDF%PDF%PDF%PDF%PDF%PDF%PDF%PDF%PDF%PDF%PDF%PDF%PDF%PDF%PDF%PDF%PDF%PDF%PDF%PDF%PDF%PDF%PDF%PDF%PDF%PDF%PDF%PDF%PDF%PDF%PDF%PDF%PDF%PDF%PDF%PDF%PDF%PDF%PDF%PDF%PDF%PDF%PDF%PDF%PDF%PDF%PDF%PDF%PDF%PDF%PDF%PDF%PDF%PDF%PDF%PDF%PDF%PDF%PDF%PDF%PDF%PDF%PDF%PDF%PDF%PDF%PDF%PDF%PDF%PDF%PDF%PDF%PDF%PDF%PDF%PDF%PDF%PDF%PDF%PDF%PDF%PDF%PDF%PDF%PDF%PDF%PDF%PDF%PDF%PDF%PDF%PDF%PDF%PDF%PDF%PDF%PDF%PDF%PDF%PDF%PDF%PDF%PDF%PDF%PDF%PDF%PDF%PDF%PDF%PDF%PDF%PDF%PDF%PDF%PDF%PDF%PDF%PDF%PDF%PDF%PDF%PDF%PDF%PDF%PDF%PDF%PDF%PDF%PDF%PDF%PDF%PDF%PDF%PDF%PDF%PDF%PDF%PDF%PDF%PDF%PDF%PDF%PDF%PDF%PDF%PDF%PDF%PDF%PDF%PDF%PDF%PDF%PDF%PDF%PDF%PDF%PDF%PDF%PDF%PDF%PDF%PDF%PDF%PDF%PDF%PDF%PDF%PDF%PDF%PDF%PDF%PDF%PDF%PDF%PDF%PDF%PDF%PDF%PDF%PDF%PDF%PDF%PDF%PDF%PDF%PDF%PDF%PDF%PDF%PDF%PDF%PDF%PDF%PDF%PDF%PDF%PDF%PDF%PDF%PDF%PDF%PDF%PDF%PDF%PDF%PDF%PDF%PDF%PDF%PDF%PDF%PDF%PDF%PDF%PDF%PDF%PDF%PDF%PDF%PDF%PDF%PDF%PDF%PDF%PDF%PDF%PDF%PDF%PDF%PDF%PDF%PDF%PDF%PDF%PDF%PDF%PDF%PDF%PDF%PDF%PDF%PDF%PDF%PDF%PDF%PDF%PDF%PDF%PDF%PDF%PDF%PDF%PDF%PDF%PDF%PDF%PDF%PDF%PDF%PDF%PDF%PDF%PDF%PDF%PDF%PDF%PDF%PDF%PDF%PDF%PDF%PDF%PDF%PDF%PDF%PDF%PDF%PDF%PDF%PDF%PDF%PDF%PDF%PDF%PDF%PDF%PDF%PDF%PDF%PDF%PDF%PDF%PDF%PDF%PDF%PDF%PDF%PDF%PDF%PDF%PDF%PDF%PDF%PDF%PDF%PDF%PDF%PDF%PDF%PDF%PDF%PDF%PDF%PDF%PDF%PDF%PDF%PDF%PDF%PDF%PDF%PDF%PDF%PDF%PDF%PDF%PDF%PDF%PDF%PDF%PDF%PDF%PDF%PDF%PDF%PDF%PDF%PDF%PDF%PDF%PDF%PDF%PDF%PDF%PDF%PDF%PDF%PDF%PDF%PDF%PDF%PDF%PDF%PDF%PDF%PDF%PDF%PDF%PDF%PDF%PDF%PDF%PDF%PDF%PDF%PDF%PDF%PDF%PDF%PDF%PDF%PDF%PDF%PDF%PDF%PDF%PDF%PDF%PDF%PDF%PDF%PDF%PDF%PDF%PDF%PDF%PDF%PDF%PDF%PDF%PDF%PDF%PDF%PDF%PDF%PDF%PDF%PDF%PDF%PDF%PDF%PDF%PDF%PDF%PDF%PDF%PDF%PDF%PDF%PDF%PDF%PDF%PDF%PDF%PDF%PDF%PDF%PDF%PDF%PDF%PDF%PDF%PDF%PDF%PDF%PDF%PDF%PDF%PDF%PDF%PDF%PDF%PDF%PDF%PDF%PDF%PDF%PDF%PDF%PDF%PDF%PDF%PDF%PDF%PDF%PDF%PDF%PDF%PDF%PDF%PDF%PDF%PDF%PDF%PDF%PDF%PDF%PDF%PDF%PDF%PDF%PDF%PDF%PDF%PDF%PDF%PDF%PDF%PDF%PDF%PDF%PDF%PDF%PDF%PDF%PDF%PDF%PDF%PDF%PDF%PDF%PDF%PDF%PDF%PDF%PDF%PDF%PDF%PDF%PDF%PDF%PDF%PDF%PDF%PDF%PDF%PDF%PDF%PDF%PDF%PDF%PDF%PDF%PDF%PDF%PDF%PDF%PDF%PDF%PDF%PDF%PDF%PDF%PDF%PDF%PDF%PDF%PDF%PDF%PDF%PDF%PDF%PDF%PDF%PDF%PDF%PDF%PDF%PDF%PDF%PDF%PDF%PDF%PDF%PDF%PDF%PDF%PDF%PDF%PDF%PDF%PDF%PDF%PDF%PDF%PDF%PDF%PDF%PDF%PDF%PDF%PDF%PDF%PDF%PDF%PDF%PDF%PDF%PDF%PDF%PDF%PDF%PDF%PDF%PDF%PDF%PDF%PDF%PDF%PDF%PDF%PDF%PDF%PDF%PDF%PDF%PDF%PDF%PDF%PDF%PDF%PDF%PDF%PDF%PDF%PDF%PDF%PDF%PDF%PDF%PDF%PDF%PDF%PDF%PDF%PDF%PDF%PDF%PDF%PDF%PDF%PDF%PDF%PDF%PDF%PDF%PDF%PDF%PDF%PDF%PDF%PDF%PDF%PDF%PDF%PDF%PDF%PDF%PDF%PDF%PDF%PDF%PDF%PDF%PDF%PDF%PDF%PDF%PDF%PDF%PDF%PDF%PDF%PDF%PDF%PDF%PDF%PDF%PDF%PDF%PDF%PDF%PDF%PDF%PDF%PDF%PDF%PDF%PDF%PDF%PDF%PDF%PDF%PDF%PDF%PDF%PDF%PDF%PDF%PDF%PDF%PDF%PDF%PDF%PDF%PDF%PDF%PDF%PDF%PDF%PDF%PDF%PDF%PDF%PDF%PDF%PDF%PDF%PDF%PDF%PDF%PDF%PDF%PDF%PDF%PDF%PDF%PDF%PDF%PDF%PDF%PDF%PDF%PDF%PDF%PDF%PDF%PDF%PDF%PDF%PDF%PDF%PDF%PDF%PDF%PDF%PDF%PDF%PDF%PDF%PDF%PDF%PDF%PDF%PDF%PDF%PDF%PDF%PDF%PDF%PDF%PDF%PDF%PDF%PDF%PDF%PDF%PDF%PDF%PDF%PDF%PDF%PDF%PDF%PDF%PDF%PDF%PDF%PDF%PDF%PDF%PDF%PDF%PDF%PDF%PDF%PDF%PDF%PDF%PDF%PDF%PDF%PDF%PDF%PDF%PDF%PDF%PDF%PDF%PDF%PDF%PDF%PDF%PDF%PDF%PDF%PDF%PDF%PDF%PDF%PDF%PDF%PDF%PDF%PDF%PDF%PDF%PDF%PDF%PDF%PDF%PDF%PDF%PDF%PDF%PDF%PDF%PDF%PDF%PDF%PDF%PDF%PDF%PDF%PDF%PDF%PDF%PDF%PDF%PDF%PDF%PDF%PDF%PDF%PDF%PDF%PDF%PDF%PDF%PDF%PDF%PDF%PDF%PDF%PDF%PDF%PDF%PDF%PDF%PDF%PDF%PDF%PDF%PDF%PDF%PDF%PDF%PDF%PDF%PDF%PDF%PDF%PDF%PDF%PDF%PDF%PDF%PDF%PDF%PDF%PDF%PDF%PDF%PDF%PDF%PDF%PDF%PDF%PDF%PDF%PDF%PDF%PDF%PDF%PDF%PDF%PDF%PDF%PDF%PDF%PDF%PDF%PDF%PDF%PDF%PDF%PDF%PDF%PDF%PDF%PDF%PDF%PDF%PDF%PDF%PDF%PDF%PDF%PDF%PDF%PDF%PDF%PDF%PDF%PDF%PDF%PDF%PDF%PDF%PDF%PDF%PDF%PDF%PDF%PDF%PDF%PDF%PDF%PDF%PDF%PDF%PDF%PDF%PDF%PDF%PDF%PDF%PDF%PDF%PDF%PDF%PDF%PDF%PDF%PDF%PDF%PDF%PDF%PDF%PDF%PDF%PDF%PDF%PDF%PDF%PDF%PDF%PDF%PDF%PDF%PDF%PDF%PDF%PDF%PDF%PDF%PDF%PDF%PDF%PDF%PDF%PDF%PDF%PDF%PDF%PDF%PDF%PDF%PDF%PDF%PDF%PDF%PDF%PDF%PDF%PDF%PDF%PDF%PDF%PDF%PDF%PDF%PDF%PDF%PDF%PDF%PDF%PDF%PDF%PDF%PDF%PDF%PDF%PDF%PDF%PDF%PDF%PDF%PDF%PDF%PDF%PDF%PDF%PDF%PDF%PDF%PDF%PDF%PDF%PDF%PDF%PDF%PDF%PDF%PDF%PDF%PDF%PDF%PDF%PDF%PDF%PDF%PDF%PDF%PDF%PDF%PDF%PDF%PDF%PDF%PDF%PDF%PDF%PDF%PDF%PDF%PDF%PDF%PDF%PDF%PDF%PDF%PDF%PDF%PDF%PDF%PDF%PDF%PDF%PDF%PDF%PDF%PDF%PDF%PDF%PDF%PDF%PDF%PDF%PDF%PDF%PDF%PDF%PDF%PDF%PDF%PDF%PDF%PDF%PDF%PDF%PDF%PDF%PDF%PDF%PDF%PDF%PDF%PDF%PDF%PDF%PDF%PDF%PDF%PDF%PDF%PDF%PDF%PDF%PDF%PDF%PDF%PDF%PDF%PDF%PDF%PDF%PDF%PDF%PDF%PDF%PDF%PDF%PDF%PDF%PDF%PDF%PDF%PDF%PDF%PDF%PDF%PDF%PDF%PDF%PDF%PDF%PDF%PDF%PDF%PDF%PDF%PDF%PDF%PDF%PDF%PDF%PDF%PDF%PDF%PDF%PDF%PDF%PDF%PDF%PDF%PDF%PDF%PDF%PDF%PDF%PDF%PDF%PDF%PDF%PDF%PDF%PDF%PDF%PDF%PDF%PDF%PDF%PDF%PDF%PDF%PDF%PDF%PDF%PDF%PDF%PDF%PDF%PDF%PDF%PDF%PDF%PDF%PDF%PDF%PDF%PDF%PDF%PDF%PDF%PDF%PDF%PDF%PDF%PDF%PDF%PDF%PDF%PDF%PDF%PDF%PDF%PDF%PDF%PDF%PDF%PDF%PDF%PDF%PDF%PDF%PDF%PDF%PDF%PDF%PDF%PDF%PDF%PDF%PDF%PDF%PDF%PDF%PDF%PDF%PDF%PDF%PDF%PDF%PDF%PDF%PDF%PDF%PDF%PDF%PDF%PDF%PDF%PDF%PDF%PDF%PDF%PDF%PDF%PDF%PDF%PDF%PDF%PDF%PDF%PDF%PDF%PDF%PDF%PDF%PDF%PDF%PDF%PDF%PDF%PDF%PDF%PDF%PDF%PDF%PDF%PDF%PDF%PDF%PDF%PDF%PDF%PDF%PDF%PDF%PDF%PDF%PDF%PDF%PDF%PDF%PDF%PDF%PDF%PDF%PDF%PDF%PDF%PDF%PDF%PDF%PDF%PDF%PDF%PDF%PDF%PDF%PDF%PDF%PDF%PDF%PDF%PDF%PDF%PDF%PDF%PDF%PDF%PDF%PDF%PDF%PDF%PDF%PDF%PDF%PDF%PDF%PDF%PDF%PDF%PDF%PDF%PDF%PDF%PDF%PDF%PDF%PDF%PDF%PDF%PDF%PDF%PDF%PDF%PDF%PDF%PDF%PDF%PDF%PDF%PDF%PDF%PDF%PDF%PDF%PDF%PDF%PDF%PDF%PDF%PDF%PDF%PDF%PDF%PDF%PDF%PDF%PDF%PDF%PDF%PDF%PDF%PDF%PDF%PDF%PDF%PDF%PDF%PDF%PDF%PDF%PDF%PDF%PDF%PDF%PDF%PDF%PDF%PDF%PDF%PDF%PDF%PDF%PDF%PDF%PDF%PDF%PDF%PDF%PDF%PDF%PDF%PDF%PDF%PDF%PDF%PDF%PDF%PDF%PDF%PDF%PDF%PDF%PDF%PDF%PDF%PDF%PDF%PDF%PDF%PDF%PDF%PDF%PDF%PDF%PDF%PDF%PDF%PDF%PDF%PDF%PDF%PDF%PDF%PDF%PDF%PDF%PDF%PDF%PDF%PDF%PDF%PDF%PDF%PDF%PDF%PDF%PDF%PDF%PDF%PDF%PDF%PDF%PDF%PDF%PDF%PDF%PDF%PDF%PDF%PDF%PDF%PDF%PDF%PDF%PDF%PDF%PDF%PDF%PDF%PDF%PDF%PDF%PDF%PDF%PDF%PDF%PDF%PDF%PDF%PDF%PDF%PDF%PDF%PDF%PDF%PDF%PDF%PDF%PDF%PDF%PDF%PDF%PDF%PDF%PDF%PDF%PDF%PDF%PDF%PDF%PDF%PDF%PDF%PDF%PDF%PDF%PDF%PDF%PDF%PDF%PDF%PDF%PDF%PDF%PDF%PDF%PDF%PDF%PDF%PDF%PDF%PDF%PDF%PDF%PDF%PDF%PDF%PDF%PDF%PDF%PDF%PDF%PDF%PDF%PDF%PDF%PDF%PDF%PDF%PDF%PDF%PDF%PDF%PDF%PDF%PDF%PDF%PDF%PDF%PDF%PDF%PDF%PDF%PDF%PDF%PDF%PDF%PDF%PDF%PDF%PDF%PDF%PDF%PDF%PDF%PDF%PDF%PDF%PDF%PDF%PDF%PDF%PDF%PDF%PDF%PDF%PDF%PDF%PDF%PDF%PDF%PDF%PDF%PDF%PDF%PDF%PDF%PDF%PDF%PDF%PDF%PDF%PDF%PDF%PDF%PDF%PDF%PDF%PDF%PDF%PDF%PDF%PDF%PDF%PDF%PDF%PDF%PDF%PDF%PDF%PDF%PDF%PDF%PDF%PDF%PDF%PDF%PDF%PDF%PDF%PDF%PDF%PDF%PDF%PDF%PDF%PDF%PDF%PDF%PDF%PDF%PDF%PDF%PDF%PDF%PDF%PDF%PDF%PDF%PDF%PDF%PDF%PDF%PDF%PDF%PDF%PDF%PDF%PDF%PDF%PDF%PDF%PDF%PDF%PDF%PDF%PDF%PDF%PDF%PDF%PDF%PDF%PDF%PDF%PDF%PDF%PDF%PDF%PDF%PDF%PDF%PDF%PDF%PDF%PDF%PDF%PDF%PDF%PDF%PDF%PDF%PDF%PDF%PDF%PDF%PDF%PDF%PDF%PDF%PDF%PDF%PDF%PDF%PDF%PDF%PDF%PDF%PDF%PDF%PDF%PDF%PDF%PDF%PDF%PDF%PDF%PDF%PDF%PDF%PDF%PDF%PDF%PDF%PDF%PDF%PDF%PDF%PDF%PDF%PDF%PDF%PDF%PDF%PDF%PDF%PDF%PDF%PDF%PDF%PDF%PDF%PDF%PDF%PDF%PDF%PDF%PDF%PDF%PDF%PDF%PDF%PDF%PDF%PDF%PDF%PDF%PDF%PDF%PDF%PDF%PDF%PDF%PDF%PDF%PDF%PDF%PDF%PDF%PDF%PDF%PDF%PDF%PDF%PDF%PDF%PDF%PDF%PDF%PDF%PDF%PDF%PDF%PDF%PDF%PDF%PDF%PDF%PDF%PDF%PDF%PDF%PDF%PDF%PDF%PDF%PDF%PDF%PDF%PDF%PDF%PDF%PDF%PDF%PDF%PDF%PDF%PDF%PDF%PDF%PDF%PDF%PDF%PDF%PDF%PDF%PDF%PDF%PDF%PDF%PDF%PDF%PDF%PDF%PDF%PDF%PDF%PDF%PDF%PDF%PDF%PDF%PDF%PDF%PDF%PDF%PDF%PDF%PDF%PDF%PDF%PDF%PDF%PDF%PDF%PDF%PDF%PDF%PDF%PDF%PDF%PDF%PDF%PDF%PDF%PDF%PDF%PDF%PDF%PDF%PDF%PDF%PDF%PDF%PDF%PDF%PDF%PDF%PDF%PDF%PDF%PDF%PDF%PDF%PDF%PDF%PDF%PDF%PDF%PDF%PDF%PDF%PDF%PDF%PDF%PDF%PDF%PDF%PDF%PDF%PDF%PDF%PDF%PDF%PDF%PDF%PDF%PDF%PDF%PDF%PDF%PDF%PDF%PDF%PDF%PDF%PDF%PDF%PDF%PDF%PDF%PDF%PDF%PDF%PDF%PDF%PDF%PDF%PDF%PDF%PDF%PDF%PDF%PDF%PDF%PDF%PDF%PDF%PDF%PDF%PDF%PDF%PDF%PDF%PDF%PDF%PDF%PDF%PDF%PDF%PDF%PDF%PDF%PDF%PDF%PDF%PDF%PDF%PDF%PDF%PDF%PDF%PDF%PDF%PDF%PDF%PDF%PDF%PDF%PDF%PDF%PDF%PDF%PDF%PDF%PDF%PDF%PDF%PDF%PDF%PDF%PDF%PDF%PDF%PDF%PDF%PDF%PDF%PDF%PDF%PDF%PDF%PDF%PDF%PDF%PDF%PDF%PDF%PDF%PDF%PDF%PDF%PDF%PDF%PDF%PDF%PDF%PDF%PDF%PDF%PDF%PDF%PDF%PDF%PDF%PDF%PDF%PDF%PDF%PDF%PDF%PDF%PDF%PDF%PDF%PDF%PDF%PDF%PDF%PDF%PDF%PDF%PDF%PDF%PDF%PDF%PDF%PDF%PDF%PDF%PDF%PDF%PDF%PDF%PDF%PDF%PDF%PDF%PDF%PDF%PDF%PDF%PDF%PDF%PDF%PDF%PDF%PDF%PDF%PDF%PDF%PDF%PDF%PDF%PDF%PDF%PDF%PDF%PDF%PDF%PDF%PDF%PDF%PDF%PDF%PDF%PDF%PDF%PDF%PDF%PDF%PDF%PDF%PDF%PDF%PDF%PDF%PDF%PDF%PDF%PDF%PDF%PDF%PDF%PDF%PDF%PDF%PDF%PDF%PDF%PDF%PDF%PDF%PDF%PDF%PDF%PDF%PDF%PDF%PDF%PDF%PDF%PDF%PDF%PDF%PDF%PDF%PDF%PDF%PDF%PDF%PDF%PDF%PDF%PDF%PDF%PDF%PDF%PDF%PDF%PDF%PDF%PDF%PDF%PDF%PDF%PDF%PDF%PDF%PDF%PDF%PDF%PDF%PDF%PDF%PDF%PDF%PDF%PDF%PDF%PDF%PDF%PDF%PDF%PDF%PDF%PDF%PDF%PDF%PDF%PDF%PDF%PDF%PDF%PDF%PDF%PDF%PDF%PDF%PDF%PDF%PDF%PDF%PDF%PDF%PDF%PDF%PDF%PDF%PDF%PDF%PDF%PDF%PDF%PDF%PDF%PDF%PDF%PDF%PDF%PDF%PDF%PDF%PDF%PDF%PDF%PDF%PDF%PDF%PDF%PDF%PDF%PDF%PDF%PDF%PDF%PDF%PDF%PDF%PDF%PDF%PDF%PDF%PDF%PDF%PDF%PDF%PDF%PDF%PDF%PDF%PDF%PDF%PDF%PDF%PDF%PDF%PDF%PDF%PDF%PDF%PDF%PDF%PDF%PDF%PDF%PDF%PDF%PDF%PDF%PDF%PDF%PDF%PDF%PDF%PDF%PDF%PDF%PDF%PDF%PDF%PDF%PDF%PDF%PDF%PDF%PDF%PDF%PDF%PDF%PDF%PDF%PDF%PDF%PDF%PDF%PDF%PDF%PDF%PDF%PDF%PDF%PDF%PDF%PDF%PDF%PDF%PDF%PDF%PDF%PDF%PDF%PDF%PDF%PDF%PDF%PDF%PDF%PDF%PDF%PDF%PDF%PDF%PDF%PDF%PDF%PDF%PDF%PDF%PDF%PDF%PDF%PDF%PDF%PDF%PDF%PDF%PDF%PDF%PDF%PDF%PDF%PDF%PDF%PDF%PDF%PDF%PDF%PDF%PDF%PDF%PDF%PDF%PDF%PDF%PDF%PDF%PDF%PDF%PDF%PDF%PDF%PDF%PDF%PDF%PDF%PDF%PDF%PDF%PDF%PDF%PDF%PDF%PDF%PDF%PDF%PDF%PDF%PDF%PDF%PDF%PDF%PDF%PDF%PDF%PDF%PDF%PDF%PDF%PDF%PDF%PDF%PDF%PDF%PDF%PDF%PDF%PDF%PDF%PDF%PDF%PDF%PDF%PDF%PDF%PDF%PDF%PDF%PDF%PDF%PDF%PDF%PDF%PDF%PDF%PDF%PDF%PDF%PDF%PDF%PDF%PDF%PDF%PDF%PDF%PDF%PDF%PDF%PDF%PDF%PDF%PDF%PDF%PDF%PDF%PDF%PDF%PDF%PDF%PDF%PDF%PDF%PDF%PDF%PDF%PDF%PDF%PDF%PDF%PDF%PDF%PDF%PDF%PDF%PDF%PDF%PDF%PDF%PDF%PDF%PDF%PDF%PDF%PDF%PDF%PDF%PDF%PDF%PDF%PDF%PDF%PDF%PDF%PDF%PDF%PDF%PDF%PDF%PDF%PDF%PDF%PDF%PDF%PDF%PDF%PDF%PDF%PDF%PDF%PDF%PDF%PDF%PDF%PDF%PDF%PDF%PDF%PDF%PDF%PDF%PDF%PDF%PDF%PDF%PDF%PDF%PDF%PDF%PDF%PDF%PDF%PDF%PDF%PDF%PDF%PDF%PDF%PDF%PDF%PDF%PDF%PDF%PDF%PDF%PDF%PDF%PDF%PDF%PDF%PDF%PDF%PDF%PDF%PDF%PDF%PDF%PDF%PDF%PDF%PDF%PDF%PDF%PDF%PDF%PDF%PDF%PDF%PDF%PDF%PDF%PDF%PDF%PDF%PDF%PDF%PDF%PDF%PDF%PDF%PDF%PDF%PDF%PDF%PDF%PDF%PDF%PDF%PDF%PDF%PDF%PDF%PDF%PDF%PDF%PDF%PDF%PDF%PDF%PDF%PDF%PDF%PDF%PDF%PDF%PDF%PDF%PDF%PDF%PDF%PDF%PDF%PDF%PDF%PDF%PDF%PDF%PDF%PDF%PDF%PDF%PDF%PDF%PDF%PDF%PDF%PDF%PDF%PDF%PDF%PDF%PDF%PDF%PDF%PDF%PDF%PDF%PDF%PDF%PDF%PDF%PDF%PDF%PDF%PDF%PDF%PDF%PDF%PDF%PDF%PDF%PDF%PDF%PDF%PDF%PDF%PDF%PDF%PDF%PDF%PDF%PDF%PDF%PDF%PDF%PDF%PDF%PDF%PDF%PDF%PDF%PDF%PDF%PDF%PDF%PDF%PDF%PDF%PDF%PDF%PDF%PDF%PDF%PDF%PDF%PDF%PDF%PDF%PDF%PDF%PDF%PDF%PDF%PDF%PDF%PDF%PDF%PDF%PDF%PDF%PDF%PDF%PDF%PDF%PDF%PDF%PDF%PDF%PDF%PDF%PDF%PDF%PDF%PDF%PDF%PDF%PDF%PDF%PDF%PDF%PDF%PDF%PDF%PDF%PDF%PDF%PDF%PDF%PDF%PDF%PDF%PDF%PDF%PDF%PDF%PDF%PDF%PDF%PDF%PDF%PDF%PDF%PDF%PDF%PDF%PDF%PDF%PDF%PDF%PDF%PDF%PDF%PDF%PDF%PDF%PDF%PDF%PDF%PDF%PDF%PDF%PDF%PDF%PDF%PDF%PDF%PDF%PDF%PDF%PDF%PDF%PDF%PDF%PDF%PDF%PDF%PDF%PDF%PDF%PDF%PDF%PDF%PDF%PDF%PDF%PDF%PDF%PDF%PDF%PDF%PDF%PDF%PDF%PDF%PDF%PDF%PDF%PDF%PDF%PDF%PDF%PDF%PDF%PDF%PDF%PDF%PDF%PDF%PDF%PDF%PDF%PDF%PDF%PDF%PDF%PDF%PDF%PDF%PDF%PDF%PDF%PDF%PDF%PDF%PDF%PDF%PDF%PDF%PDF%PDF%PDF%PDF%PDF%PDF%PDF%PDF%PDF%PDF%PDF%PDF%PDF%PDF%PDF%PDF%PDF%PDF%PDF%PDF%PDF%PDF%PDF%PDF%PDF%PDF%PDF%PDF%PDF%PDF%PDF%PDF%PDF%PDF%PDF%PDF%PDF%PDF%PDF%PDF%PDF%PDF%PDF%PDF%PDF%PDF%PDF%PDF%PDF%PDF%PDF%PDF%PDF%PDF%PDF%PDF%PDF%PDF%PDF%PDF%PDF%PDF%PDF%PDF%PDF%PDF%PDF%PDF%PDF%PDF%PDF%PDF%PDF%PDF%PDF%PDF%PDF%PDF%PDF%PDF%PDF%PDF%PDF%PDF%PDF%PDF%PDF%PDF%PDF%PDF%PDF%PDF%PDF%PDF%PDF%PDF%PDF%PDF%PDF%PDF%PDF%PDF%PDF%PDF%PDF%PDF%PDF%PDF%PDF%PDF%PDF%PDF%PDF%PDF%PDF%PDF%PDF%PDF%PDF%PDF%PDF%PDF%PDF%PDF%PDF%PDF%PDF%PDF%PDF%PDF%PDF%PDF%PDF%PDF%PDF%PDF%PDF%PDF%PDF%PDF%PDF%PDF%PDF%PDF%PDF%PDF%PDF%PDF%PDF%PDF%PDF%PDF%PDF%PDF%PDF%PDF%PDF%PDF%PDF%PDF%PDF%PDF%PDF%PDF%PDF%PDF%PDF%PDF%PDF%PDF%PDF%PDF%PDF%PDF%PDF%PDF%PDF%PDF%PDF%PDF%PDF%PDF%PDF%PDF%PDF%PDF%PDF%PDF%PDF%PDF%PDF%PDF%PDF%PDF%PDF%PDF%PDF%PDF%PDF%PDF%PDF%PDF%PDF%PDF%PDF%PDF%PDF%PDF%PDF%PDF%PDF%PDF%PDF%PDF%PDF%PDF%PDF%PDF%PDF%PDF%PDF%PDF%PDF%PDF%PDF%PDF%PDF%PDF%PDF%PDF%PDF%PDF%PDF%PDF%PDF%PDF%PDF%PDF%PDF%PDF%PDF%PDF%PDF%PDF%PDF%PDF%PDF%PDF%PDF%PDF%PDF%PDF%PDF%PDF%PDF%PDF%PDF%PDF%PDF%PDF%PDF%PDF%PDF%PDF%PDF%PDF%PDF%PDF%PDF%PDF%PDF%PDF%PDF%PDF%PDF%PDF%PDF%PDF%PDF%PDF%PDF%PDF%PDF%PDF%PDF%PDF%PDF%PDF%PDF%PDF%PDF%PDF%PDF%PDF%PDF%PDF%PDF%PDF%PDF%PDF%PDF%PDF%PDF%PDF%PDF%PDF%PDF%PDF%PDF%PDF%PDF%PDF%PDF%PDF%PDF%PDF%PDF%PDF%PDF%PDF%PDF%PDF%PDF%PDF%PDF%PDF%PDF%PDF%PDF%PDF%PDF%PDF%PDF%PDF%PDF%PDF%PDF%PDF%PDF%PDF%PDF%PDF%PDF%PDF%PDF%PDF%PDF%PDF%PDF%PDF%PDF%PDF%PDF%PDF%PDF%PDF%PDF%PDF%PDF%PDF%PDF%PDF%PDF%PDF%PDF%PDF%PDF%PDF%PDF%PDF%PDF%PDF%PDF%PDF%PDF%PDF%PDF%PDF%PDF%PDF%PDF%PDF%PDF%PDF%PDF%PDF%PDF%PDF%PDF%PDF%PDF%PDF%PDF%PDF%PDF%PDF%PDF%PDF%PDF%PDF%PDF%PDF%PDF%PDF%PDF%PDF%PDF%PDF%PDF%PDF%PDF%PDF%PDF%PDF%PDF%PDF%PDF%PDF%PDF%PDF%PDF%PDF%PDF%PDF%PDF%PDF%PDF%PDF%PDF%PDF%PDF%PDF%PDF%PDF%PDF%PDF%PDF%PDF%PDF%PDF%PDF%PDF%PDF%PDF%PDF%PDF%PDF%PDF%PDF%PDF%PDF%PDF%PDF%PDF%PDF%PDF%PDF%PDF%PDF%PDF%PDF%PDF%PDF%PDF%PDF%PDF%PDF%PDF%PDF%PDF%PDF%PDF%PDF%PDF%PDF%PDF%PDF%PDF%PDF%PDF%PDF%PDF%PDF%PDF%PDF%PDF%PDF%PDF%PDF%PDF%PDF%PDF%PDF%PDF%PDF%PDF%PDF%PDF%PDF%PDF%PDF%PDF%PDF%PDF%PDF%PDF%PDF%PDF%PDF%PDF%PDF%PDF%PDF%PDF%PDF%PDF%PDF%PDF%PDF%PDF%PDF%PDF%PDF%PDF%PDF%PDF%PDF%PDF%PDF%PDF%PDF%PDF%PDF%PDF%PDF%PDF%PDF%PDF%PDF%PDF%PDF%PDF%PDF%PDF%PDF%PDF%PDF%PDF%PDF%PDF%PDF%PDF%PDF%PDF%PDF%PDF%PDF%PDF%PDF%PDF%PDF%PDF%PDF%PDF%PDF%PDF%PDF%PDF%PDF%PDF%PDF%PDF%PDF%PDF%PDF%PDF%PDF%PDF%PDF%PDF%PDF%PDF%PDF%PDF%PDF%PDF%PDF%PDF%PDF%PDF%PDF%PDF%PDF%PDF%PDF%PDF%PDF%PDF%PDF%PDF%PDF%PDF%PDF%PDF%PDF%PDF%PDF%PDF%PDF%PDF%PDF%PDF%PDF%PDF%PDF%PDF%PDF%PDF%PDF%PDF%PDF%PDF%PDF%PDF%PDF%PDF%PDF%PDF%PDF%PDF%PDF%PDF%PDF%PDF%PDF%PDF%PDF%PDF%PDF%PDF%PDF%PDF%PDF%PDF%PDF%PDF%PDF%PDF%PDF%PDF%PDF%PDF%PDF%PDF%PDF%PDF%PDF%PDF%PDF%PDF%PDF%PDF%PDF%PDF%PDF%PDF%PDF%PDF%PDF%PDF%PDF%PDF%PDF%PDF%PDF%PDF%PDF%PDF%PDF%PDF%PDF%PDF%PDF%PDF%PDF%PDF%PDF%PDF%PDF%PDF%PDF%PDF%PDF%PDF%PDF%PDF%PDF%PDF%PDF%PDF%PDF%PDF%PDF%PDF%PDF%PDF%PDF%PDF%PDF%PDF%PDF%PDF%PDF%PDF%PDF%PDF%PDF%PDF%PDF%PDF%PDF%PDF%PDF%PDF%PDF%PDF%PDF%PDF%PDF%PDF%PDF%PDF%PDF%PDF%PDF%PDF%PDF%PDF%PDF%PDF%PDF%PDF%PDF%PDF%PDF%PDF%PDF%PDF%PDF%PDF%PDF%PDF%PDF%PDF%PDF%PDF%PDF%PDF%PDF%PDF%PDF%PDF%PDF%PDF%PDF%PDF%PDF%PDF%PDF%PDF%PDF%PDF%PDF%PDF%PDF%PDF%PDF%PDF%PDF%PDF%PDF%PDF%PDF%PDF%PDF%PDF%PDF%PDF%PDF%PDF%PDF%PDF%PDF%PDF%PDF%PDF%PDF%PDF%PDF%PDF%PDF%PDF%PDF%PDF%PDF%PDF%PDF%PDF%PDF%PDF%PDF%PDF%PDF%PDF%PDF%PDF%PDF%PDF%PDF%PDF%PDF%PDF%PDF%PDF%PDF%PDF%PDF%PDF%PDF%PDF%PDF%PDF%PDF%PDF%PDF%PDF%PDF%PDF%PDF%PDF%PDF%PDF%PDF%PDF%PDF%PDF%PDF%PDF%PDF%PDF%PDF%PDF%PDF%PDF%PDF%PDF%PDF%PDF%PDF%PDF%PDF%PDF%PDF%PDF%PDF%PDF%PDF%PDF%PDF%PDF%PDF%PDF%PDF%PDF%PDF%PDF%PDF%PDF%PDF%PDF%PDF%PDF%PDF%PDF%PDF%PDF%PDF%PDF%PDF%PDF%PDF%PDF%PDF%PDF%PDF%PDF%PDF%PDF%PDF%PDF%PDF%PDF%PDF%PDF%PDF%PDF%PDF%PDF%PDF%PDF%PDF%PDF%PDF%PDF%PDF%PDF%PDF%PDF%PDF%PDF%PDF%PDF%PDF%PDF%PDF%PDF%PDF%PDF%PDF%PDF%PDF%PDF%PDF%PDF%PDF%PDF%PDF%PDF%PDF%PDF%PDF%PDF%PDF%PDF%PDF%PDF%PDF%PDF%PDF%PDF%PDF%PDF%PDF%PDF%PDF%PDF%PDF%PDF%PDF%PDF%PDF%PDF%PDF%PDF%PDF%PDF%PDF%PDF%PDF%PDF%PDF%PDF%PDF%PDF%PDF%PDF%PDF%PDF%PDF%PDF%PDF%PDF%PDF%PDF%PDF%PDF%PDF%PDF%PDF%PDF%PDF%PDF%PDF%PDF%PDF%PDF%PDF%PDF%PDF%PDF%PDF%PDF%PDF%PDF%PDF%PDF%PDF%PDF%PDF%PDF%PDF%PDF%PDF%PDF%PDF%PDF%PDF%PDF%PDF%PDF%PDF%PDF%PDF%PDF%PDF%PDF%PDF%PDF%PDF%PDF%PDF%PDF%PDF%PDF%PDF%PDF%PDF%PDF%PDF%PDF%PDF%PDF%PDF%PDF%PDF%PDF%PDF%PDF%PDF%PDF%PDF%PDF%PDF%PDF%PDF%PDF%PDF%PDF%PDF%PDF%PDF%PDF%PDF%PDF%PDF%PDF%PDF%PDF%PDF%PDF%PDF%PDF%PDF%PDF%PDF%PDF%PDF%PDF%PDF%PDF%PDF%PDF%PDF%PDF%PDF%PDF%PDF%PDF%PDF%PDF%PDF%PDF%PDF%PDF%PDF%PDF%PDF%PDF%PDF%PDF%PDF%PDF%PDF%PDF%PDF%PDF%PDF%PDF%PDF%PDF%PDF%PDF%PDF%PDF%PDF%PDF%PDF%PDF%PDF%PDF%PDF%PDF%PDF%PDF%PDF%PDF%PDF%PDF%PDF%PDF%PDF%PDF%PDF%PDF%PDF%PDF%PDF%PDF%PDF%PDF%PDF%PDF%PDF%PDF%PDF%PDF%PDF%PDF%PDF%PDF%PDF%PDF%PDF%PDF%PDF%PDF%PDF%PDF%PDF%PDF%PDF%PDF%PDF%PDF%PDF%PDF%PDF%PDF%PDF%PDF%PDF%PDF%PDF%PDF%PDF%PDF%PDF%PDF%PDF%PDF%PDF%PDF%PDF%PDF%PDF%PDF%PDF%PDF%PDF%PDF%PDF%PDF%PDF%PDF%PDF%PDF%PDF%PDF%PDF%PDF%PDF%PDF%PDF%PDF%PDF%PDF%PDF%PDF%PDF%PDF%PDF%PDF%PDF%PDF%PDF%PDF%PDF%PDF%PDF%PDF%PDF%PDF%PDF%PDF%PDF%PDF%PDF%PDF%PDF%PDF%PDF%PDF%PDF%PDF%PDF%PDF%PDF%PDF%PDF%PDF%PDF%PDF%PDF%PDF%PDF%PDF%PDF%PDF%PDF%PDF%PDF%PDF%PDF%PDF%PDF%PDF%PDF%PDF%PDF%PDF%PDF%PDF%PDF%PDF%PDF%PDF%PDF%PDF%PDF%PDF%PDF%PDF%PDF%PDF%PDF%PDF%PDF%PDF%PDF%PDF%PDF%PDF%PDF%PDF%PDF%PDF%PDF%PDF%PDF%PDF%PDF%PDF%PDF%PDF%PDF%PDF%PDF%PDF%PDF%PDF%PDF%PDF%PDF%PDF%PDF%PDF%PDF%PDF%PDF%PDF%PDF%PDF%PDF%PDF%PDF%PDF%PDF%PDF%PDF%PDF%PDF%PDF%PDF%PDF%PDF%PDF%PDF%PDF%PDF%PDF%PDF%PDF%PDF%PDF%PDF%PDF%PDF%PDF%PDF%PDF%PDF%PDF%PDF%PDF%PDF%PDF%PDF%PDF%PDF%PDF%PDF%PDF%PDF%PDF%PDF%PDF%PDF%PDF%PDF%PDF%PDF%PDF%PDF%PDF%PDF%PDF%PDF%PDF%PDF%PDF%PDF%PDF%PDF%PDF%PDF%PDF%PDF%PDF%PDF%PDF%PDF%PDF%PDF%PDF%PDF%PDF%PDF%PDF%PDF%PDF%PDF%PDF%PDF%PDF%PDF%PDF%PDF%PDF%PDF%PDF%PDF%PDF%PDF%PDF%PDF%PDF%PDF%PDF%PDF%PDF%PDF%PDF%PDF%PDF%PDF%PDF%PDF%PDF%PDF%PDF%PDF%PDF%PDF%PDF%PDF%PDF%PDF%PDF%PDF%PDF%PDF%PDF%PDF%PDF%PDF%PDF%PDF%PDF%PDF%PDF%PDF%PDF%PDF%PDF%PDF%PDF%PDF%PDF%PDF%PDF%PDF%PDF%PDF%PDF%PDF%PDF%PDF%PDF%PDF%PDF%PDF%PDF%PDF%PDF%PDF%PDF%PDF%PDF%PDF%PDF%PDF%PDF%PDF%PDF%PDF%PDF%PDF%PDF%PDF%PDF%PDF%PDF%PDF%PDF%PDF%PDF%PDF%PDF%PDF%PDF%PDF%PDF%PDF%PDF%PDF%PDF%PDF%PDF%PDF%PDF%PDF%PDF%PDF%PDF%PDF%PDF%PDF%PDF%PDF%PDF%PDF%PDF%PDF%PDF%PDF%PDF%PDF%PDF%PDF%PDF%PDF%PDF%PDF%PDF%PDF%PDF%PDF%PDF%PDF%PDF%PDF%PDF%PDF%PDF%PDF%PDF%PDF%PDF%PDF%PDF%PDF%PDF%PDF%PDF%PDF%PDF%PDF%PDF%PDF%PDF%PDF%PDF%PDF%PDF%PDF%PDF%PDF%PDF%PDF%PDF%PDF%PDF%PDF%PDF%PDF%PDF%PDF%PDF%PDF%PDF%PDF%PDF%PDF%PDF%PDF%PDF%PDF%PDF%PDF%PDF%PDF%PDF%PDF%PDF%PDF%PDF%PDF%PDF%PDF%PDF%PDF%PDF%PDF%PDF%PDF%PDF%PDF%PDF%PDF%PDF%PDF%PDF%PDF%PDF%PDF%PDF%PDF%PDF%PDF%PDF%PDF%PDF%PDF%PDF%PDF%PDF%PDF%PDF%PDF%PDF%PDF%PDF%PDF%PDF%PDF%PDF%PDF%PDF%PDF%PDF%PDF%PDF%PDF%PDF%PDF%PDF%PDF%PDF%PDF%PDF%PDF%PDF%PDF%PDF%PDF%PDF%PDF%PDF%PDF%PDF%PDF%PDF%PDF%PDF%PDF%PDF%PDF%PDF%PDF%PDF%PDF%PDF%PDF%PDF%PDF%PDF%PDF%PDF%PDF%PDF%PDF%PDF%PDF%PDF%PDF%PDF%PDF%PDF%PDF%PDF%PDF%PDF%PDF%PDF%PDF%PDF%PDF%PDF%PDF%PDF%PDF%PDF%PDF%PDF%PDF%PDF%PDF%PDF%PDF%PDF%PDF%PDF%PDF%PDF%PDF%PDF%PDF%PDF%PDF%PDF%PDF%PDF%PDF%PDF%PDF%PDF%PDF%PDF%PDF%PDF%PDF%PDF%PDF%PDF%PDF%PDF%PDF%PDF%PDF%PDF%PDF%PDF%PDF%PDF%PDF%PDF%PDF%PDF%PDF%PDF%PDF%PDF%PDF%PDF%PDF%PDF%PDF%PDF%PDF%PDF%PDF%PDF%PDF%PDF%PDF%PDF%PDF%PDF%PDF%PDF%PDF%PDF%PDF%PDF%PDF-
DOC document
?[1;31m
Start test 3?[0m
%PDF%PDF%PDF%PDF%PDF%PDF%PDF%PDF%PDF%PDF%PDF%PDF%PDF%PDF%PDF%PDF%PDF%PDF%PDF%PDF%PDF%PDF%PDF%PDF%PDF%PDF%PDF%PDF%PDF%PDF%PDF%PDF%PDF%PDF%PDF%PDF%PDF%PDF%PDF%PDF%PDF%PDF%PDF%PDF%PDF%PDF%PDF%PDF%PDF%PDF%PDF%PDF%PDF%PDF%PDF%PDF%PDF%PDF%PDF%PDF%PDF%PDF%PDF%PDF%PDF%PDF%PDF%PDF%PDF%PDF%PDF%PDF%PDF%PDF%PDF%PDF%PDF%PDF%PDF%PDF%PDF%PDF%PDF%PDF%PDF%PDF%PDF%PDF%PDF%PDF%PDF%PDF%PDF%PDF%PDF%PDF%PDF%PDF%PDF%PDF%PDF%PDF%PDF%PDF%PDF%PDF%PDF%PDF%PDF%PDF%PDF%PDF%PDF%PDF%PDF%PDF%PDF%PDF%PDF%PDF%PDF%PDF%PDF%PDF%PDF%PDF%PDF%PDF%PDF%PDF%PDF%PDF%PDF%PDF%PDF%PDF%PDF%PDF%PDF%PDF%PDF%PDF%PDF%PDF%PDF%PDF%PDF%PDF%PDF%PDF%PDF%PDF%PDF%PDF%PDF%PDF%PDF%PDF%PDF%PDF%PDF%PDF%PDF%PDF%PDF%PDF%PDF%PDF%PDF%PDF%PDF%PDF%PDF%PDF%PDF%PDF%PDF%PDF%PDF%PDF%PDF%PDF%PDF%PDF%PDF%PDF%PDF%PDF%PDF%PDF%PDF%PDF%PDF%PDF%PDF%PDF%PDF%PDF%PDF%PDF%PDF%PDF%PDF%PDF%PDF%PDF%PDF%PDF%PDF%PDF%PDF%PDF%PDF%PDF%PDF%PDF%PDF%PDF%PDF%PDF%PDF%PDF%PDF%PDF%PDF%PDF%PDF%PDF%PDF%PDF%PDF%PDF%PDF%PDF%PDF%PDF%PDF%PDF%PDF%PDF%PDF%PDF%PDF%PDF%PDF%PDF%PDF%PDF%PDF%PDF%PDF%PDF%PDF%PDF%PDF%PDF%PDF%PDF%PDF%PDF%PDF%PDF%PDF%PDF%PDF%PDF%PDF%PDF%PDF%PDF%PDF%PDF%PDF%PDF%PDF%PDF%PDF%PDF%PDF%PDF%PDF%PDF%PDF%PDF%PDF%PDF%PDF%PDF%PDF%PDF%PDF%PDF%PDF%PDF%PDF%PDF%PDF%PDF%PDF%PDF%PDF%PDF%PDF%PDF%PDF%PDF%PDF%PDF%PDF%PDF%PDF%PDF%PDF%PDF%PDF%PDF%PDF%PDF%PDF%PDF%PDF%PDF%PDF%PDF%PDF%PDF%PDF%PDF%PDF%PDF%PDF%PDF%PDF%PDF%PDF%PDF%PDF%PDF%PDF%PDF%PDF%PDF%PDF%PDF%PDF%PDF%PDF%PDF%PDF%PDF%PDF%PDF%PDF%PDF%PDF%PDF%PDF%PDF%PDF%PDF%PDF%PDF%PDF%PDF%PDF%PDF%PDF%PDF%PDF%PDF%PDF%PDF%PDF%PDF%PDF%PDF%PDF%PDF%PDF%PDF%PDF%PDF%PDF%PDF%PDF%PDF%PDF%PDF%PDF%PDF%PDF%PDF%PDF%PDF%PDF%PDF%PDF%PDF%PDF%PDF%PDF%PDF%PDF%PDF%PDF%PDF%PDF%PDF%PDF%PDF%PDF%PDF%PDF%PDF%PDF%PDF%PDF%PDF%PDF%PDF%PDF%PDF%PDF%PDF%PDF%PDF%PDF%PDF%PDF%PDF%PDF%PDF%PDF%PDF%PDF%PDF%PDF%PDF%PDF%PDF%PDF%PDF%PDF%PDF%PDF%PDF%PDF%PDF%PDF%PDF%PDF%PDF%PDF%PDF%PDF%PDF%PDF%PDF%PDF%PDF%PDF%PDF%PDF%PDF%PDF%PDF%PDF%PDF%PDF%PDF%PDF%PDF%PDF%PDF%PDF%PDF%PDF%PDF%PDF%PDF%PDF%PDF%PDF%PDF%PDF%PDF%PDF%PDF%PDF%PDF%PDF%PDF%PDF%PDF%PDF%PDF%PDF%PDF%PDF%PDF%PDF%PDF%PDF%PDF%PDF%PDF%PDF%PDF%PDF%PDF%PDF%PDF%PDF%PDF%PDF%PDF%PDF%PDF%PDF%PDF%PDF%PDF%PDF%PDF%PDF%PDF%PDF%PDF%PDF%PDF%PDF%PDF%PDF%PDF%PDF%PDF%PDF%PDF%PDF%PDF%PDF%PDF%PDF%PDF%PDF%PDF%PDF%PDF%PDF%PDF%PDF%PDF%PDF%PDF%PDF%PDF%PDF%PDF%PDF%PDF%PDF%PDF%PDF%PDF%PDF%PDF%PDF%PDF%PDF%PDF%PDF%PDF%PDF%PDF%PDF%PDF%PDF%PDF%PDF%PDF%PDF%PDF%PDF%PDF%PDF%PDF%PDF%PDF%PDF%PDF%PDF%PDF%PDF%PDF%PDF%PDF%PDF%PDF%PDF%PDF%PDF%PDF%PDF%PDF%PDF%PDF%PDF%PDF%PDF%PDF%PDF%PDF%PDF%PDF%PDF%PDF%PDF%PDF%PDF%PDF%PDF%PDF%PDF%PDF%PDF%PDF%PDF%PDF%PDF%PDF%PDF%PDF%PDF%PDF%PDF%PDF%PDF%PDF%PDF%PDF%PDF%PDF%PDF%PDF%PDF%PDF%PDF%PDF%PDF%PDF%PDF%PDF%PDF%PDF%PDF%PDF%PDF%PDF%PDF%PDF%PDF%PDF%PDF%PDF%PDF%PDF%PDF%PDF%PDF%PDF%PDF%PDF%PDF%PDF%PDF%PDF%PDF%PDF%PDF%PDF%PDF%PDF%PDF%PDF%PDF%PDF%PDF%PDF%PDF%PDF%PDF%PDF%PDF%PDF%PDF%PDF%PDF%PDF%PDF%PDF%PDF%PDF%PDF%PDF%PDF%PDF%PDF%PDF%PDF%PDF%PDF%PDF%PDF%PDF%PDF%PDF%PDF%PDF%PDF%PDF%PDF%PDF%PDF%PDF%PDF%PDF%PDF%PDF%PDF%PDF%PDF%PDF%PDF%PDF%PDF%PDF%PDF%PDF%PDF%PDF%PDF%PDF%PDF%PDF%PDF%PDF%PDF%PDF%PDF%PDF%PDF%PDF%PDF%PDF%PDF%PDF%PDF%PDF%PDF%PDF%PDF%PDF%PDF%PDF%PDF%PDF%PDF%PDF%PDF%PDF%PDF%PDF%PDF%PDF%PDF%PDF%PDF%PDF%PDF%PDF%PDF%PDF%PDF%PDF%PDF%PDF%PDF%PDF%PDF%PDF%PDF%PDF%PDF%PDF%PDF%PDF%PDF%PDF%PDF%PDF%PDF%PDF%PDF%PDF%PDF%PDF%PDF%PDF%PDF%PDF%PDF%PDF%PDF%PDF%PDF%PDF%PDF%PDF%PDF%PDF%PDF%PDF%PDF%PDF%PDF%PDF%PDF%PDF%PDF%PDF%PDF%PDF%PDF%PDF%PDF%PDF%PDF%PDF%PDF%PDF%PDF%PDF%PDF%PDF%PDF%PDF%PDF%PDF%PDF%PDF%PDF%PDF%PDF%PDF%PDF%PDF%PDF%PDF%PDF%PDF%PDF%PDF%PDF%PDF%PDF%PDF%PDF%PDF%PDF%PDF%PDF%PDF%PDF%PDF%PDF%PDF%PDF%PDF%PDF%PDF%PDF%PDF%PDF%PDF%PDF%PDF%PDF%PDF%PDF%PDF%PDF%PDF%PDF%PDF%PDF%PDF%PDF%PDF%PDF%PDF%PDF%PDF%PDF%PDF%PDF%PDF%PDF%PDF%PDF%PDF%PDF%PDF%PDF%PDF%PDF%PDF%PDF%PDF%PDF%PDF%PDF%PDF%PDF%PDF%PDF%PDF%PDF%PDF%PDF%PDF%PDF%PDF%PDF%PDF%PDF%PDF%PDF%PDF%PDF%PDF%PDF%PDF%PDF%PDF%PDF%PDF%PDF%PDF%PDF%PDF%PDF%PDF%PDF%PDF%PDF%PDF%PDF%PDF%PDF%PDF%PDF%PDF%PDF%PDF%PDF%PDF%PDF%PDF%PDF%PDF%PDF%PDF%PDF%PDF%PDF%PDF%PDF%PDF%PDF%PDF%PDF%PDF%PDF%PDF%PDF%PDF%PDF%PDF%PDF%PDF%PDF%PDF%PDF%PDF%PDF%PDF%PDF%PDF%PDF%PDF%PDF%PDF%PDF%PDF%PDF%PDF%PDF%PDF%PDF%PDF%PDF%PDF%PDF%PDF%PDF%PDF%PDF%PDF%PDF%PDF%PDF%PDF%PDF%PDF%PDF%PDF%PDF%PDF%PDF%PDF%PDF%PDF%PDF%PDF%PDF%PDF%PDF%PDF%PDF%PDF%PDF%PDF%PDF%PDF%PDF%PDF%PDF%PDF%PDF%PDF%PDF%PDF%PDF%PDF%PDF%PDF%PDF%PDF%PDF%PDF%PDF%PDF%PDF%PDF%PDF%PDF%PDF%PDF%PDF%PDF%PDF%PDF%PDF%PDF%PDF%PDF%PDF%PDF%PDF%PDF%PDF%PDF%PDF%PDF%PDF%PDF%PDF%PDF%PDF%PDF%PDF%PDF%PDF%PDF%PDF%PDF%PDF%PDF%PDF%PDF%PDF%PDF%PDF%PDF%PDF%PDF%PDF%PDF%PDF%PDF%PDF%PDF%PDF%PDF%PDF%PDF%PDF%PDF%PDF%PDF%PDF%PDF%PDF%PDF%PDF%PDF%PDF%PDF%PDF%PDF%PDF%PDF%PDF%PDF%PDF%PDF%PDF%PDF%PDF%PDF%PDF%PDF%PDF%PDF%PDF%PDF%PDF%PDF%PDF%PDF%PDF%PDF%PDF%PDF%PDF%PDF%PDF%PDF%PDF%PDF%PDF%PDF%PDF%PDF%PDF%PDF%PDF%PDF%PDF%PDF%PDF%PDF%PDF%PDF%PDF%PDF%PDF%PDF%PDF%PDF%PDF%PDF%PDF%PDF%PDF%PDF%PDF%PDF%PDF%PDF%PDF%PDF%PDF%PDF%PDF%PDF%PDF%PDF%PDF%PDF%PDF%PDF%PDF%PDF%PDF%PDF%PDF%PDF%PDF%PDF%PDF%PDF%PDF%PDF%PDF%PDF%PDF%PDF%PDF%PDF%PDF%PDF%PDF%PDF%PDF%PDF%PDF%PDF%PDF%PDF%PDF%PDF%PDF%PDF%PDF%PDF%PDF%PDF%PDF%PDF%PDF%PDF%PDF%PDF%PDF%PDF%PDF%PDF%PDF%PDF%PDF%PDF%PDF%PDF%PDF%PDF%PDF%PDF%PDF%PDF%PDF%PDF%PDF%PDF%PDF%PDF%PDF%PDF%PDF%PDF%PDF%PDF%PDF%PDF%PDF%PDF%PDF%PDF%PDF%PDF%PDF%PDF%PDF%PDF%PDF%PDF%PDF%PDF%PDF%PDF%PDF%PDF%PDF%PDF%PDF%PDF%PDF%PDF%PDF%PDF%PDF%PDF%PDF%PDF%PDF%PDF%PDF%PDF%PDF%PDF%PDF%PDF%PDF%PDF%PDF%PDF%PDF%PDF%PDF%PDF%PDF%PDF%PDF%PDF%PDF%PDF%PDF%PDF%PDF%PDF%PDF%PDF%PDF%PDF%PDF%PDF%PDF%PDF%PDF%PDF%PDF%PDF%PDF%PDF%PDF%PDF%PDF%PDF%PDF%PDF%PDF%PDF%PDF%PDF%PDF%PDF%PDF%PDF%PDF%PDF%PDF%PDF%PDF%PDF%PDF%PDF%PDF%PDF%PDF%PDF%PDF%PDF%PDF%PDF%PDF%PDF%PDF%PDF%PDF%PDF%PDF%PDF%PDF%PDF%PDF%PDF%PDF%PDF%PDF%PDF%PDF%PDF%PDF%PDF%PDF%PDF%PDF%PDF%PDF%PDF%PDF%PDF%PDF%PDF%PDF%PDF%PDF%PDF%PDF%PDF%PDF%PDF%PDF%PDF%PDF%PDF%PDF%PDF%PDF%PDF%PDF%PDF%PDF%PDF%PDF%PDF%PDF%PDF%PDF%PDF%PDF%PDF%PDF%PDF%PDF%PDF%PDF%PDF%PDF%PDF%PDF%PDF%PDF%PDF%PDF%PDF%PDF%PDF%PDF%PDF%PDF%PDF%PDF%PDF%PDF%PDF%PDF%PDF%PDF%PDF%PDF%PDF%PDF%PDF%PDF%PDF%PDF%PDF%PDF%PDF%PDF%PDF%PDF%PDF%PDF%PDF%PDF%PDF%PDF%PDF%PDF%PDF%PDF%PDF%PDF%PDF%PDF%PDF%PDF%PDF%PDF%PDF%PDF%PDF%PDF%PDF%PDF%PDF%PDF%PDF%PDF%PDF%PDF%PDF%PDF%PDF%PDF%PDF%PDF%PDF%PDF%PDF%PDF%PDF%PDF%PDF%PDF%PDF%PDF%PDF%PDF%PDF%PDF%PDF%PDF%PDF%PDF%PDF%PDF%PDF%PDF%PDF%PDF%PDF%PDF%PDF%PDF%PDF%PDF%PDF%PDF%PDF%PDF%PDF%PDF%PDF%PDF%PDF%PDF%PDF%PDF%PDF%PDF%PDF%PDF%PDF%PDF%PDF%PDF%PDF%PDF%PDF%PDF%PDF%PDF%PDF%PDF%PDF%PDF%PDF%PDF%PDF%PDF%PDF%PDF%PDF%PDF%PDF%PDF%PDF%PDF%PDF%PDF%PDF%PDF%PDF%PDF%PDF%PDF%PDF%PDF%PDF%PDF%PDF%PDF%PDF%PDF%PDF%PDF%PDF%PDF%PDF%PDF%PDF%PDF%PDF%PDF%PDF%PDF%PDF%PDF%PDF%PDF%PDF%PDF%PDF%PDF%PDF%PDF%PDF%PDF%PDF%PDF%PDF%PDF%PDF%PDF%PDF%PDF%PDF%PDF%PDF%PDF%PDF%PDF%PDF%PDF%PDF%PDF%PDF%PDF%PDF%PDF%PDF%PDF%PDF%PDF%PDF%PDF%PDF%PDF%PDF%PDF%PDF%PDF%PDF%PDF%PDF%PDF%PDF%PDF%PDF%PDF%PDF%PDF%PDF%PDF%PDF%PDF%PDF%PDF%PDF%PDF%PDF%PDF%PDF%PDF%PDF%PDF%PDF%PDF%PDF%PDF%PDF%PDF%PDF%PDF%PDF%PDF%PDF%PDF%PDF%PDF%PDF%PDF%PDF%PDF%PDF%PDF%PDF%PDF%PDF%PDF%PDF%PDF%PDF%PDF%PDF%PDF%PDF%PDF%PDF%PDF%PDF%PDF%PDF%PDF%PDF%PDF%PDF%PDF%PDF%PDF%PDF%PDF%PDF%PDF%PDF%PDF%PDF%PDF%PDF%PDF%PDF%PDF%PDF%PDF%PDF%PDF%PDF%PDF%PDF%PDF%PDF%PDF%PDF%PDF%PDF%PDF%PDF%PDF%PDF%PDF%PDF%PDF%PDF%PDF%PDF%PDF%PDF%PDF%PDF%PDF%PDF%PDF%PDF%PDF%PDF%PDF%PDF%PDF%PDF%PDF%PDF%PDF%PDF%PDF%PDF%PDF%PDF%PDF%PDF%PDF%PDF%PDF%PDF%PDF%PDF%PDF%PDF%PDF%PDF%PDF%PDF%PDF%PDF%PDF%PDF%PDF%PDF%PDF%PDF%PDF%PDF%PDF%PDF%PDF%PDF%PDF%PDF%PDF%PDF%PDF%PDF%PDF%PDF%PDF%PDF%PDF%PDF%PDF%PDF%PDF%PDF%PDF%PDF%PDF%PDF%PDF%PDF%PDF%PDF%PDF%PDF%PDF%PDF%PDF%PDF%PDF%PDF%PDF%PDF%PDF%PDF%PDF%PDF%PDF%PDF%PDF%PDF%PDF%PDF%PDF%PDF%PDF%PDF%PDF%PDF%PDF%PDF%PDF%PDF%PDF%PDF%PDF%PDF%PDF%PDF%PDF%PDF%PDF%PDF%PDF%PDF%PDF%PDF%PDF%PDF%PDF%PDF%PDF%PDF%PDF%PDF%PDF%PDF%PDF%PDF%PDF%PDF%PDF%PDF%PDF%PDF%PDF%PDF%PDF%PDF%PDF%PDF%PDF%PDF%PDF%PDF%PDF%PDF%PDF%PDF%PDF%PDF%PDF%PDF%PDF%PDF%PDF%PDF%PDF%PDF%PDF%PDF%PDF%PDF%PDF%PDF%PDF%PDF%PDF%PDF%PDF%PDF%PDF%PDF%PDF%PDF%PDF%PDF%PDF%PDF%PDF%PDF%PDF%PDF%PDF%PDF%PDF%PDF%PDF%PDF%PDF%PDF%PDF%PDF%PDF%PDF%PDF%PDF%PDF%PDF%PDF%PDF%PDF%PDF%PDF%PDF%PDF%PDF%PDF%PDF%PDF%PDF%PDF%PDF%PDF%PDF%PDF%PDF%PDF%PDF%PDF%PDF%PDF%PDF%PDF%PDF%PDF%PDF%PDF%PDF%PDF%PDF%PDF%PDF%PDF%PDF%PDF%PDF%PDF%PDF%PDF%PDF%PDF%PDF%PDF%PDF%PDF%PDF%PDF%PDF%PDF%PDF%PDF%PDF%PDF%PDF%PDF%PDF%PDF%PDF%PDF%PDF%PDF%PDF%PDF%PDF%PDF%PDF%PDF%PDF%PDF%PDF%PDF%PDF%PDF%PDF%PDF%PDF%PDF%PDF%PDF%PDF%PDF%PDF%PDF%PDF%PDF%PDF%PDF%PDF%PDF%PDF%PDF%PDF%PDF%PDF%PDF%PDF%PDF%PDF%PDF%PDF%PDF%PDF%PDF%PDF%PDF%PDF%PDF%PDF%PDF%PDF%PDF%PDF%PDF%PDF%PDF%PDF%PDF%PDF%PDF%PDF%PDF%PDF%PDF%PDF%PDF%PDF%PDF%PDF%PDF%PDF%PDF%PDF%PDF%PDF%PDF%PDF%PDF%PDF%PDF%PDF%PDF%PDF%PDF%PDF%PDF%PDF%PDF%PDF%PDF%PDF%PDF%PDF%PDF%PDF%PDF%PDF%PDF%PDF%PDF%PDF%PDF%PDF%PDF%PDF%PDF%PDF%PDF%PDF%PDF%PDF%PDF%PDF%PDF%PDF%PDF%PDF%PDF%PDF%PDF%PDF%PDF%PDF%PDF%PDF%PDF%PDF%PDF%PDF%PDF%PDF%PDF%PDF%PDF%PDF%PDF%PDF%PDF%PDF%PDF%PDF%PDF%PDF%PDF%PDF%PDF%PDF%PDF%PDF%PDF%PDF%PDF%PDF%PDF%PDF%PDF%PDF%PDF%PDF%PDF%PDF%PDF%PDF%PDF%PDF%PDF%PDF%PDF%PDF%PDF%PDF%PDF%PDF%PDF%PDF%PDF%PDF%PDF%PDF%PDF%PDF%PDF%PDF%PDF%PDF%PDF%PDF%PDF%PDF%PDF%PDF%PDF%PDF%PDF%PDF%PDF%PDF%PDF%PDF%PDF%PDF%PDF%PDF%PDF%PDF%PDF%PDF%PDF%PDF%PDF%PDF%PDF%PDF%PDF%PDF%PDF%PDF%PDF%PDF%PDF%PDF%PDF%PDF%PDF%PDF%PDF%PDF%PDF%PDF%PDF%PDF%PDF%PDF%PDF%PDF%PDF%PDF%PDF%PDF%PDF%PDF%PDF%PDF%PDF%PDF%PDF%PDF%PDF%PDF%PDF%PDF%PDF%PDF%PDF%PDF%PDF%PDF%PDF%PDF%PDF%PDF%PDF%PDF%PDF%PDF%PDF%PDF%PDF%PDF%PDF%PDF%PDF%PDF%PDF%PDF%PDF%PDF%PDF%PDF%PDF%PDF%PDF%PDF%PDF%PDF%PDF%PDF%PDF%PDF%PDF%PDF%PDF%PDF%PDF%PDF%PDF%PDF%PDF%PDF%PDF%PDF%PDF%PDF%PDF%PDF%PDF%PDF%PDF%PDF%PDF%PDF%PDF%PDF%PDF%PDF%PDF%PDF%PDF%PDF%PDF%PDF%PDF%PDF%PDF%PDF%PDF%PDF%PDF%PDF%PDF%PDF%PDF%PDF%PDF%PDF%PDF%PDF%PDF%PDF%PDF%PDF%PDF%PDF%PDF%PDF%PDF%PDF%PDF%PDF%PDF%PDF%PDF%PDF%PDF%PDF%PDF%PDF%PDF%PDF%PDF%PDF%PDF%PDF%PDF%PDF%PDF%PDF%PDF%PDF%PDF%PDF%PDF%PDF%PDF%PDF%PDF%PDF%PDF%PDF%PDF%PDF%PDF%PDF%PDF%PDF%PDF%PDF%PDF%PDF%PDF%PDF%PDF%PDF%PDF%PDF%PDF%PDF%PDF%PDF%PDF%PDF%PDF%PDF%PDF%PDF%PDF%PDF%PDF%PDF%PDF%PDF%PDF%PDF%PDF%PDF%PDF%PDF%PDF%PDF%PDF%PDF%PDF%PDF%PDF%PDF%PDF%PDF%PDF%PDF%PDF%PDF%PDF%PDF%PDF%PDF%PDF%PDF%PDF%PDF%PDF%PDF%PDF%PDF%PDF%PDF%PDF%PDF%PDF%PDF%PDF%PDF%PDF%PDF%PDF%PDF%PDF%PDF%PDF%PDF%PDF%PDF%PDF%PDF%PDF%PDF%PDF%PDF%PDF%PDF%PDF%PDF%PDF%PDF%PDF%PDF%PDF%PDF%PDF%PDF%PDF%PDF%PDF%PDF%PDF%PDF%PDF%PDF%PDF%PDF%PDF%PDF%PDF%PDF%PDF%PDF%PDF%PDF%PDF%PDF%PDF%PDF%PDF%PDF%PDF%PDF%PDF%PDF%PDF%PDF%PDF%PDF%PDF%PDF%PDF%PDF%PDF%PDF%PDF%PDF%PDF%PDF%PDF%PDF%PDF%PDF%PDF%PDF%PDF%PDF%PDF%PDF%PDF%PDF%PDF%PDF%PDF%PDF%PDF%PDF%PDF%PDF%PDF%PDF%PDF%PDF%PDF%PDF%PDF%PDF%PDF%PDF%PDF%PDF%PDF%PDF%PDF%PDF%PDF%PDF%PDF%PDF%PDF%PDF%PDF%PDF%PDF%PDF%PDF%PDF%PDF%PDF%PDF%PDF%PDF%PDF%PDF%PDF%PDF%PDF%PDF%PDF%PDF%PDF%PDF%PDF%PDF%PDF%PDF%PDF%PDF%PDF%PDF%PDF%PDF%PDF%PDF%PDF%PDF%PDF%PDF%PDF%PDF%PDF%PDF%PDF%PDF%PDF%PDF%PDF%PDF%PDF%PDF%PDF%PDF%PDF%PDF%PDF%PDF%PDF%PDF%PDF%PDF%PDF%PDF%PDF%PDF%PDF%PDF%PDF%PDF%PDF%PDF%PDF%PDF%PDF%PDF%PDF%PDF%PDF%PDF%PDF%PDF%PDF%PDF%PDF%PDF%PDF%PDF%PDF%PDF%PDF%PDF%PDF%PDF%PDF%PDF%PDF%PDF%PDF%PDF%PDF%PDF%PDF%PDF%PDF%PDF%PDF%PDF%PDF%PDF%PDF%PDF%PDF%PDF%PDF%PDF%PDF%PDF%PDF%PDF%PDF%PDF%PDF%PDF%PDF%PDF%PDF%PDF%PDF%PDF%PDF%PDF%PDF%PDF%PDF%PDF%PDF%PDF%PDF%PDF%PDF%PDF%PDF%PDF%PDF%PDF%PDF%PDF%PDF%PDF%PDF%PDF%PDF%PDF%PDF%PDF%PDF%PDF%PDF%PDF%PDF%PDF%PDF%PDF%PDF%PDF%PDF%PDF%PDF%PDF%PDF%PDF%PDF%PDF%PDF%PDF%PDF%PDF%PDF%PDF%PDF%PDF%PDF%PDF%PDF%PDF%PDF%PDF%PDF%PDF%PDF%PDF%PDF%PDF%PDF%PDF%PDF%PDF%PDF%PDF%PDF%PDF%PDF%PDF%PDF%PDF%PDF%PDF%PDF%PDF%PDF%PDF%PDF%PDF%PDF%PDF%PDF%PDF%PDF%PDF%PDF%PDF%PDF%PDF%PDF%PDF%PDF%PDF%PDF%PDF%PDF%PDF%PDF%PDF%PDF%PDF%PDF%PDF%PDF%PDF%PDF%PDF%PDF%PDF%PDF%PDF%PDF%PDF%PDF%PDF%PDF%PDF%PDF%PDF%PDF%PDF%PDF%PDF%PDF%PDF%PDF%PDF%PDF%PDF%PDF%PDF%PDF%PDF%PDF%PDF%PDF%PDF%PDF%PDF%PDF%PDF%PDF%PDF%PDF%PDF%PDF%PDF%PDF%PDF%PDF%PDF%PDF%PDF%PDF%PDF%PDF%PDF%PDF%PDF%PDF%PDF%PDF%PDF%PDF%PDF%PDF%PDF%PDF%PDF%PDF%PDF%PDF%PDF%PDF%PDF%PDF%PDF%PDF%PDF%PDF%PDF%PDF%PDF%PDF%PDF%PDF%PDF%PDF%PDF%PDF%PDF%PDF%PDF%PDF%PDF%PDF%PDF%PDF%PDF%PDF%PDF%PDF%PDF%PDF%PDF%PDF%PDF%PDF%PDF%PDF%PDF%PDF%PDF%PDF%PDF%PDF%PDF%PDF%PDF%PDF%PDF%PDF%PDF%PDF%PDF%PDF%PDF%PDF%PDF%PDF%PDF%PDF%PDF%PDF%PDF%PDF%PDF%PDF%PDF%PDF%PDF%PDF%PDF%PDF%PDF%PDF%PDF%PDF%PDF%PDF%PDF%PDF%PDF%PDF%PDF%PDF%PDF%PDF%PDF%PDF%PDF%PDF%PDF%PDF%PDF%PDF%PDF%PDF%PDF%PDF%PDF%PDF%PDF%PDF%PDF%PDF%PDF%PDF%PDF%PDF%PDF%PDF%PDF%PDF%PDF%PDF%PDF%PDF%PDF%PDF%PDF%PDF%PDF%PDF%PDF%PDF%PDF%PDF%PDF%PDF%PDF%PDF%PDF%PDF%PDF%PDF%PDF%PDF%PDF%PDF%PDF%PDF%PDF%PDF%PDF%PDF%PDF%PDF%PDF%PDF%PDF%PDF%PDF%PDF%PDF%PDF%PDF%PDF%PDF%PDF%PDF%PDF%PDF%PDF%PDF%PDF%PDF%PDF%PDF%PDF%PDF%PDF%PDF%PDF%PDF%PDF%PDF%PDF%PDF%PDF%PDF%PDF%PDF%PDF%PDF%PDF%PDF%PDF%PDF%PDF%PDF%PDF%PDF%PDF%PDF%PDF%PDF%PDF%PDF%PDF%PDF%PDF%PDF%PDF%PDF%PDF%PDF%PDF%PDF%PDF%PDF%PDF%PDF%PDF%PDF%PDF%PDF%PDF%PDF%PDF%PDF%PDF%PDF%PDF%PDF%PDF%PDF%PDF%PDF%PDF%PDF%PDF%PDF%PDF%PDF%PDF%PDF%PDF%PDF%PDF%PDF%PDF%PDF%PDF%PDF%PDF%PDF%PDF%PDF%PDF%PDF%PDF%PDF%PDF%PDF%PDF%PDF%PDF%PDF%PDF%PDF%PDF%PDF%PDF%PDF%PDF%PDF%PDF%PDF%PDF%PDF%PDF%PDF%PDF%PDF%PDF%PDF%PDF%PDF%PDF%PDF%PDF%PDF%PDF%PDF%PDF%PDF%PDF%PDF%PDF%PDF%PDF%PDF%PDF%PDF%PDF%PDF%PDF%PDF%PDF%PDF%PDF%PDF%PDF%PDF%PDF%PDF%PDF%PDF%PDF%PDF%PDF%PDF%PDF%PDF%PDF%PDF%PDF%PDF%PDF%PDF%PDF%PDF%PDF%PDF%PDF%PDF%PDF%PDF%PDF%PDF%PDF%PDF%PDF%PDF%PDF%PDF%PDF%PDF%PDF%PDF%PDF%PDF%PDF%PDF%PDF%PDF%PDF%PDF%PDF%PDF%PDF%PDF%PDF%PDF%PDF%PDF%PDF%PDF%PDF%PDF%PDF%PDF%PDF%PDF%PDF%PDF%PDF%PDF%PDF%PDF%PDF%PDF%PDF%PDF%PDF%PDF%PDF%PDF%PDF%PDF%PDF%PDF%PDF%PDF%PDF%PDF%PDF%PDF%PDF%PDF%PDF%PDF%PDF%PDF%PDF%PDF%PDF%PDF%PDF%PDF%PDF%PDF%PDF%PDF%PDF%PDF%PDF%PDF%PDF%PDF%PDF%PDF%PDF%PDF%PDF%PDF%PDF%PDF%PDF%PDF%PDF%PDF%PDF%PDF%PDF%PDF%PDF%PDF%PDF%PDF%PDF%PDF%PDF%PDF%PDF%PDF%PDF%PDF%PDF%PDF%PDF%PDF%PDF%PDF%PDF%PDF%PDF%PDF%PDF%PDF%PDF%PDF%PDF%PDF%PDF%PDF%PDF%PDF%PDF%PDF%PDF%PDF%PDF%PDF%PDF%PDF%PDF%PDF%PDF%PDF%PDF%PDF%PDF%PDF%PDF%PDF%PDF%PDF%PDF%PDF%PDF%PDF%PDF%PDF%PDF%PDF%PDF%PDF%PDF%PDF%PDF%PDF%PDF%PDF%PDF%PDF%PDF%PDF%PDF%PDF%PDF%PDF%PDF%PDF%PDF%PDF%PDF%PDF%PDF%PDF%PDF%PDF%PDF%PDF%PDF%PDF%PDF%PDF%PDF%PDF%PDF%PDF%PDF%PDF%PDF%PDF%PDF%PDF%PDF%PDF%PDF%PDF%PDF%PDF%PDF%PDF%PDF%PDF%PDF%PDF%PDF%PDF%PDF%PDF%PDF%PDF%PDF%PDF%PDF%PDF%PDF%PDF%PDF%PDF%PDF%PDF%PDF%PDF%PDF%PDF%PDF%PDF%PDF%PDF%PDF%PDF%PDF%PDF%PDF%PDF%PDF%PDF%PDF%PDF%PDF%PDF%PDF%PDF%PDF%PDF%PDF%PDF%PDF%PDF%PDF%PDF%PDF%PDF%PDF%PDF%PDF%PDF%PDF%PDF%PDF%PDF%PDF%PDF%PDF%PDF%PDF%PDF%PDF%PDF%PDF%PDF%PDF%PDF%PDF%PDF%PDF%PDF%PDF%PDF%PDF%PDF%PDF%PDF%PDF%PDF%PDF%PDF%PDF%PDF%PDF%PDF%PDF%PDF%PDF%PDF%PDF%PDF%PDF%PDF%PDF%PDF%PDF%PDF%PDF%PDF%PDF%PDF%PDF%PDF%PDF%PDF%PDF%PDF%PDF%PDF%PDF%PDF%PDF%PDF%PDF%PDF%PDF%PDF%PDF%PDF%PDF%PDF%PDF%PDF%PDF%PDF%PDF%PDF%PDF%PDF%PDF%PDF%PDF%PDF%PDF%PDF%PDF%PDF%PDF%PDF%PDF%PDF%PDF%PDF%PDF%PDF%PDF%PDF%PDF%PDF%PDF%PDF%PDF%PDF%PDF%PDF%PDF%PDF%PDF%PDF%PDF%PDF%PDF%PDF%PDF%PDF%PDF%PDF%PDF%PDF%PDF%PDF%PDF%PDF%PDF%PDF%PDF%PDF%PDF%PDF%PDF%PDF%PDF%PDF%PDF%PDF%PDF%PDF%PDF%PDF%PDF%PDF%PDF%PDF%PDF%PDF%PDF%PDF%PDF%PDF%PDF%PDF%PDF%PDF%PDF%PDF%PDF%PDF%PDF%PDF%PDF%PDF%PDF%PDF%PDF%PDF%PDF%PDF%PDF%PDF%PDF%PDF%PDF%PDF%PDF%PDF%PDF%PDF%PDF%PDF%PDF%PDF%PDF%PDF%PDF%PDF%PDF%PDF%PDF%PDF%PDF%PDF%PDF%PDF%PDF%PDF%PDF%PDF%PDF%PDF%PDF%PDF%PDF%PDF%PDF%PDF%PDF%PDF%PDF%PDF%PDF%PDF%PDF%PDF%PDF%PDF%PDF%PDF%PDF%PDF%PDF%PDF%PDF%PDF%PDF%PDF%PDF%PDF%PDF%PDF%PDF%PDF%PDF%PDF%PDF%PDF%PDF%PDF%PDF%PDF%PDF%PDF%PDF%PDF%PDF%PDF%PDF%PDF%PDF%PDF%PDF%PDF%PDF%PDF%PDF%PDF%PDF%PDF%PDF%PDF%PDF%PDF%PDF%PDF%PDF%PDF%PDF%PDF%PDF%PDF%PDF%PDF%PDF%PDF%PDF%PDF%PDF%PDF%PDF%PDF%PDF%PDF%PDF%PDF%PDF%PDF%PDF%PDF%PDF%PDF%PDF%PDF%PDF%PDF%PDF%PDF%PDF%PDF%PDF%PDF%PDF%PDF%PDF%PDF%PDF%PDF%PDF%PDF%PDF%PDF%PDF%PDF%PDF%PDF%PDF%PDF%PDF%PDF%PDF%PDF%PDF%PDF%PDF%PDF%PDF%PDF%PDF%PDF%PDF%PDF%PDF%PDF%PDF%PDF%PDF%PDF%PDF%PDF%PDF%PDF%PDF%PDF%PDF%PDF%PDF%PDF%PDF%PDF%PDF%PDF%PDF%PDF%PDF%PDF%PDF%PDF%PDF%PDF%PDF%PDF%PDF%PDF%PDF%PDF%PDF%PDF%PDF%PDF%PDF%PDF%PDF%PDF%PDF%PDF%PDF%PDF%PDF%PDF%PDF%PDF%PDF%PDF%PDF%PDF%PDF%PDF%PDF%PDF%PDF%PDF%PDF%PDF%PDF%PDF%PDF%PDF%PDF%PDF%PDF%PDF%PDF%PDF%PDF%PDF%PDF%PDF%PDF%PDF%PDF%PDF%PDF%PDF%PDF%PDF%PDF%PDF%PDF%PDF%PDF%PDF%PDF%PDF%PDF%PDF%PDF%PDF%PDF%PDF%PDF%PDF%PDF%PDF%PDF%PDF%PDF%PDF%PDF%PDF%PDF%PDF%PDF%PDF%PDF%PDF%PDF%PDF%PDF%PDF%PDF%PDF%PDF%PDF%PDF%PDF%PDF%PDF%PDF%PDF%PDF%PDF%PDF%PDF%PDF%PDF%PDF%PDF%PDF%PDF%PDF%PDF%PDF%PDF%PDF%PDF%PDF%PDF%PDF%PDF%PDF%PDF%PDF%PDF%PDF%PDF%PDF%PDF%PDF%PDF%PDF%PDF%PDF%PDF%PDF%PDF%PDF%PDF%PDF%PDF%PDF%PDF%PDF%PDF%PDF%PDF%PDF%PDF%PDF%PDF%PDF%PDF%PDF%PDF%PDF%PDF%PDF%PDF%PDF%PDF%PDF%PDF%PDF%PDF%PDF%PDF%PDF%PDF%PDF%PDF%PDF%PDF%PDF%PDF%PDF%PDF%PDF%PDF%PDF%PDF%PDF%PDF%PDF%PDF%PDF%PDF%PDF%PDF%PDF%PDF%PDF%PDF%PDF%PDF%PDF%PDF%PDF%PDF%PDF%PDF%PDF%PDF%PDF%PDF%PDF%PDF%PDF%PDF%PDF%PDF%PDF%PDF%PDF%PDF%PDF%PDF%PDF%PDF%PDF%PDF%PDF%PDF%PDF%PDF%PDF%PDF%PDF%PDF%PDF%PDF%PDF%PDF%PDF%PDF%PDF%PDF%PDF%PDF%PDF%PDF%PDF%PDF%PDF%PDF%PDF%PDF%PDF%PDF%PDF%PDF%PDF%PDF%PDF%PDF%PDF%PDF%PDF%PDF%PDF%PDF%PDF%PDF%PDF%PDF%PDF%PDF%PDF%PDF%PDF%PDF%PDF%PDF%PDF%PDF%PDF%PDF%PDF%PDF%PDF%PDF%PDF%PDF%PDF%PDF%PDF%PDF%PDF%PDF%PDF%PDF%PDF%PDF%PDF%PDF%PDF%PDF%PDF%PDF%PDF%PDF%PDF%PDF%PDF%PDF%PDF%PDF%PDF%PDF%PDF%PDF%PDF%PDF%PDF%PDF%PDF%PDF%PDF%PDF%PDF%PDF%PDF%PDF%PDF%PDF%PDF%PDF%PDF%PDF%PDF%PDF%PDF%PDF%PDF%PDF%PDF%PDF%PDF%PDF%PDF%PDF%PDF%PDF%PDF%PDF%PDF%PDF%PDF%PDF%PDF%PDF%PDF%PDF%PDF%PDF%PDF%PDF%PDF%PDF%PDF%PDF%PDF%PDF%PDF%PDF%PDF%PDF%PDF%PDF%PDF%PDF%PDF%PDF%PDF%PDF%PDF%PDF%PDF%PDF%PDF%PDF%PDF%PDF%PDF%PDF%PDF%PDF%PDF%PDF%PDF%PDF%PDF%PDF%PDF%PDF%PDF%PDF%PDF%PDF%PDF%PDF%PDF%PDF%PDF%PDF%PDF%PDF%PDF%PDF%PDF%PDF%PDF%PDF%PDF%PDF%PDF%PDF%PDF%PDF%PDF%PDF%PDF%PDF%PDF%PDF%PDF%PDF%PDF%PDF%PDF%PDF%PDF%PDF%PDF%PDF%PDF%PDF%PDF%PDF%PDF%PDF%PDF%PDF%PDF%PDF%PDF%PDF%PDF%PDF%PDF%PDF%PDF%PDF%PDF%PDF%PDF%PDF%PDF%PDF%PDF%PDF%PDF%PDF%PDF%PDF%PDF%PDF%PDF%PDF%PDF%PDF%PDF%PDF%PDF%PDF%PDF%PDF%PDF%PDF%PDF%PDF%PDF%PDF%PDF%PDF%PDF%PDF%PDF%PDF%PDF%PDF%PDF%PDF%PDF%PDF%PDF%PDF%PDF%PDF%PDF%PDF%PDF%PDF%PDF%PDF%PDF%PDF%PDF%PDF%PDF%PDF%PDF%PDF%PDF%PDF%PDF%PDF%PDF%PDF%PDF%PDF%PDF%PDF%PDF%PDF%PDF%PDF%PDF%PDF%PDF%PDF%PDF%PDF%PDF%PDF%PDF%PDF%PDF%PDF%PDF%PDF%PDF%PDF%PDF%PDF%PDF%PDF%PDF%PDF%PDF%PDF%PDF%PDF%PDF%PDF%PDF%PDF%PDF%PDF%PDF%PDF%PDF%PDF%PDF%PDF%PDF%PDF%PDF%PDF%PDF%PDF%PDF%PDF%PDF%PDF%PDF%PDF%PDF%PDF%PDF%PDF%PDF%PDF%PDF%PDF%PDF%PDF%PDF%PDF%PDF%PDF%PDF%PDF%PDF%PDF%PDF%PDF%PDF%PDF%PDF%PDF%PDF%PDF%PDF%PDF%PDF%PDF%PDF%PDF%PDF%PDF%PDF%PDF%PDF%PDF%PDF%PDF%PDF%PDF%PDF%PDF%PDF%PDF%PDF%PDF%PDF%PDF%PDF%PDF%PDF%PDF%PDF%PDF%PDF%PDF%PDF%PDF%PDF%PDF%PDF%PDF%PDF%PDF%PDF%PDF%PDF%PDF%PDF%PDF%PDF%PDF%PDF%PDF%PDF%PDF%PDF%PDF%PDF%PDF%PDF%PDF%PDF%PDF%PDF%PDF%PDF%PDF%PDF%PDF%PDF%PDF%PDF%PDF%PDF%PDF%PDF%PDF%PDF%PDF%PDF%PDF%PDF%PDF%PDF%PDF%PDF%PDF%PDF%PDF%PDF%PDF%PDF%PDF%PDF%PDF%PDF%PDF%PDF%PDF%PDF%PDF%PDF%PDF%PDF%PDF%PDF%PDF%PDF%PDF%PDF%PDF%PDF%PDF%PDF%PDF%PDF%PDF%PDF%PDF%PDF%PDF%PDF%PDF%PDF%PDF%PDF%PDF%PDF%PDF%PDF%PDF%PDF%PDF%PDF%PDF%PDF%PDF%PDF%PDF%PDF%PDF%PDF%PDF%PDF%PDF%PDF%PDF%PDF%PDF%PDF%PDF%PDF%PDF%PDF%PDF%PDF%PDF%PDF%PDF%PDF%PDF%PDF%PDF%PDF%PDF%PDF%PDF%PDF%PDF%PDF%PDF%PDF%PDF%PDF%PDF%PDF%PDF%PDF%PDF%PDF%PDF%PDF%PDF%PDF%PDF%PDF%PDF%PDF%PDF%PDF%PDF%PDF%PDF%PDF%PDF%PDF%PDF%PDF%PDF%PDF%PDF%PDF%PDF%PDF%PDF%PDF%PDF%PDF%PDF%PDF%PDF%PDF%PDF%PDF%PDF%PDF%PDF%PDF%PDF%PDF%PDF%PDF%PDF%PDF%PDF%PDF%PDF%PDF%PDF%PDF%PDF%PDF%PDF%PDF%PDF%PDF%PDF%PDF%PDF%PDF%PDF%PDF%PDF%PDF%PDF%PDF%PDF%PDF%PDF%PDF%PDF%PDF%PDF%PDF%PDF%PDF%PDF%PDF%PDF%PDF%PDF%PDF%PDF%PDF%PDF%PDF%PDF%PDF%PDF%PDF%PDF%PDF%PDF%PDF%PDF%PDF%PDF%PDF%PDF%PDF%PDF%PDF%PDF%PDF%PDF%PDF%PDF%PDF%PDF%PDF%PDF%PDF%PDF%PDF%PDF%PDF%PDF%PDF%PDF%PDF%PDF%PDF%PDF%PDF%PDF%PDF%PDF%PDF%PDF%PDF%PDF%PDF%PDF%PDF%PDF%PDF%PDF%PDF%PDF%PDF%PDF%PDF%PDF%PDF%PDF%PDF%PDF%PDF%PDF%PDF%PDF%PDF%PDF%PDF%PDF%PDF%PDF%PDF%PDF%PDF%PDF%PDF%PDF%PDF%PDF%PDF%PDF%PDF%PDF%PDF%PDF%PDF%PDF%PDF%PDF%PDF%PDF%PDF%PDF%PDF%PDF%PDF%PDF%PDF%PDF%PDF%PDF%PDF%PDF%PDF%PDF%PDF%PDF%PDF%PDF%PDF%PDF%PDF%PDF%PDF%PDF%PDF%PDF%PDF%PDF%PDF%PDF%PDF%PDF%PDF%PDF%PDF%PDF%PDF%PDF%PDF%PDF%PDF%PDF%PDF%PDF%PDF%PDF%PDF%PDF%PDF%PDF%PDF%PDF%PDF%PDF%PDF%PDF%PDF%PDF%PDF%PDF%PDF%PDF%PDF%PDF%PDF%PDF%PDF%PDF%PDF%PDF%PDF%PDF%PDF%PDF%PDF%PDF%PDF%PDF%PDF%PDF%PDF%PDF%PDF%PDF%PDF%PDF%PDF%PDF%PDF%PDF%PDF%PDF%PDF%PDF%PDF%PDF%PDF%PDF%PDF%PDF%PDF%PDF%PDF%PDF%PDF%PDF%PDF%PDF%PDF%PDF%PDF%PDF%PDF%PDF%PDF%PDF%PDF%PDF%PDF%PDF%PDF%PDF%PDF%PDF%PDF%PDF%PDF%PDF%PDF%PDF%PDF%PDF%PDF%PDF%PDF%PDF%PDF%PDF%PDF%PDF%PDF%PDF%PDF%PDF%PDF%PDF%PDF%PDF%PDF%PDF%PDF%PDF%PDF%PDF%PDF%PDF%PDF%PDF%PDF%PDF%PDF%PDF%PDF%PDF%PDF%PDF%PDF%PDF%PDF%PDF%PDF%PDF%PDF%PDF%PDF%PDF%PDF%PDF%PDF%PDF%PDF%PDF%PDF%PDF%PDF%PDF%PDF%PDF%PDF%PDF%PDF%PDF%PDF%PDF%PDF%PDF%PDF%PDF%PDF%PDF%PDF%PDF%PDF%PDF%PDF%PDF%PDF%PDF%PDF%PDF%PDF%PDF%PDF%PDF%PDF%PDF%PDF%PDF%PDF%PDF%PDF%PDF%PDF%PDF%PDF%PDF%PDF%PDF%PDF%PDF%PDF%PDF%PDF%PDF%PDF%PDF%PDF%PDF%PDF%PDF%PDF%PDF%PDF%PDF%PDF%PDF%PDF%PDF%PDF%PDF%PDF%PDF%PDF%PDF%PDF%PDF%PDF%PDF%PDF%PDF%PDF%PDF%PDF%PDF%PDF%PDF%PDF%PDF%PDF%PDF%PDF%PDF%PDF%PDF%PDF%PDF%PDF%PDF%PDF%PDF%PDF%PDF%PDF%PDF%PDF%PDF%PDF%PDF%PDF%PDF%PDF%PDF%PDF%PDF%PDF%PDF%PDF%PDF%PDF%PDF%PDF%PDF%PDF%PDF%PDF%PDF%PDF%PDF%PDF%PDF%PDF%PDF%PDF%PDF%PDF%PDF%PDF%PDF%PDF%PDF%PDF%PDF%PDF%PDF%PDF%PDF%PDF%PDF%PDF%PDF%PDF%PDF%PDF%PDF%PDF%PDF%PDF%PDF%PDF%PDF%PDF%PDF%PDF%PDF%PDF%PDF%PDF%PDF%PDF%PDF%PDF%PDF%PDF%PDF%PDF%PDF%PDF%PDF%PDF%PDF%PDF%PDF%PDF%PDF%PDF%PDF%PDF%PDF%PDF%PDF%PDF%PDF%PDF%PDF%PDF%PDF%PDF%PDF%PDF%PDF%PDF%PDF%PDF%PDF%PDF%PDF%PDF%PDF%PDF%PDF%PDF%PDF%PDF%PDF%PDF%PDF%PDF%PDF%PDF%PDF%PDF%PDF%PDF%PDF%PDF%PDF%PDF%PDF%PDF%PDF%PDF%PDF%PDF%PDF%PDF%PDF%PDF%PDF%PDF%PDF%PDF%PDF%PDF%PDF%PDF%PDF%PDF%PDF%PDF%PDF%PDF%PDF%PDF%PDF%PDF%PDF%PDF%PDF%PDF%PDF%PDF%PDF%PDF%PDF%PDF%PDF%PDF%PDF%PDF%PDF%PDF%PDF%PDF%PDF%PDF%PDF%PDF%PDF%PDF%PDF%PDF%PDF%PDF%PDF%PDF%PDF%PDF%PDF%PDF%PDF%PDF%PDF%PDF%PDF%PDF%PDF%PDF%PDF%PDF%PDF%PDF%PDF%PDF%PDF%PDF%PDF%PDF%PDF%PDF%PDF%PDF%PDF%PDF%PDF%PDF%PDF%PDF%PDF%PDF%PDF%PDF%PDF%PDF%PDF%PDF%PDF%PDF%PDF%PDF%PDF%PDF%PDF%PDF%PDF%PDF%PDF%PDF%PDF%PDF%PDF%PDF%PDF%PDF%PDF%PDF%PDF%PDF%PDF%PDF%PDF%PDF%PDF%PDF%PDF%PDF%PDF%PDF%PDF%PDF%PDF%PDF%PDF%PDF%PDF%PDF%PDF%PDF%PDF%PDF%PDF%PDF%PDF%PDF%PDF%PDF%PDF%PDF%PDF%PDF%PDF%PDF%PDF%PDF%PDF%PDF%PDF%PDF%PDF%PDF%PDF%PDF%PDF%PDF%PDF%PDF%PDF%PDF%PDF%PDF%PDF%PDF%PDF%PDF%PDF%PDF%PDF%PDF%PDF%PDF%PDF%PDF%PDF%PDF%PDF%PDF%PDF%PDF%PDF%PDF%PDF%PDF%PDF%PDF%PDF%PDF%PDF%PDF%PDF%PDF%PDF%PDF%PDF%PDF%PDF%PDF%PDF%PDF%PDF%PDF%PDF%PDF%PDF%PDF%PDF%PDF%PDF%PDF%PDF%PDF%PDF%PDF%PDF%PDF%PDF%PDF%PDF%PDF%PDF%PDF%PDF%PDF%PDF%PDF%PDF%PDF%PDF%PDF%PDF%PDF%PDF%PDF%PDF%PDF%PDF%PDF%PDF%PDF%PDF%PDF%PDF%PDF%PDF%PDF%PDF%PDF%PDF%PDF%PDF%PDF%PDF%PDF%PDF%PDF%PDF%PDF%PDF%PDF%PDF%PDF%PDF%PDF%PDF%PDF%PDF%PDF%PDF%PDF%PDF%PDF%PDF%PDF%PDF%PDF%PDF%PDF%PDF%PDF%PDF%PDF%PDF%PDF%PDF%PDF%PDF%PDF%PDF%PDF%PDF%PDF%PDF%PDF%PDF%PDF%PDF%PDF%PDF%PDF%PDF%PDF%PDF%PDF%PDF%PDF%PDF%PDF%PDF%PDF%PDF%PDF%PDF%PDF%PDF%PDF%PDF%PDF%PDF%PDF%PDF%PDF%PDF%PDF%PDF%PDF%PDF%PDF%PDF%PDF%PDF%PDF%PDF%PDF%PDF%PDF%PDF%PDF%PDF%PDF%PDF%PDF%PDF%PDF%PDF%PDF%PDF%PDF%PDF%PDF%PDF%PDF%PDF%PDF%PDF%PDF%PDF%PDF%PDF%PDF%PDF%PDF%PDF%PDF%PDF%PDF%PDF%PDF%PDF%PDF%PDF%PDF%PDF%PDF%PDF%PDF%PDF%PDF%PDF%PDF%PDF%PDF%PDF%PDF%PDF%PDF%PDF%PDF%PDF%PDF%PDF%PDF%PDF%PDF%PDF%PDF%PDF%PDF%PDF%PDF%PDF%PDF%PDF%PDF%PDF%PDF%PDF%PDF%PDF%PDF%PDF%PDF%PDF%PDF%PDF%PDF%PDF%PDF%PDF%PDF%PDF%PDF%PDF%PDF%PDF%PDF%PDF%PDF%PDF%PDF%PDF%PDF%PDF%PDF%PDF%PDF%PDF%PDF%PDF%PDF%PDF%PDF%PDF%PDF%PDF%PDF%PDF%PDF%PDF%PDF%PDF%PDF%PDF%PDF%PDF%PDF%PDF%PDF%PDF%PDF%PDF%PDF%PDF%PDF%PDF%PDF%PDF%PDF%PDF%PDF%PDF%PDF%PDF%PDF%PDF%PDF%PDF%PDF%PDF%PDF%PDF%PDF%PDF%PDF%PDF%PDF%PDF%PDF%PDF%PDF%PDF%PDF%PDF%PDF%PDF%PDF%PDF%PDF%PDF%PDF%PDF%PDF%PDF%PDF%PDF%PDF%PDF%PDF%PDF%PDF%PDF%PDF%PDF%PDF%PDF%PDF%PDF%PDF%PDF%PDF%PDF%PDF%PDF%PDF%PDF%PDF%PDF%PDF%PDF%PDF%PDF%PDF%PDF%PDF%PDF%PDF%PDF%PDF%PDF%PDF%PDF%PDF%PDF%PDF%PDF%PDF%PDF%PDF%PDF%PDF%PDF%PDF%PDF%PDF%PDF%PDF%PDF%PDF%PDF%PDF%PDF%PDF%PDF%PDF%PDF%PDF%PDF%PDF%PDF%PDF%PDF%PDF%PDF%PDF%PDF%PDF%PDF%PDF%PDF%PDF%PDF%PDF%PDF%PDF%PDF%PDF%PDF%PDF%PDF%PDF%PDF%PDF%PDF%PDF%PDF%PDF%PDF%PDF%PDF%PDF%PDF%PDF%PDF%PDF%PDF%PDF%PDF%PDF%PDF%PDF%PDF%PDF%PDF%PDF%PDF%PDF%PDF%PDF%PDF%PDF%PDF%PDF%PDF%PDF%PDF%PDF%PDF%PDF%PDF%PDF%PDF%PDF%PDF%PDF%PDF%PDF%PDF%PDF%PDF%PDF%PDF%PDF%PDF%PDF%PDF%PDF%PDF%PDF%PDF%PDF%PDF%PDF%PDF%PDF%PDF%PDF%PDF%PDF%PDF%PDF%PDF%PDF%PDF%PDF%PDF%PDF%PDF%PDF%PDF%PDF%PDF%PDF%PDF%PDF%PDF%PDF%PDF%PDF%PDF%PDF%PDF%PDF%PDF%PDF%PDF%PDF%PDF%PDF%PDF%PDF%PDF%PDF%PDF%PDF%PDF%PDF%PDF%PDF%PDF%PDF%PDF%PDF%PDF%PDF%PDF%PDF%PDF%PDF%PDF%PDF%PDF%PDF%PDF%PDF%PDF%PDF%PDF%PDF%PDF%PDF%PDF%PDF%PDF%PDF%PDF%PDF%PDF%PDF%PDF%PDF%PDF%PDF%PDF%PDF%PDF%PDF%PDF%PDF%PDF%PDF%PDF%PDF%PDF%PDF%PDF%PDF%PDF%PDF%PDF%PDF%PDF%PDF%PDF%PDF%PDF%PDF%PDF%PDF%PDF%PDF%PDF%PDF%PDF%PDF%PDF%PDF%PDF%PDF%PDF%PDF%PDF%PDF%PDF%PDF%PDF%PDF%PDF%PDF%PDF%PDF%PDF%PDF%PDF%PDF%PDF%PDF%PDF%PDF%PDF%PDF%PDF%PDF%PDF%PDF%PDF-
Unknown file type
?[1;31m
Start test 4?[0m
%PDF%PDF%PDF%PDF%PDF%PDF%PDF%PDF%PDF%PDF%PDF%PDF%PDF%PDF%PDF%PDF%PDF%PDF%PDF%PDF%PDF%PDF%PDF%PDF%PDF%PDF%PDF%PDF%PDF%PDF%PDF%PDF%PDF%PDF%PDF%PDF%PDF%PDF%PDF%PDF%PDF%PDF%PDF%PDF%PDF%PDF%PDF%PDF%PDF%PDF%PDF%PDF%PDF%PDF%PDF%PDF%PDF%PDF%PDF%PDF%PDF%PDF%PDF%PDF%PDF%PDF%PDF%PDF%PDF%PDF%PDF%PDF%PDF%PDF%PDF%PDF%PDF%PDF%PDF%PDF%PDF%PDF%PDF%PDF%PDF%PDF%PDF%PDF%PDF%PDF%PDF%PDF%PDF%PDF%PDF%PDF%PDF%PDF%PDF%PDF%PDF%PDF%PDF%PDF%PDF%PDF%PDF%PDF%PDF%PDF%PDF%PDF%PDF%PDF%PDF%PDF%PDF%PDF%PDF%PDF%PDF%PDF%PDF%PDF%PDF%PDF%PDF%PDF%PDF%PDF%PDF%PDF%PDF%PDF%PDF%PDF%PDF%PDF%PDF%PDF%PDF%PDF%PDF%PDF%PDF%PDF%PDF%PDF%PDF%PDF%PDF%PDF%PDF%PDF%PDF%PDF%PDF%PDF%PDF%PDF%PDF%PDF%PDF%PDF%PDF%PDF%PDF%PDF%PDF%PDF%PDF%PDF%PDF%PDF%PDF%PDF%PDF%PDF%PDF%PDF%PDF%PDF%PDF%PDF%PDF%PDF%PDF%PDF%PDF%PDF%PDF%PDF%PDF%PDF%PDF%PDF%PDF%PDF%PDF%PDF%PDF%PDF%PDF%PDF%PDF%PDF%PDF%PDF%PDF%PDF%PDF%PDF%PDF%PDF%PDF%PDF%PDF%PDF%PDF%PDF%PDF%PDF%PDF%PDF%PDF%PDF%PDF%PDF%PDF%PDF%PDF%PDF%PDF%PDF%PDF%PDF%PDF%PDF%PDF%PDF%PDF%PDF%PDF%PDF%PDF%PDF%PDF%PDF%PDF%PDF%PDF%PDF%PDF%PDF%PDF%PDF%PDF%PDF%PDF%PDF%PDF%PDF%PDF%PDF%PDF%PDF%PDF%PDF%PDF%PDF%PDF%PDF%PDF%PDF%PDF%PDF%PDF%PDF%PDF%PDF%PDF%PDF%PDF%PDF%PDF%PDF%PDF%PDF%PDF%PDF%PDF%PDF%PDF%PDF%PDF%PDF%PDF%PDF%PDF%PDF%PDF%PDF%PDF%PDF%PDF%PDF%PDF%PDF%PDF%PDF%PDF%PDF%PDF%PDF%PDF%PDF%PDF%PDF%PDF%PDF%PDF%PDF%PDF%PDF%PDF%PDF%PDF%PDF%PDF%PDF%PDF%PDF%PDF%PDF%PDF%PDF%PDF%PDF%PDF%PDF%PDF%PDF%PDF%PDF%PDF%PDF%PDF%PDF%PDF%PDF%PDF%PDF%PDF%PDF%PDF%PDF%PDF%PDF%PDF%PDF%PDF%PDF%PDF%PDF%PDF%PDF%PDF%PDF%PDF%PDF%PDF%PDF%PDF%PDF%PDF%PDF%PDF%PDF%PDF%PDF%PDF%PDF%PDF%PDF%PDF%PDF%PDF%PDF%PDF%PDF%PDF%PDF%PDF%PDF%PDF%PDF%PDF%PDF%PDF%PDF%PDF%PDF%PDF%PDF%PDF%PDF%PDF%PDF%PDF%PDF%PDF%PDF%PDF%PDF%PDF%PDF%PDF%PDF%PDF%PDF%PDF%PDF%PDF%PDF%PDF%PDF%PDF%PDF%PDF%PDF%PDF%PDF%PDF%PDF%PDF%PDF%PDF%PDF%PDF%PDF%PDF%PDF%PDF%PDF%PDF%PDF%PDF%PDF%PDF%PDF%PDF%PDF%PDF%PDF%PDF%PDF%PDF%PDF%PDF%PDF%PDF%PDF%PDF%PDF%PDF%PDF%PDF%PDF%PDF%PDF%PDF%PDF%PDF%PDF%PDF%PDF%PDF%PDF%PDF%PDF%PDF%PDF%PDF%PDF%PDF%PDF%PDF%PDF%PDF%PDF%PDF%PDF%PDF%PDF%PDF%PDF%PDF%PDF%PDF%PDF%PDF%PDF%PDF%PDF%PDF%PDF%PDF%PDF%PDF%PDF%PDF%PDF%PDF%PDF%PDF%PDF%PDF%PDF%PDF%PDF%PDF%PDF%PDF%PDF%PDF%PDF%PDF%PDF%PDF%PDF%PDF%PDF%PDF%PDF%PDF%PDF%PDF%PDF%PDF%PDF%PDF%PDF%PDF%PDF%PDF%PDF%PDF%PDF%PDF%PDF%PDF%PDF%PDF%PDF%PDF%PDF%PDF%PDF%PDF%PDF%PDF%PDF%PDF%PDF%PDF%PDF%PDF%PDF%PDF%PDF%PDF%PDF%PDF%PDF%PDF%PDF%PDF%PDF%PDF%PDF%PDF%PDF%PDF%PDF%PDF%PDF%PDF%PDF%PDF%PDF%PDF%PDF%PDF%PDF%PDF%PDF%PDF%PDF%PDF%PDF%PDF%PDF%PDF%PDF%PDF%PDF%PDF%PDF%PDF%PDF%PDF%PDF%PDF%PDF%PDF%PDF%PDF%PDF%PDF%PDF%PDF%PDF%PDF%PDF%PDF%PDF%PDF%PDF%PDF%PDF%PDF%PDF%PDF%PDF%PDF%PDF%PDF%PDF%PDF%PDF%PDF%PDF%PDF%PDF%PDF%PDF%PDF%PDF%PDF%PDF%PDF%PDF%PDF%PDF%PDF%PDF%PDF%PDF%PDF%PDF%PDF%PDF%PDF%PDF%PDF%PDF%PDF%PDF%PDF%PDF%PDF%PDF%PDF%PDF%PDF%PDF%PDF%PDF%PDF%PDF%PDF%PDF%PDF%PDF%PDF%PDF%PDF%PDF%PDF%PDF%PDF%PDF%PDF%PDF%PDF%PDF%PDF%PDF%PDF%PDF%PDF%PDF%PDF%PDF%PDF%PDF%PDF%PDF%PDF%PDF%PDF%PDF%PDF%PDF%PDF%PDF%PDF%PDF%PDF%PDF%PDF%PDF%PDF%PDF%PDF%PDF%PDF%PDF%PDF%PDF%PDF%PDF%PDF%PDF%PDF%PDF%PDF%PDF%PDF%PDF%PDF%PDF%PDF%PDF%PDF%PDF%PDF%PDF%PDF%PDF%PDF%PDF%PDF%PDF%PDF%PDF%PDF%PDF%PDF%PDF%PDF%PDF%PDF%PDF%PDF%PDF%PDF%PDF%PDF%PDF%PDF%PDF%PDF%PDF%PDF%PDF%PDF%PDF%PDF%PDF%PDF%PDF%PDF%PDF%PDF%PDF%PDF%PDF%PDF%PDF%PDF%PDF%PDF%PDF%PDF%PDF%PDF%PDF%PDF%PDF%PDF%PDF%PDF%PDF%PDF%PDF%PDF%PDF%PDF%PDF%PDF%PDF%PDF%PDF%PDF%PDF%PDF%PDF%PDF%PDF%PDF%PDF%PDF%PDF%PDF%PDF%PDF%PDF%PDF%PDF%PDF%PDF%PDF%PDF%PDF%PDF%PDF%PDF%PDF%PDF%PDF%PDF%PDF%PDF%PDF%PDF%PDF%PDF%PDF%PDF%PDF%PDF%PDF%PDF%PDF%PDF%PDF%PDF%PDF%PDF%PDF%PDF%PDF%PDF%PDF%PDF%PDF%PDF%PDF%PDF%PDF%PDF%PDF%PDF%PDF%PDF%PDF%PDF%PDF%PDF%PDF%PDF%PDF%PDF%PDF%PDF%PDF%PDF%PDF%PDF%PDF%PDF%PDF%PDF%PDF%PDF%PDF%PDF%PDF%PDF%PDF%PDF%PDF%PDF%PDF%PDF%PDF%PDF%PDF%PDF%PDF%PDF%PDF%PDF%PDF%PDF%PDF%PDF%PDF%PDF%PDF%PDF%PDF%PDF%PDF%PDF%PDF%PDF%PDF%PDF%PDF%PDF%PDF%PDF%PDF%PDF%PDF%PDF%PDF%PDF%PDF%PDF%PDF%PDF%PDF%PDF%PDF%PDF%PDF%PDF%PDF%PDF%PDF%PDF%PDF%PDF%PDF%PDF%PDF%PDF%PDF%PDF%PDF%PDF%PDF%PDF%PDF%PDF%PDF%PDF%PDF%PDF%PDF%PDF%PDF%PDF%PDF%PDF%PDF%PDF%PDF%PDF%PDF%PDF%PDF%PDF%PDF%PDF%PDF%PDF%PDF%PDF%PDF%PDF%PDF%PDF%PDF%PDF%PDF%PDF%PDF%PDF%PDF%PDF%PDF%PDF%PDF%PDF%PDF%PDF%PDF%PDF%PDF%PDF%PDF%PDF%PDF%PDF%PDF%PDF%PDF%PDF%PDF%PDF%PDF%PDF%PDF%PDF%PDF%PDF%PDF%PDF%PDF%PDF%PDF%PDF%PDF%PDF%PDF%PDF%PDF%PDF%PDF%PDF%PDF%PDF%PDF%PDF%PDF%PDF%PDF%PDF%PDF%PDF%PDF%PDF%PDF%PDF%PDF%PDF%PDF%PDF%PDF%PDF%PDF%PDF%PDF%PDF%PDF%PDF%PDF%PDF%PDF%PDF%PDF%PDF%PDF%PDF%PDF%PDF%PDF%PDF%PDF%PDF%PDF%PDF%PDF%PDF%PDF%PDF%PDF%PDF%PDF%PDF%PDF%PDF%PDF%PDF%PDF%PDF%PDF%PDF%PDF%PDF%PDF%PDF%PDF%PDF%PDF%PDF%PDF%PDF%PDF%PDF%PDF%PDF%PDF%PDF%PDF%PDF%PDF%PDF%PDF%PDF%PDF%PDF%PDF%PDF%PDF%PDF%PDF%PDF%PDF%PDF%PDF%PDF%PDF%PDF%PDF%PDF%PDF%PDF%PDF%PDF%PDF%PDF%PDF%PDF%PDF%PDF%PDF%PDF%PDF%PDF%PDF%PDF%PDF%PDF%PDF%PDF%PDF%PDF%PDF%PDF%PDF%PDF%PDF%PDF%PDF%PDF%PDF%PDF%PDF%PDF%PDF%PDF%PDF%PDF%PDF%PDF%PDF%PDF%PDF%PDF%PDF%PDF%PDF%PDF%PDF%PDF%PDF%PDF%PDF%PDF%PDF%PDF%PDF%PDF%PDF%PDF%PDF%PDF%PDF%PDF%PDF%PDF%PDF%PDF%PDF%PDF%PDF%PDF%PDF%PDF%PDF%PDF%PDF%PDF%PDF%PDF%PDF%PDF%PDF%PDF%PDF%PDF%PDF%PDF%PDF%PDF%PDF%PDF%PDF%PDF%PDF%PDF%PDF%PDF%PDF%PDF%PDF%PDF%PDF%PDF%PDF%PDF%PDF%PDF%PDF%PDF%PDF%PDF%PDF%PDF%PDF%PDF%PDF%PDF%PDF%PDF%PDF%PDF%PDF%PDF%PDF%PDF%PDF%PDF%PDF%PDF%PDF%PDF%PDF%PDF%PDF%PDF%PDF%PDF%PDF%PDF%PDF%PDF%PDF%PDF%PDF%PDF%PDF%PDF%PDF%PDF%PDF%PDF%PDF%PDF%PDF%PDF%PDF%PDF%PDF%PDF%PDF%PDF%PDF%PDF%PDF%PDF%PDF%PDF%PDF%PDF%PDF%PDF%PDF%PDF%PDF%PDF%PDF%PDF%PDF%PDF%PDF%PDF%PDF%PDF%PDF%PDF%PDF%PDF%PDF%PDF%PDF%PDF%PDF%PDF%PDF%PDF%PDF%PDF%PDF%PDF%PDF%PDF%PDF%PDF%PDF%PDF%PDF%PDF%PDF%PDF%PDF%PDF%PDF%PDF%PDF%PDF%PDF%PDF%PDF%PDF%PDF%PDF%PDF%PDF%PDF%PDF%PDF%PDF%PDF%PDF%PDF%PDF%PDF%PDF%PDF%PDF%PDF%PDF%PDF%PDF%PDF%PDF%PDF%PDF%PDF%PDF%PDF%PDF%PDF%PDF%PDF%PDF%PDF%PDF%PDF%PDF%PDF%PDF%PDF%PDF%PDF%PDF%PDF%PDF%PDF%PDF%PDF%PDF%PDF%PDF%PDF%PDF%PDF%PDF%PDF%PDF%PDF%PDF%PDF%PDF%PDF%PDF%PDF%PDF%PDF%PDF%PDF%PDF%PDF%PDF%PDF%PDF%PDF%PDF%PDF%PDF%PDF%PDF%PDF%PDF%PDF%PDF%PDF%PDF%PDF%PDF%PDF%PDF%PDF%PDF%PDF%PDF%PDF%PDF%PDF%PDF%PDF%PDF%PDF%PDF%PDF%PDF%PDF%PDF%PDF%PDF%PDF%PDF%PDF%PDF%PDF%PDF%PDF%PDF%PDF%PDF%PDF%PDF%PDF%PDF%PDF%PDF%PDF%PDF%PDF%PDF%PDF%PDF%PDF%PDF%PDF%PDF%PDF%PDF%PDF%PDF%PDF%PDF%PDF%PDF%PDF%PDF%PDF%PDF%PDF%PDF%PDF%PDF%PDF%PDF%PDF%PDF%PDF%PDF%PDF%PDF%PDF%PDF%PDF%PDF%PDF%PDF%PDF%PDF%PDF%PDF%PDF%PDF%PDF%PDF%PDF%PDF%PDF%PDF%PDF%PDF%PDF%PDF%PDF%PDF%PDF%PDF%PDF%PDF%PDF%PDF%PDF%PDF%PDF%PDF%PDF%PDF%PDF%PDF%PDF%PDF%PDF%PDF%PDF%PDF%PDF%PDF%PDF%PDF%PDF%PDF%PDF%PDF%PDF%PDF%PDF%PDF%PDF%PDF%PDF%PDF%PDF%PDF%PDF%PDF%PDF%PDF%PDF%PDF%PDF%PDF%PDF%PDF%PDF%PDF%PDF%PDF%PDF%PDF%PDF%PDF%PDF%PDF%PDF%PDF%PDF%PDF%PDF%PDF%PDF%PDF%PDF%PDF%PDF%PDF%PDF%PDF%PDF%PDF%PDF%PDF%PDF%PDF%PDF%PDF%PDF%PDF%PDF%PDF%PDF%PDF%PDF%PDF%PDF%PDF%PDF%PDF%PDF%PDF%PDF%PDF%PDF%PDF%PDF%PDF%PDF%PDF%PDF%PDF%PDF%PDF%PDF%PDF%PDF%PDF%PDF%PDF%PDF%PDF%PDF%PDF%PDF%PDF%PDF%PDF%PDF%PDF%PDF%PDF%PDF%PDF%PDF%PDF%PDF%PDF%PDF%PDF%PDF%PDF%PDF%PDF%PDF%PDF%PDF%PDF%PDF%PDF%PDF%PDF%PDF%PDF%PDF%PDF%PDF%PDF%PDF%PDF%PDF%PDF%PDF%PDF%PDF%PDF%PDF%PDF%PDF%PDF%PDF%PDF%PDF%PDF%PDF%PDF%PDF%PDF%PDF%PDF%PDF%PDF%PDF%PDF%PDF%PDF%PDF%PDF%PDF%PDF%PDF%PDF%PDF%PDF%PDF%PDF%PDF%PDF%PDF%PDF%PDF%PDF%PDF%PDF%PDF%PDF%PDF%PDF%PDF%PDF%PDF%PDF%PDF%PDF%PDF%PDF%PDF%PDF%PDF%PDF%PDF%PDF%PDF%PDF%PDF%PDF%PDF%PDF%PDF%PDF%PDF%PDF%PDF%PDF%PDF%PDF%PDF%PDF%PDF%PDF%PDF%PDF%PDF%PDF%PDF%PDF%PDF%PDF%PDF%PDF%PDF%PDF%PDF%PDF%PDF%PDF%PDF%PDF%PDF%PDF%PDF%PDF%PDF%PDF%PDF%PDF%PDF%PDF%PDF%PDF%PDF%PDF%PDF%PDF%PDF%PDF%PDF%PDF%PDF%PDF%PDF%PDF%PDF%PDF%PDF%PDF%PDF%PDF%PDF%PDF%PDF%PDF%PDF%PDF%PDF%PDF%PDF%PDF%PDF%PDF%PDF%PDF%PDF%PDF%PDF%PDF%PDF%PDF%PDF%PDF%PDF%PDF%PDF%PDF%PDF%PDF%PDF%PDF%PDF%PDF%PDF%PDF%PDF%PDF%PDF%PDF%PDF%PDF%PDF%PDF%PDF%PDF%PDF%PDF%PDF%PDF%PDF%PDF%PDF%PDF%PDF%PDF%PDF%PDF%PDF%PDF%PDF%PDF%PDF%PDF%PDF%PDF%PDF%PDF%PDF%PDF%PDF%PDF%PDF%PDF%PDF%PDF%PDF%PDF%PDF%PDF%PDF%PDF%PDF%PDF%PDF%PDF%PDF%PDF%PDF%PDF%PDF%PDF%PDF%PDF%PDF%PDF%PDF%PDF%PDF%PDF%PDF%PDF%PDF%PDF%PDF%PDF%PDF%PDF%PDF%PDF%PDF%PDF%PDF%PDF%PDF%PDF%PDF%PDF%PDF%PDF%PDF%PDF%PDF%PDF%PDF%PDF%PDF%PDF%PDF%PDF%PDF%PDF%PDF%PDF%PDF%PDF%PDF%PDF%PDF%PDF%PDF%PDF%PDF%PDF%PDF%PDF%PDF%PDF%PDF%PDF%PDF%PDF%PDF%PDF%PDF%PDF%PDF%PDF%PDF%PDF%PDF%PDF%PDF%PDF%PDF%PDF%PDF%PDF%PDF%PDF%PDF%PDF%PDF%PDF%PDF%PDF%PDF%PDF%PDF%PDF%PDF%PDF%PDF%PDF%PDF%PDF%PDF%PDF%PDF%PDF%PDF%PDF%PDF%PDF%PDF%PDF%PDF%PDF%PDF%PDF%PDF%PDF%PDF%PDF%PDF%PDF%PDF%PDF%PDF%PDF%PDF%PDF%PDF%PDF%PDF%PDF%PDF%PDF%PDF%PDF%PDF%PDF%PDF%PDF%PDF%PDF%PDF%PDF%PDF%PDF%PDF%PDF%PDF%PDF%PDF%PDF%PDF%PDF%PDF%PDF%PDF%PDF%PDF%PDF%PDF%PDF%PDF%PDF%PDF%PDF%PDF%PDF%PDF%PDF%PDF%PDF%PDF%PDF%PDF%PDF%PDF%PDF%PDF%PDF%PDF%PDF%PDF%PDF%PDF%PDF%PDF%PDF%PDF%PDF%PDF%PDF%PDF%PDF%PDF%PDF%PDF%PDF%PDF%PDF%PDF%PDF%PDF%PDF%PDF%PDF%PDF%PDF%PDF%PDF%PDF%PDF%PDF%PDF%PDF%PDF%PDF%PDF%PDF%PDF%PDF%PDF%PDF%PDF%PDF%PDF%PDF%PDF%PDF%PDF%PDF%PDF%PDF%PDF%PDF%PDF%PDF%PDF%PDF%PDF%PDF%PDF%PDF%PDF%PDF%PDF%PDF%PDF%PDF%PDF%PDF%PDF%PDF%PDF%PDF%PDF%PDF%PDF%PDF%PDF%PDF%PDF%PDF%PDF%PDF%PDF%PDF%PDF%PDF%PDF%PDF%PDF%PDF%PDF%PDF%PDF%PDF%PDF%PDF%PDF%PDF%PDF%PDF%PDF%PDF%PDF%PDF%PDF%PDF%PDF%PDF%PDF%PDF%PDF%PDF%PDF%PDF%PDF%PDF%PDF%PDF%PDF%PDF%PDF%PDF%PDF%PDF%PDF%PDF%PDF%PDF%PDF%PDF%PDF%PDF%PDF%PDF%PDF%PDF%PDF%PDF%PDF%PDF%PDF%PDF%PDF%PDF%PDF%PDF%PDF%PDF%PDF%PDF%PDF%PDF%PDF%PDF%PDF%PDF%PDF%PDF%PDF%PDF%PDF%PDF%PDF%PDF%PDF%PDF%PDF%PDF%PDF%PDF%PDF%PDF%PDF%PDF%PDF%PDF%PDF%PDF%PDF%PDF%PDF%PDF%PDF%PDF%PDF%PDF%PDF%PDF%PDF%PDF%PDF%PDF%PDF%PDF%PDF%PDF%PDF%PDF%PDF%PDF%PDF%PDF%PDF%PDF%PDF%PDF%PDF%PDF%PDF%PDF%PDF%PDF%PDF%PDF%PDF%PDF%PDF%PDF%PDF%PDF%PDF%PDF%PDF%PDF%PDF%PDF%PDF%PDF%PDF%PDF%PDF%PDF%PDF%PDF%PDF%PDF%PDF%PDF%PDF%PDF%PDF%PDF%PDF%PDF%PDF%PDF%PDF%PDF%PDF%PDF%PDF%PDF%PDF%PDF%PDF%PDF%PDF%PDF%PDF%PDF%PDF%PDF%PDF%PDF%PDF%PDF%PDF%PDF%PDF%PDF%PDF%PDF%PDF%PDF%PDF%PDF%PDF%PDF%PDF%PDF%PDF%PDF%PDF%PDF%PDF%PDF%PDF%PDF%PDF%PDF%PDF%PDF%PDF%PDF%PDF%PDF%PDF%PDF%PDF%PDF%PDF%PDF%PDF%PDF%PDF%PDF%PDF%PDF%PDF%PDF%PDF%PDF%PDF%PDF%PDF%PDF%PDF%PDF%PDF%PDF%PDF%PDF%PDF%PDF%PDF%PDF%PDF%PDF%PDF%PDF%PDF%PDF%PDF%PDF%PDF%PDF%PDF%PDF%PDF%PDF%PDF%PDF%PDF%PDF%PDF%PDF%PDF%PDF%PDF%PDF%PDF%PDF%PDF%PDF%PDF%PDF%PDF%PDF%PDF%PDF%PDF%PDF%PDF%PDF%PDF%PDF%PDF%PDF%PDF%PDF%PDF%PDF%PDF%PDF%PDF%PDF%PDF%PDF%PDF%PDF%PDF%PDF%PDF%PDF%PDF%PDF%PDF%PDF%PDF%PDF%PDF%PDF%PDF%PDF%PDF%PDF%PDF%PDF%PDF%PDF%PDF%PDF%PDF%PDF%PDF%PDF%PDF%PDF%PDF%PDF%PDF%PDF%PDF%PDF%PDF%PDF%PDF%PDF%PDF%PDF%PDF%PDF%PDF%PDF%PDF%PDF%PDF%PDF%PDF%PDF%PDF%PDF%PDF%PDF%PDF%PDF%PDF%PDF%PDF%PDF%PDF%PDF%PDF%PDF%PDF%PDF%PDF%PDF%PDF%PDF%PDF%PDF%PDF%PDF%PDF%PDF%PDF%PDF%PDF%PDF%PDF%PDF%PDF%PDF%PDF%PDF%PDF%PDF%PDF%PDF%PDF%PDF%PDF%PDF%PDF%PDF%PDF%PDF%PDF%PDF%PDF%PDF%PDF%PDF%PDF%PDF%PDF%PDF%PDF%PDF%PDF%PDF%PDF%PDF%PDF%PDF%PDF%PDF%PDF%PDF%PDF%PDF%PDF%PDF%PDF%PDF%PDF%PDF%PDF%PDF%PDF%PDF%PDF%PDF%PDF%PDF%PDF%PDF%PDF%PDF%PDF%PDF%PDF%PDF%PDF%PDF%PDF%PDF%PDF%PDF%PDF%PDF%PDF%PDF%PDF%PDF%PDF%PDF%PDF%PDF%PDF%PDF%PDF%PDF%PDF%PDF%PDF%PDF%PDF%PDF%PDF%PDF%PDF%PDF%PDF%PDF%PDF%PDF%PDF%PDF%PDF%PDF%PDF%PDF%PDF%PDF%PDF%PDF%PDF%PDF%PDF%PDF%PDF%PDF%PDF%PDF%PDF%PDF%PDF%PDF%PDF%PDF%PDF%PDF%PDF%PDF%PDF%PDF%PDF%PDF%PDF%PDF%PDF%PDF%PDF%PDF%PDF%PDF%PDF%PDF%PDF%PDF%PDF%PDF%PDF%PDF%PDF%PDF%PDF%PDF%PDF%PDF%PDF%PDF%PDF%PDF%PDF%PDF%PDF%PDF%PDF%PDF%PDF%PDF%PDF%PDF%PDF%PDF%PDF%PDF%PDF%PDF%PDF%PDF%PDF%PDF%PDF%PDF%PDF%PDF%PDF%PDF%PDF%PDF%PDF%PDF%PDF%PDF%PDF%PDF%PDF%PDF%PDF%PDF%PDF%PDF%PDF%PDF%PDF%PDF%PDF%PDF%PDF%PDF%PDF%PDF%PDF%PDF%PDF%PDF%PDF%PDF%PDF%PDF%PDF%PDF%PDF%PDF%PDF%PDF%PDF%PDF%PDF%PDF%PDF%PDF%PDF%PDF%PDF%PDF%PDF%PDF%PDF%PDF%PDF%PDF%PDF%PDF%PDF%PDF%PDF%PDF%PDF%PDF%PDF%PDF%PDF%PDF%PDF%PDF%PDF%PDF%PDF%PDF%PDF%PDF%PDF%PDF%PDF%PDF%PDF%PDF%PDF%PDF%PDF%PDF%PDF%PDF%PDF%PDF%PDF%PDF%PDF%PDF%PDF%PDF%PDF%PDF%PDF%PDF%PDF%PDF%PDF%PDF%PDF%PDF%PDF%PDF%PDF%PDF%PDF%PDF%PDF%PDF%PDF%PDF%PDF%PDF%PDF%PDF%PDF%PDF%PDF%PDF%PDF%PDF%PDF%PDF%PDF%PDF%PDF%PDF%PDF%PDF%PDF%PDF%PDF%PDF%PDF%PDF%PDF%PDF%PDF%PDF%PDF%PDF%PDF%PDF%PDF%PDF%PDF%PDF%PDF%PDF%PDF%PDF%PDF%PDF%PDF%PDF%PDF%PDF%PDF%PDF%PDF%PDF%PDF%PDF%PDF%PDF%PDF%PDF%PDF%PDF%PDF%PDF%PDF%PDF%PDF%PDF%PDF%PDF%PDF%PDF%PDF%PDF%PDF%PDF%PDF%PDF%PDF%PDF%PDF%PDF%PDF%PDF%PDF%PDF%PDF%PDF%PDF%PDF%PDF%PDF%PDF%PDF%PDF%PDF%PDF%PDF%PDF%PDF%PDF%PDF%PDF%PDF%PDF%PDF%PDF%PDF%PDF%PDF%PDF%PDF%PDF%PDF%PDF%PDF%PDF%PDF%PDF%PDF%PDF%PDF%PDF%PDF%PDF%PDF%PDF%PDF%PDF%PDF%PDF%PDF%PDF%PDF%PDF%PDF%PDF%PDF%PDF%PDF%PDF%PDF%PDF%PDF%PDF%PDF%PDF%PDF%PDF%PDF%PDF%PDF%PDF%PDF%PDF%PDF%PDF%PDF%PDF%PDF%PDF%PDF%PDF%PDF%PDF%PDF%PDF%PDF%PDF%PDF%PDF%PDF%PDF%PDF%PDF%PDF%PDF%PDF%PDF%PDF%PDF%PDF%PDF%PDF%PDF%PDF%PDF%PDF%PDF%PDF%PDF%PDF%PDF%PDF%PDF%PDF%PDF%PDF%PDF%PDF%PDF%PDF%PDF%PDF%PDF%PDF%PDF%PDF%PDF%PDF%PDF%PDF%PDF%PDF%PDF%PDF%PDF%PDF%PDF%PDF%PDF%PDF%PDF%PDF%PDF%PDF%PDF%PDF%PDF%PDF%PDF%PDF%PDF%PDF%PDF%PDF%PDF%PDF%PDF%PDF%PDF%PDF%PDF%PDF%PDF%PDF%PDF%PDF%PDF%PDF%PDF%PDF%PDF%PDF%PDF%PDF%PDF%PDF%PDF%PDF%PDF%PDF%PDF%PDF%PDF%PDF%PDF%PDF%PDF%PDF%PDF%PDF%PDF%PDF%PDF%PDF%PDF%PDF%PDF%PDF%PDF%PDF%PDF%PDF%PDF%PDF%PDF%PDF%PDF%PDF%PDF%PDF%PDF%PDF%PDF%PDF%PDF%PDF%PDF%PDF%PDF%PDF%PDF%PDF%PDF%PDF%PDF%PDF%PDF%PDF%PDF%PDF%PDF%PDF%PDF%PDF%PDF%PDF%PDF%PDF%PDF%PDF%PDF%PDF%PDF%PDF%PDF%PDF%PDF%PDF%PDF%PDF%PDF%PDF%PDF%PDF%PDF%PDF%PDF%PDF%PDF%PDF%PDF%PDF%PDF%PDF%PDF%PDF%PDF%PDF%PDF%PDF%PDF%PDF%PDF%PDF%PDF%PDF%PDF%PDF%PDF%PDF%PDF%PDF%PDF%PDF%PDF%PDF%PDF%PDF%PDF%PDF%PDF%PDF%PDF%PDF%PDF%PDF%PDF%PDF%PDF%PDF%PDF%PDF%PDF%PDF%PDF%PDF%PDF%PDF%PDF%PDF%PDF%PDF%PDF%PDF%PDF%PDF%PDF%PDF%PDF%PDF%PDF%PDF%PDF%PDF%PDF%PDF%PDF%PDF%PDF%PDF%PDF%PDF%PDF%PDF%PDF%PDF%PDF%PDF%PDF%PDF%PDF%PDF%PDF%PDF%PDF%PDF%PDF%PDF%PDF%PDF%PDF%PDF%PDF%PDF%PDF%PDF%PDF%PDF%PDF%PDF%PDF%PDF%PDF%PDF%PDF%PDF%PDF%PDF%PDF%PDF%PDF%PDF%PDF%PDF%PDF%PDF%PDF%PDF%PDF%PDF%PDF%PDF%PDF%PDF%PDF%PDF%PDF%PDF%PDF%PDF%PDF%PDF%PDF%PDF%PDF%PDF%PDF%PDF%PDF%PDF%PDF%PDF%PDF%PDF%PDF%PDF%PDF%PDF%PDF%PDF%PDF%PDF%PDF%PDF%PDF%PDF%PDF%PDF%PDF%PDF%PDF%PDF%PDF%PDF%PDF%PDF%PDF%PDF%PDF%PDF%PDF%PDF%PDF%PDF%PDF%PDF%PDF%PDF%PDF%PDF%PDF%PDF%PDF%PDF%PDF%PDF%PDF%PDF%PDF%PDF%PDF%PDF%PDF%PDF%PDF%PDF%PDF%PDF%PDF%PDF%PDF%PDF%PDF%PDF%PDF%PDF%PDF%PDF%PDF%PDF%PDF%PDF%PDF%PDF%PDF%PDF%PDF%PDF%PDF%PDF%PDF%PDF%PDF%PDF%PDF%PDF%PDF%PDF%PDF%PDF%PDF%PDF%PDF%PDF%PDF%PDF%PDF%PDF%PDF%PDF%PDF%PDF%PDF%PDF%PDF%PDF%PDF%PDF%PDF%PDF%PDF%PDF%PDF%PDF%PDF%PDF%PDF%PDF%PDF%PDF%PDF%PDF%PDF%PDF%PDF%PDF%PDF%PDF%PDF%PDF%PDF%PDF%PDF%PDF%PDF%PDF%PDF%PDF%PDF%PDF%PDF%PDF%PDF%PDF%PDF%PDF%PDF%PDF%PDF%PDF%PDF%PDF%PDF%PDF%PDF%PDF%PDF%PDF%PDF%PDF%PDF%PDF%PDF%PDF%PDF%PDF%PDF%PDF%PDF%PDF%PDF%PDF%PDF%PDF%PDF%PDF%PDF%PDF%PDF%PDF%PDF%PDF%PDF%PDF%PDF%PDF%PDF%PDF%PDF%PDF%PDF%PDF%PDF%PDF%PDF%PDF%PDF%PDF%PDF%PDF%PDF%PDF%PDF%PDF%PDF%PDF%PDF%PDF%PDF%PDF%PDF%PDF%PDF%PDF%PDF%PDF%PDF%PDF%PDF%PDF%PDF%PDF%PDF%PDF%PDF%PDF%PDF%PDF%PDF%PDF%PDF%PDF%PDF%PDF%PDF%PDF%PDF%PDF%PDF%PDF%PDF%PDF%PDF%PDF%PDF%PDF%PDF%PDF%PDF%PDF%PDF%PDF%PDF%PDF%PDF%PDF%PDF%PDF%PDF%PDF%PDF%PDF%PDF%PDF%PDF%PDF%PDF%PDF%PDF%PDF%PDF%PDF%PDF%PDF%PDF%PDF%PDF%PDF%PDF%PDF%PDF%PDF%PDF%PDF%PDF%PDF%PDF%PDF%PDF%PDF%PDF%PDF%PDF%PDF%PDF%PDF%PDF%PDF%PDF%PDF%PDF%PDF%PDF%PDF%PDF%PDF%PDF%PDF%PDF%PDF%PDF%PDF%PDF%PDF%PDF%PDF%PDF%PDF%PDF%PDF%PDF%PDF%PDF%PDF%PDF%PDF%PDF%PDF%PDF%PDF%PDF%PDF%PDF%PDF%PDF%PDF%PDF%PDF%PDF%PDF%PDF%PDF%PDF%PDF%PDF%PDF%PDF%PDF%PDF%PDF%PDF%PDF%PDF%PDF%PDF%PDF%PDF%PDF%PDF%PDF%PDF%PDF%PDF%PDF%PDF%PDF%PDF%PDF%PDF%PDF%PDF%PDF%PDF%PDF%PDF%PDF%PDF%PDF%PDF%PDF%PDF%PDF%PDF%PDF%PDF%PDF%PDF%PDF%PDF%PDF%PDF%PDF%PDF%PDF%PDF%PDF%PDF%PDF%PDF%PDF%PDF%PDF%PDF%PDF%PDF%PDF%PDF%PDF%PDF%PDF%PDF%PDF%PDF%PDF%PDF%PDF%PDF%PDF%PDF%PDF%PDF%PDF%PDF%PDF%PDF%PDF%PDF%PDF%PDF%PDF%PDF%PDF%PDF%PDF%PDF%PDF%PDF%PDF%PDF%PDF%PDF%PDF%PDF%PDF%PDF%PDF%PDF%PDF%PDF%PDF%PDF%PDF%PDF%PDF%PDF%PDF%PDF%PDF%PDF%PDF%PDF%PDF%PDF%PDF%PDF%PDF%PDF%PDF%PDF%PDF%PDF%PDF%PDF%PDF%PDF%PDF%PDF%PDF%PDF%PDF%PDF%PDF%PDF%PDF%PDF%PDF%PDF%PDF%PDF%PDF%PDF%PDF%PDF%PDF%PDF%PDF%PDF%PDF%PDF%PDF%PDF%PDF%PDF%PDF%PDF%PDF%PDF%PDF%PDF%PDF%PDF%PDF%PDF%PDF%PDF%PDF%PDF%PDF%PDF%PDF%PDF%PDF%PDF%PDF%PDF%PDF%PDF%PDF%PDF%PDF%PDF%PDF%PDF%PDF%PDF%PDF%PDF%PDF%PDF%PDF%PDF%PDF%PDF%PDF%PDF%PDF%PDF%PDF%PDF%PDF%PDF%PDF%PDF%PDF%PDF%PDF%PDF%PDF%PDF%PDF%PDF%PDF%PDF%PDF%PDF%PDF%PDF%PDF%PDF%PDF%PDF%PDF%PDF%PDF%PDF%PDF%PDF%PDF%PDF%PDF%PDF%PDF%PDF%PDF%PDF%PDF%PDF%PDF%PDF%PDF%PDF%PDF%PDF%PDF%PDF%PDF%PDF%PDF%PDF%PDF%PDF%PDF%PDF%PDF%PDF%PDF%PDF%PDF%PDF%PDF%PDF%PDF%PDF%PDF%PDF%PDF%PDF%PDF%PDF%PDF%PDF%PDF%PDF%PDF%PDF%PDF%PDF%PDF%PDF%PDF%PDF%PDF%PDF%PDF%PDF%PDF%PDF%PDF%PDF%PDF%PDF%PDF%PDF%PDF%PDF%PDF%PDF%PDF%PDF%PDF%PDF%PDF%PDF%PDF%PDF%PDF%PDF%PDF%PDF%PDF%PDF%PDF%PDF%PDF%PDF%PDF%PDF%PDF%PDF%PDF%PDF%PDF%PDF%PDF%PDF%PDF%PDF%PDF%PDF%PDF%PDF%PDF%PDF%PDF%PDF%PDF%PDF%PDF%PDF%PDF%PDF%PDF%PDF%PDF%PDF%PDF%PDF%PDF%PDF%PDF%PDF%PDF%PDF%PDF%PDF%PDF%PDF%PDF%PDF%PDF%PDF%PDF%PDF%PDF%PDF%PDF%PDF%PDF%PDF%PDF%PDF%PDF%PDF%PDF%PDF%PDF%PDF%PDF%PDF%PDF%PDF%PDF%PDF%PDF%PDF%PDF%PDF%PDF%PDF%PDF%PDF%PDF%PDF%PDF%PDF%PDF%PDF%PDF%PDF%PDF%PDF%PDF%PDF%PDF%PDF%PDF%PDF%PDF%PDF%PDF%PDF%PDF%PDF%PDF%PDF%PDF%PDF%PDF%PDF%PDF%PDF%PDF%PDF%PDF%PDF%PDF%PDF%PDF%PDF%PDF%PDF%PDF%PDF%PDF%PDF%PDF%PDF%PDF%PDF%PDF%PDF%PDF%PDF%PDF%PDF%PDF%PDF%PDF%PDF%PDF%PDF%PDF%PDF%PDF%PDF%PDF%PDF%PDF%PDF%PDF%PDF%PDF%PDF%PDF%PDF%PDF%PDF%PDF%PDF%PDF%PDF%PDF%PDF%PDF%PDF%PDF%PDF%PDF%PDF%PDF%PDF%PDF%PDF%PDF%PDF%PDF%PDF%PDF%PDF%PDF%PDF%PDF%PDF%PDF%PDF%PDF%PDF%PDF%PDF%PDF%PDF%PDF%PDF%PDF%PDF%PDF%PDF%PDF%PDF%PDF%PDF%PDF%PDF%PDF%PDF%PDF%PDF%PDF%PDF%PDF%PDF%PDF%PDF%PDF%PDF%PDF%PDF%PDF%PDF%PDF%PDF%PDF%PDF%PDF%PDF%PDF%PDF%PDF%PDF%PDF%PDF%PDF%PDF%PDF%PDF%PDF%PDF%PDF%PDF%PDF%PDF%PDF%PDF%PDF%PDF%PDF%PDF%PDF%PDF%PDF%PDF%PDF%PDF%PDF%PDF%PDF%PDF%PDF%PDF%PDF%PDF%PDF%PDF%PDF%PDF%PDF%PDF%PDF%PDF%PDF%PDF%PDF%PDF%PDF%PDF%PDF%PDF%PDF%PDF%PDF%PDF%PDF%PDF%PDF%PDF%PDF%PDF%PDF%PDF%PDF%PDF%PDF%PDF%PDF%PDF%PDF%PDF%PDF%PDF%PDF%PDF%PDF%PDF%PDF%PDF%PDF%PDF%PDF%PDF%PDF%PDF%PDF%PDF%PDF%PDF%PDF%PDF%PDF%PDF%PDF%PDF%PDF%PDF%PDF%PDF%PDF%PDF%PDF%PDF%PDF%PDF%PDF%PDF%PDF%PDF%PDF%PDF%PDF%PDF%PDF%PDF%PDF%PDF%PDF%PDF%PDF%PDF%PDF%PDF%PDF%PDF%PDF%PDF%PDF%PDF%PDF%PDF%PDF%PDF%PDF%PDF%PDF%PDF%PDF%PDF%PDF%PDF%PDF%PDF%PDF%PDF%PDF%PDF%PDF%PDF%PDF%PDF%PDF%PDF%PDF%PDF%PDF%PDF%PDF%PDF%PDF%PDF%PDF%PDF%PDF%PDF%PDF%PDF%PDF%PDF%PDF%PDF%PDF%PDF%PDF%PDF%PDF%PDF%PDF%PDF%PDF%PDF%PDF%PDF%PDF%PDF%PDF%PDF%PDF%PDF%PDF%PDF%PDF%PDF%PDF%PDF%PDF%PDF%PDF%PDF%PDF%PDF%PDF%PDF%PDF%PDF%PDF%PDF%PDF%PDF%PDF%PDF%PDF%PDF%PDF%PDF%PDF%PDF%PDF%PDF%PDF%PDF%PDF%PDF%PDF%PDF%PDF%PDF%PDF%PDF%PDF%PDF%PDF%PDF%PDF%PDF%PDF%PDF%PDF%PDF%PDF%PDF%PDF%PDF%PDF%PDF%PDF%PDF%PDF%PDF%PDF%PDF%PDF%PDF%PDF%PDF%PDF%PDF%PDF%PDF%PDF%PDF%PDF%PDF%PDF%PDF%PDF%PDF%PDF%PDF%PDF%PDF%PDF%PDF%PDF%PDF%PDF%PDF%PDF%PDF%PDF%PDF%PDF%PDF%PDF%PDF%PDF%PDF%PDF%PDF%PDF%PDF%PDF%PDF%PDF%PDF%PDF%PDF%PDF%PDF%PDF%PDF%PDF%PDF%PDF%PDF%PDF%PDF%PDF%PDF%PDF%PDF%PDF%PDF%PDF%PDF%PDF%PDF%PDF%PDF%PDF%PDF%PDF%PDF%PDF%PDF%PDF%PDF%PDF%PDF%PDF%PDF%PDF%PDF%PDF%PDF%PDF%PDF%PDF%PDF%PDF%PDF%PDF%PDF%PDF%PDF%PDF%PDF%PDF%PDF%PDF%PDF%PDF%PDF%PDF%PDF%PDF%PDF%PDF%PDF%PDF%PDF%PDF%PDF%PDF%PDF%PDF%PDF%PDF%PDF%PDF%PDF%PDF%PDF%PDF%PDF%PDF%PDF%PDF%PDF%PDF%PDF%PDF%PDF%PDF%PDF%PDF%PDF%PDF%PDF%PDF%PDF%PDF%PDF%PDF%PDF%PDF%PDF%PDF%PDF%PDF%PDF%PDF%PDF%PDF%PDF%PDF%PDF%PDF%PDF%PDF%PDF%PDF%PDF%PDF%PDF%PDF%PDF%PDF%PDF%PDF%PDF%PDF%PDF%PDF%PDF%PDF%PDF%PDF%PDF%PDF%PDF%PDF%PDF%PDF%PDF%PDF%PDF%PDF%PDF%PDF%PDF%PDF%PDF%PDF%PDF%PDF%PDF%PDF%PDF%PDF%PDF%PDF%PDF%PDF%PDF%PDF%PDF%PDF%PDF%PDF%PDF%PDF%PDF%PDF%PDF%PDF%PDF%PDF%PDF%PDF%PDF%PDF%PDF%PDF%PDF%PDF%PDF%PDF%PDF%PDF%PDF%PDF%PDF%PDF%PDF%PDF%PDF%PDF%PDF%PDF%PDF%PDF%PDF%PDF%PDF%PDF%PDF%PDF%PDF%PDF%PDF%PDF%PDF%PDF%PDF%PDF%PDF%PDF%PDF%PDF%PDF%PDF%PDF%PDF%PDF%PDF%PDF%PDF%PDF%PDF%PDF%PDF%PDF%PDF%PDF%PDF%PDF%PDF%PDF%PDF%PDF%PDF%PDF%PDF%PDF%PDF%PDF%PDF%PDF%PDF%PDF%PDF%PDF%PDF%PDF%PDF%PDF%PDF%PDF%PDF%PDF%PDF%PDF%PDF%PDF%PDF%PDF%PDF%PDF%PDF%PDF%PDF%PDF%PDF%PDF%PDF%PDF%PDF%PDF%PDF%PDF%PDF%PDF%PDF%PDF%PDF%PDF%PDF%PDF%PDF%PDF%PDF%PDF%PDF%PDF%PDF%PDF%PDF%PDF%PDF%PDF%PDF%PDF%PDF%PDF%PDF%PDF%PDF%PDF%PDF%PDF%PDF%PDF%PDF%PDF%PDF%PDF%PDF%PDF%PDF%PDF%PDF%PDF%PDF%PDF%PDF%PDF%PDF%PDF%PDF%PDF%PDF%PDF%PDF%PDF%PDF%PDF%PDF%PDF%PDF%PDF%PDF%PDF%PDF%PDF%PDF%PDF%PDF%PDF%PDF%PDF%PDF%PDF%PDF%PDF%PDF%PDF%PDF%PDF%PDF%PDF%PDF%PDF%PDF%PDF%PDF%PDF%PDF%PDF%PDF%PDF%PDF%PDF%PDF%PDF%PDF%PDF%PDF%PDF%PDF%PDF%PDF%PDF%PDF%PDF%PDF%PDF%PDF%PDF%PDF%PDF%PDF%PDF%PDF%PDF%PDF%PDF%PDF%PDF%PDF%PDF%PDF%PDF%PDF%PDF%PDF%PDF%PDF%PDF%PDF%PDF%PDF%PDF%PDF%PDF%PDF%PDF%PDF%PDF%PDF%PDF%PDF%PDF%PDF%PDF%PDF%PDF%PDF%PDF%PDF%PDF%PDF%PDF%PDF%PDF%PDF%PDF%PDF%PDF%PDF%PDF%PDF%PDF%PDF%PDF%PDF%PDF%PDF%PDF%PDF%PDF%PDF%PDF%PDF%PDF%PDF%PDF%PDF%PDF%PDF%PDF%PDF%PDF%PDF%PDF%PDF%PDF%PDF%PDF%PDF%PDF%PDF%PDF%PDF%PDF%PDF%PDF%PDF%PDF%PDF%PDF%PDF%PDF%PDF%PDF%PDF%PDF%PDF%PDF%PDF%PDF%PDF%PDF%PDF%PDF%PDF%PDF%PDF%PDF%PDF%PDF%PDF%PDF%PDF%PDF%PDF%PDF%PDF%PDF%PDF%PDF%PDF%PDF%PDF%PDF%PDF%PDF%PDF%PDF%PDF%PDF%PDF%PDF%PDF%PDF%PDF%PDF%PDF%PDF%PDF%PDF%PDF%PDF%PDF%PDF%PDF%PDF%PDF%PDF%PDF%PDF%PDF%PDF%PDF%PDF%PDF%PDF%PDF%PDF%PDF%PDF%PDF%PDF%PDF%PDF%PDF%PDF%PDF%PDF%PDF%PDF%PDF%PDF%PDF%PDF%PDF%PDF%PDF%PDF%PDF%PDF%PDF%PDF%PDF%PDF%PDF%PDF%PDF%PDF%PDF%PDF%PDF%PDF%PDF%PDF%PDF%PDF%PDF%PDF%PDF%PDF%PDF%PDF%PDF%PDF%PDF%PDF%PDF%PDF%PDF%PDF%PDF%PDF%PDF%PDF%PDF%PDF%PDF%PDF%PDF%PDF%PDF%PDF%PDF%PDF%PDF%PDF%PDF%PDF%PDF%PDF%PDF%PDF%PDF%PDF%PDF%PDF%PDF%PDF%PDF%PDF%PDF%PDF%PDF%PDF%PDF%PDF%PDF%PDF%PDF%PDF%PDF%PDF%PDF%PDF%PDF%PDF%PDF%PDF%PDF%PDF%PDF%PDF%PDF%PDF%PDF%PDF%PDF%PDF%PDF%PDF%PDF%PDF%PDF%PDF%PDF%PDF%PDF%PDF%PDF%PDF%PDF%PDF%PDF%PDF%PDF%PDF%PDF%PDF%PDF%PDF%PDF%PDF%PDF%PDF%PDF%PDF%PDF%PDF%PDF%PDF%PDF%PDF%PDF%PDF%PDF%PDF%PDF%PDF%PDF%PDF%PDF%PDF%PDF%PDF%PDF%PDF%PDF%PDF%PDF%PDF%PDF%PDF%PDF%PDF%PDF%PDF%PDF%PDF%PDF%PDF%PDF%PDF%PDF%PDF%PDF%PDF%PDF%PDF%PDF%PDF%PDF%PDF%PDF%PDF%PDF%PDF%PDF%PDF%PDF%PDF%PDF%PDF%PDF%PDF%PDF%PDF%PDF%PDF%PDF%PDF%PDF%PDF%PDF%PDF%PDF%PDF%PDF%PDF%PDF%PDF%PDF%PDF%PDF%PDF%PDF%PDF%PDF%PDF%PDF%PDF%PDF%PDF%PDF%PDF%PDF%PDF%PDF%PDF%PDF%PDF%PDF%PDF%PDF%PDF%PDF%PDF%PDF%PDF%PDF%PDF%PDF%PDF%PDF%PDF%PDF%PDF%PDF%PDF%PDF%PDF%PDF%PDF%PDF%PDF%PDF%PDF%PDF%PDF%PDF%PDF%PDF%PDF%PDF%PDF%PDF%PDF%PDF%PDF%PDF%PDF%PDF%PDF%PDF%PDF%PDF%PDF%PDF%PDF%PDF%PDF%PDF%PDF%PDF%PDF%PDF%PDF%PDF%PDF%PDF%PDF%PDF%PDF%PDF%PDF%PDF%PDF%PDF%PDF%PDF%PDF%PDF%PDF%PDF%PDF%PDF%PDF%PDF%PDF%PDF%PDF%PDF%PDF%PDF%PDF%PDF%PDF%PDF%PDF%PDF%PDF%PDF%PDF%PDF%PDF%PDF%PDF%PDF%PDF%PDF%PDF%PDF%PDF%PDF%PDF%PDF%PDF%PDF%PDF%PDF%PDF%PDF%PDF%PDF%PDF%PDF%PDF%PDF%PDF%PDF%PDF%PDF%PDF%PDF%PDF%PDF%PDF%PDF%PDF%PDF%PDF%PDF%PDF%PDF%PDF%PDF%PDF%PDF%PDF%PDF%PDF%PDF%PDF%PDF%PDF%PDF%PDF%PDF%PDF%PDF%PDF%PDF%PDF%PDF%PDF%PDF%PDF%PDF%PDF%PDF%PDF%PDF%PDF%PDF%PDF%PDF%PDF%PDF%PDF%PDF%PDF%PDF%PDF%PDF%PDF%PDF%PDF%PDF%PDF%PDF%PDF%PDF%PDF%PDF%PDF%PDF%PDF%PDF%PDF%PDF%PDF%PDF%PDF%PDF%PDF%PDF%PDF%PDF%PDF%PDF%PDF%PDF%PDF%PDF%PDF%PDF%PDF%PDF%PDF%PDF%PDF%PDF%PDF%PDF%PDF%PDF%PDF%PDF%PDF%PDF%PDF%PDF%PDF%PDF%PDF%PDF%PDF%PDF%PDF%PDF%PDF%PDF%PDF%PDF%PDF%PDF%PDF%PDF%PDF%PDF%PDF%PDF%PDF%PDF%PDF%PDF%PDF%PDF%PDF%PDF%PDF%PDF%PDF%PDF%PDF%PDF%PDF%PDF%PDF%PDF%PDF%PDF%PDF%PDF%PDF%PDF%PDF%PDF%PDF%PDF%PDF%PDF%PDF%PDF%PDF%PDF%PDF%PDF%PDF%PDF%PDF%PDF%PDF%PDF%PDF%PDF%PDF%PDF%PDF%PDF%PDF%PDF%PDF%PDF%PDF%PDF%PDF%PDF%PDF%PDF%PDF%PDF%PDF%PDF%PDF%PDF%PDF%PDF%PDF%PDF%PDF%PDF%PDF%PDF%PDF%PDF%PDF%PDF%PDF%PDF%PDF%PDF%PDF%PDF%PDF%PDF%PDF%PDF%PDF%PDF%PDF%PDF%PDF%PDF%PDF%PDF%PDF%PDF%PDF%PDF%PDF%PDF%PDF%PDF%PDF%PDF%PDF%PDF%PDF%PDF%PDF%PDF%PDF%PDF%PDF%PDF%PDF%PDF%PDF%PDF%PDF%PDF%PDF%PDF%PDF%PDF%PDF%PDF%PDF%PDF%PDF%PDF%PDF%PDF%PDF%PDF%PDF%PDF%PDF%PDF%PDF%PDF%PDF%PDF%PDF%PDF%PDF%PDF%PDF%PDF%PDF%PDF%PDF%PDF%PDF%PDF%PDF%PDF%PDF%PDF%PDF%PDF%PDF%PDF%PDF%PDF%PDF%PDF%PDF%PDF%PDF%PDF%PDF%PDF%PDF%PDF%PDF%PDF%PDF%PDF%PDF%PDF%PDF%PDF%PDF%PDF%PDF%PDF%PDF%PDF%PDF%PDF%PDF%PDF%PDF%PDF%PDF%PDF%PDF%PDF%PDF%PDF%PDF%PDF%PDF%PDF%PDF%PDF%PDF%PDF%PDF%PDF%PDF%PDF%PDF%PDF%PDF%PDF%PDF%PDF%PDF%PDF%PDF%PDF%PDF%PDF%PDF%PDF%PDF%PDF%PDF%PDF%PDF%PDF%PDF%PDF%PDF%PDF%PDF%PDF%PDF%PDF%PDF%PDF%PDF%PDF%PDF%PDF%PDF%PDF%PDF%PDF%PDF%PDF%PDF%PDF%PDF%PDF%PDF%PDF%PDF%PDF%PDF%PDF%PDF%PDF%PDF%PDF%PDF%PDF%PDF%PDF%PDF%PDF%PDF%PDF%PDF%PDF%PDF%PDF%PDF%PDF%PDF%PDF%PDF%PDF%PDF%PDF%PDF%PDF%PDF%PDF%PDF%PDF%PDF%PDF%PDF%PDF%PDF%PDF%PDF%PDF%PDF%PDF%PDF%PDF%PDF%PDF%PDF%PDF%PDF%PDF%PDF%PDF%PDF%PDF%PDF%PDF%PDF%PDF%PDF%PDF%PDF%PDF%PDF%PDF%PDF%PDF%PDF%PDF%PDF%PDF%PDF%PDF%PDF%PDF%PDF%PDF%PDF%PDF%PDF%PDF%PDF%PDF%PDF%PDF%PDF%PDF%PDF%PDF%PDF%PDF%PDF%PDF%PDF%PDF%PDF%PDF%PDF%PDF%PDF%PDF%PDF%PDF%PDF%PDF%PDF%PDF%PDF%PDF%PDF%PDF%PDF%PDF%PDF%PDF%PDF%PDF%PDF%PDF%PDF%PDF%PDF%PDF%PDF%PDF%PDF%PDF%PDF%PDF%PDF%PDF%PDF%PDF%PDF%PDF%PDF%PDF%PDF%PDF%PDF%PDF%PDF%PDF%PDF%PDF%PDF%PDF%PDF%PDF%PDF%PDF%PDF%PDF%PDF%PDF%PDF%PDF%PDF%PDF%PDF%PDF%PDF%PDF%PDF%PDF%PDF%PDF%PDF%PDF%PDF%PDF%PDF%PDF%PDF%PDF%PDF%PDF%PDF%PDF%PDF%PDF%PDF%PDF%PDF%PDF%PDF%PDF%PDF%PDF%PDF%PDF%PDF%PDF%PDF%PDF%PDF%PDF%PDF%PDF%PDF%PDF%PDF%PDF%PDF%PDF%PDF%PDF%PDF%PDF%PDF%PDF%PDF%PDF%PDF%PDF%PDF%PDF%PDF%PDF%PDF%PDF%PDF%PDF%PDF%PDF-
Unknown file type
]]></system-out>
  <system-err><![CDATA[]]></system-err>
</testsuite>
